[0.033s] Invoking command in '/home/rogier/SenseGlove_ROS/ros_workspace/build/senseglove_shared_resources': /usr/bin/cmake --build /home/rogier/SenseGlove_ROS/ros_workspace/build/senseglove_shared_resources -- -j8 -l8
[0.122s] [  0%] Built target control_msgs_generate_messages_eus
[0.122s] [  0%] Built target std_msgs_generate_messages_eus
[0.122s] [  0%] Built target control_msgs_generate_messages_py
[0.123s] [  0%] Built target actionlib_msgs_generate_messages_py
[0.125s] [  0%] Built target actionlib_msgs_generate_messages_eus
[0.126s] [  0%] Built target std_msgs_generate_messages_py
[0.127s] [  0%] Built target trajectory_msgs_generate_messages_eus
[0.171s] [  0%] Built target actionlib_msgs_generate_messages_nodejs
[0.178s] [  0%] Built target trajectory_msgs_generate_messages_lisp
[0.180s] [  0%] Built target trajectory_msgs_generate_messages_py
[0.181s] [  0%] Built target trajectory_msgs_generate_messages_nodejs
[0.184s] [  0%] Built target std_msgs_generate_messages_nodejs
[0.191s] [  0%] Built target std_msgs_generate_messages_lisp
[0.198s] [  0%] Built target control_msgs_generate_messages_nodejs
[0.208s] [  0%] Built target _senseglove_shared_resources_generate_messages_check_deps_senseglove
[0.236s] [  0%] Built target actionlib_msgs_generate_messages_lisp
[0.245s] [  0%] Built target control_msgs_generate_messages_lisp
[0.253s] [  0%] Built target actionlib_msgs_generate_messages_cpp
[0.259s] [  0%] Built target control_msgs_generate_messages_cpp
[0.262s] [ 28%] Built target senseglove_shared_resources_generate_messages_eus
[0.267s] [ 28%] Built target trajectory_msgs_generate_messages_cpp
[0.271s] [ 28%] Built target std_msgs_generate_messages_cpp
[0.276s] [ 57%] Built target senseglove_shared_resources_generate_messages_py
[0.281s] [ 71%] Built target senseglove_shared_resources_generate_messages_nodejs
[0.295s] [ 85%] Built target senseglove_shared_resources_generate_messages_lisp
[0.308s] [100%] Built target senseglove_shared_resources_generate_messages_cpp
[0.331s] [100%] Built target senseglove_shared_resources_generate_messages
[0.346s] Invoked command in '/home/rogier/SenseGlove_ROS/ros_workspace/build/senseglove_shared_resources' returned '0': /usr/bin/cmake --build /home/rogier/SenseGlove_ROS/ros_workspace/build/senseglove_shared_resources -- -j8 -l8
[0.420s] Invoking command in '/home/rogier/SenseGlove_ROS/ros_workspace/build/senseglove_shared_resources': /usr/bin/cmake --build /home/rogier/SenseGlove_ROS/ros_workspace/build/senseglove_shared_resources --target tests -- -j8 -l8
[0.496s] Built target tests
[0.511s] Invoked command in '/home/rogier/SenseGlove_ROS/ros_workspace/build/senseglove_shared_resources' returned '0': /usr/bin/cmake --build /home/rogier/SenseGlove_ROS/ros_workspace/build/senseglove_shared_resources --target tests -- -j8 -l8
[0.583s] Invoking command in '/home/rogier/SenseGlove_ROS/ros_workspace/build/senseglove_shared_resources': /usr/bin/cmake --build /home/rogier/SenseGlove_ROS/ros_workspace/build/senseglove_shared_resources --target install -- -j8 -l8
[0.658s] [  0%] Built target actionlib_msgs_generate_messages_py
[0.662s] [  0%] Built target trajectory_msgs_generate_messages_eus
[0.667s] [  0%] Built target actionlib_msgs_generate_messages_eus
[0.678s] [  0%] Built target control_msgs_generate_messages_eus
[0.678s] [  0%] Built target std_msgs_generate_messages_eus
[0.685s] [  0%] Built target std_msgs_generate_messages_py
[0.686s] [  0%] Built target control_msgs_generate_messages_py
[0.721s] [  0%] Built target trajectory_msgs_generate_messages_py
[0.722s] [  0%] Built target std_msgs_generate_messages_nodejs
[0.728s] [  0%] Built target control_msgs_generate_messages_nodejs
[0.729s] [  0%] Built target actionlib_msgs_generate_messages_nodejs
[0.736s] [  0%] Built target _senseglove_shared_resources_generate_messages_check_deps_senseglove
[0.738s] [  0%] Built target trajectory_msgs_generate_messages_nodejs
[0.743s] [  0%] Built target std_msgs_generate_messages_lisp
[0.753s] [  0%] Built target trajectory_msgs_generate_messages_lisp
[0.769s] [  0%] Built target actionlib_msgs_generate_messages_lisp
[0.787s] [ 28%] Built target senseglove_shared_resources_generate_messages_eus
[0.788s] [ 28%] Built target trajectory_msgs_generate_messages_cpp
[0.788s] [ 28%] Built target control_msgs_generate_messages_lisp
[0.788s] [ 28%] Built target std_msgs_generate_messages_cpp
[0.798s] [ 28%] Built target actionlib_msgs_generate_messages_cpp
[0.807s] [ 28%] Built target control_msgs_generate_messages_cpp
[0.815s] [ 57%] Built target senseglove_shared_resources_generate_messages_py
[0.817s] [ 71%] Built target senseglove_shared_resources_generate_messages_nodejs
[0.833s] [ 85%] Built target senseglove_shared_resources_generate_messages_cpp
[0.834s] [100%] Built target senseglove_shared_resources_generate_messages_lisp
[0.858s] [100%] Built target senseglove_shared_resources_generate_messages
[0.881s] [36mInstall the project...[0m
[0.892s] -- Install configuration: ""
[0.892s] -- Up-to-date: /home/rogier/SenseGlove_ROS/ros_workspace/install/senseglove_shared_resources/share/senseglove_shared_resources/msg/senseglove.msg
[0.892s] -- Up-to-date: /home/rogier/SenseGlove_ROS/ros_workspace/install/senseglove_shared_resources/share/senseglove_shared_resources/cmake/senseglove_shared_resources-msg-paths.cmake
[0.892s] -- Up-to-date: /home/rogier/SenseGlove_ROS/ros_workspace/install/senseglove_shared_resources/include/senseglove_shared_resources
[0.892s] -- Up-to-date: /home/rogier/SenseGlove_ROS/ros_workspace/install/senseglove_shared_resources/include/senseglove_shared_resources/senseglove.h
[0.892s] -- Up-to-date: /home/rogier/SenseGlove_ROS/ros_workspace/install/senseglove_shared_resources/share/roseus/ros/senseglove_shared_resources
[0.892s] -- Up-to-date: /home/rogier/SenseGlove_ROS/ros_workspace/install/senseglove_shared_resources/share/roseus/ros/senseglove_shared_resources/msg
[0.893s] -- Up-to-date: /home/rogier/SenseGlove_ROS/ros_workspace/install/senseglove_shared_resources/share/roseus/ros/senseglove_shared_resources/msg/senseglove.l
[0.893s] -- Up-to-date: /home/rogier/SenseGlove_ROS/ros_workspace/install/senseglove_shared_resources/share/roseus/ros/senseglove_shared_resources/manifest.l
[0.893s] -- Up-to-date: /home/rogier/SenseGlove_ROS/ros_workspace/install/senseglove_shared_resources/share/common-lisp/ros/senseglove_shared_resources
[0.893s] -- Up-to-date: /home/rogier/SenseGlove_ROS/ros_workspace/install/senseglove_shared_resources/share/common-lisp/ros/senseglove_shared_resources/msg
[0.893s] -- Up-to-date: /home/rogier/SenseGlove_ROS/ros_workspace/install/senseglove_shared_resources/share/common-lisp/ros/senseglove_shared_resources/msg/_package.lisp
[0.893s] -- Up-to-date: /home/rogier/SenseGlove_ROS/ros_workspace/install/senseglove_shared_resources/share/common-lisp/ros/senseglove_shared_resources/msg/senseglove_shared_resources-msg.asd
[0.893s] -- Up-to-date: /home/rogier/SenseGlove_ROS/ros_workspace/install/senseglove_shared_resources/share/common-lisp/ros/senseglove_shared_resources/msg/_package_senseglove.lisp
[0.893s] -- Up-to-date: /home/rogier/SenseGlove_ROS/ros_workspace/install/senseglove_shared_resources/share/common-lisp/ros/senseglove_shared_resources/msg/senseglove.lisp
[0.893s] -- Up-to-date: /home/rogier/SenseGlove_ROS/ros_workspace/install/senseglove_shared_resources/share/gennodejs/ros/senseglove_shared_resources
[0.893s] -- Up-to-date: /home/rogier/SenseGlove_ROS/ros_workspace/install/senseglove_shared_resources/share/gennodejs/ros/senseglove_shared_resources/msg
[0.893s] -- Up-to-date: /home/rogier/SenseGlove_ROS/ros_workspace/install/senseglove_shared_resources/share/gennodejs/ros/senseglove_shared_resources/msg/_index.js
[0.893s] -- Up-to-date: /home/rogier/SenseGlove_ROS/ros_workspace/install/senseglove_shared_resources/share/gennodejs/ros/senseglove_shared_resources/msg/senseglove.js
[0.894s] -- Up-to-date: /home/rogier/SenseGlove_ROS/ros_workspace/install/senseglove_shared_resources/share/gennodejs/ros/senseglove_shared_resources/_index.js
[0.915s] Listing /home/rogier/SenseGlove_ROS/ros_workspace/build/senseglove_shared_resources/devel/lib/python2.7/dist-packages/senseglove_shared_resources ...
[0.915s] Listing /home/rogier/SenseGlove_ROS/ros_workspace/build/senseglove_shared_resources/devel/lib/python2.7/dist-packages/senseglove_shared_resources/msg ...
[0.916s] -- Up-to-date: /home/rogier/SenseGlove_ROS/ros_workspace/install/senseglove_shared_resources/lib/python2.7/dist-packages/senseglove_shared_resources
[0.917s] -- Up-to-date: /home/rogier/SenseGlove_ROS/ros_workspace/install/senseglove_shared_resources/lib/python2.7/dist-packages/senseglove_shared_resources/__init__.pyc
[0.917s] -- Up-to-date: /home/rogier/SenseGlove_ROS/ros_workspace/install/senseglove_shared_resources/lib/python2.7/dist-packages/senseglove_shared_resources/msg
[0.917s] -- Up-to-date: /home/rogier/SenseGlove_ROS/ros_workspace/install/senseglove_shared_resources/lib/python2.7/dist-packages/senseglove_shared_resources/msg/__init__.pyc
[0.917s] -- Up-to-date: /home/rogier/SenseGlove_ROS/ros_workspace/install/senseglove_shared_resources/lib/python2.7/dist-packages/senseglove_shared_resources/msg/__init__.py
[0.917s] -- Up-to-date: /home/rogier/SenseGlove_ROS/ros_workspace/install/senseglove_shared_resources/lib/python2.7/dist-packages/senseglove_shared_resources/msg/_senseglove.pyc
[0.917s] -- Up-to-date: /home/rogier/SenseGlove_ROS/ros_workspace/install/senseglove_shared_resources/lib/python2.7/dist-packages/senseglove_shared_resources/msg/_senseglove.py
[0.917s] -- Up-to-date: /home/rogier/SenseGlove_ROS/ros_workspace/install/senseglove_shared_resources/lib/python2.7/dist-packages/senseglove_shared_resources/__init__.py
[0.917s] -- Up-to-date: /home/rogier/SenseGlove_ROS/ros_workspace/install/senseglove_shared_resources/lib/pkgconfig/senseglove_shared_resources.pc
[0.918s] -- Up-to-date: /home/rogier/SenseGlove_ROS/ros_workspace/install/senseglove_shared_resources/share/senseglove_shared_resources/cmake/senseglove_shared_resources-msg-extras.cmake
[0.918s] -- Up-to-date: /home/rogier/SenseGlove_ROS/ros_workspace/install/senseglove_shared_resources/share/senseglove_shared_resources/cmake/senseglove_shared_resourcesConfig.cmake
[0.918s] -- Up-to-date: /home/rogier/SenseGlove_ROS/ros_workspace/install/senseglove_shared_resources/share/senseglove_shared_resources/cmake/senseglove_shared_resourcesConfig-version.cmake
[0.918s] -- Up-to-date: /home/rogier/SenseGlove_ROS/ros_workspace/install/senseglove_shared_resources/share/senseglove_shared_resources/package.xml
[0.923s] Invoked command in '/home/rogier/SenseGlove_ROS/ros_workspace/build/senseglove_shared_resources' returned '0': /usr/bin/cmake --build /home/rogier/SenseGlove_ROS/ros_workspace/build/senseglove_shared_resources --target install -- -j8 -l8
