[0.027s] Invoking command in '/home/rogier/SenseGlove_ROS/ros_workspace/build/senseglove_shared_resources': /usr/bin/cmake --build /home/rogier/SenseGlove_ROS/ros_workspace/build/senseglove_shared_resources -- -j8 -l8
[0.100s] [  0%] Built target actionlib_msgs_generate_messages_py
[0.103s] [  0%] Built target std_msgs_generate_messages_py
[0.106s] [  0%] Built target control_msgs_generate_messages_eus
[0.108s] [  0%] Built target actionlib_msgs_generate_messages_eus
[0.118s] [  0%] Built target control_msgs_generate_messages_py
[0.119s] [  0%] Built target trajectory_msgs_generate_messages_eus
[0.122s] [  0%] Built target std_msgs_generate_messages_eus
[0.137s] [  0%] Built target trajectory_msgs_generate_messages_py
[0.148s] [  0%] Built target std_msgs_generate_messages_nodejs
[0.158s] [  0%] Built target trajectory_msgs_generate_messages_nodejs
[0.158s] [  0%] Built target trajectory_msgs_generate_messages_lisp
[0.160s] [  0%] Built target control_msgs_generate_messages_nodejs
[0.167s] [  0%] Built target std_msgs_generate_messages_lisp
[0.167s] [  0%] Built target _senseglove_shared_resources_generate_messages_check_deps_senseglove
[0.173s] [  0%] Built target actionlib_msgs_generate_messages_nodejs
[0.192s] [  0%] Built target actionlib_msgs_generate_messages_lisp
[0.195s] [  0%] Built target control_msgs_generate_messages_lisp
[0.203s] [  0%] Built target control_msgs_generate_messages_cpp
[0.206s] [  0%] Built target std_msgs_generate_messages_cpp
[0.208s] [ 14%] Built target actionlib_msgs_generate_messages_cpp
[0.209s] [ 28%] Built target senseglove_shared_resources_generate_messages_eus
[0.214s] [ 28%] Built target trajectory_msgs_generate_messages_cpp
[0.217s] [ 57%] Built target senseglove_shared_resources_generate_messages_py
[0.230s] [ 71%] Built target senseglove_shared_resources_generate_messages_lisp
[0.233s] [ 85%] Built target senseglove_shared_resources_generate_messages_nodejs
[0.242s] [100%] Built target senseglove_shared_resources_generate_messages_cpp
[0.267s] [100%] Built target senseglove_shared_resources_generate_messages
[0.280s] Invoked command in '/home/rogier/SenseGlove_ROS/ros_workspace/build/senseglove_shared_resources' returned '0': /usr/bin/cmake --build /home/rogier/SenseGlove_ROS/ros_workspace/build/senseglove_shared_resources -- -j8 -l8
[0.340s] Invoking command in '/home/rogier/SenseGlove_ROS/ros_workspace/build/senseglove_shared_resources': /usr/bin/cmake --build /home/rogier/SenseGlove_ROS/ros_workspace/build/senseglove_shared_resources --target tests -- -j8 -l8
[0.421s] Built target tests
[0.437s] Invoked command in '/home/rogier/SenseGlove_ROS/ros_workspace/build/senseglove_shared_resources' returned '0': /usr/bin/cmake --build /home/rogier/SenseGlove_ROS/ros_workspace/build/senseglove_shared_resources --target tests -- -j8 -l8
[0.524s] Invoking command in '/home/rogier/SenseGlove_ROS/ros_workspace/build/senseglove_shared_resources': /usr/bin/cmake --build /home/rogier/SenseGlove_ROS/ros_workspace/build/senseglove_shared_resources --target install -- -j8 -l8
[0.598s] [  0%] Built target trajectory_msgs_generate_messages_eus
[0.598s] [  0%] Built target control_msgs_generate_messages_eus
[0.600s] [  0%] Built target std_msgs_generate_messages_py
[0.603s] [  0%] Built target actionlib_msgs_generate_messages_eus
[0.606s] [  0%] Built target std_msgs_generate_messages_eus
[0.608s] [  0%] Built target control_msgs_generate_messages_py
[0.618s] [  0%] Built target actionlib_msgs_generate_messages_py
[0.637s] [  0%] Built target std_msgs_generate_messages_nodejs
[0.642s] [  0%] Built target actionlib_msgs_generate_messages_nodejs
[0.649s] [  0%] Built target trajectory_msgs_generate_messages_py
[0.653s] [  0%] Built target _senseglove_shared_resources_generate_messages_check_deps_senseglove
[0.654s] [  0%] Built target trajectory_msgs_generate_messages_nodejs
[0.654s] [  0%] Built target trajectory_msgs_generate_messages_lisp
[0.658s] [  0%] Built target control_msgs_generate_messages_nodejs
[0.666s] [  0%] Built target std_msgs_generate_messages_lisp
[0.688s] [  0%] Built target actionlib_msgs_generate_messages_lisp
[0.690s] [  0%] Built target control_msgs_generate_messages_cpp
[0.693s] [  0%] Built target actionlib_msgs_generate_messages_cpp
[0.693s] [  0%] Built target control_msgs_generate_messages_lisp
[0.699s] [  0%] Built target trajectory_msgs_generate_messages_cpp
[0.707s] [ 28%] Built target senseglove_shared_resources_generate_messages_eus
[0.707s] [ 28%] Built target std_msgs_generate_messages_cpp
[0.711s] [ 57%] Built target senseglove_shared_resources_generate_messages_py
[0.723s] [ 71%] Built target senseglove_shared_resources_generate_messages_nodejs
[0.729s] [ 85%] Built target senseglove_shared_resources_generate_messages_lisp
[0.733s] [100%] Built target senseglove_shared_resources_generate_messages_cpp
[0.755s] [100%] Built target senseglove_shared_resources_generate_messages
[0.778s] [36mInstall the project...[0m
[0.789s] -- Install configuration: ""
[0.789s] -- Up-to-date: /home/rogier/SenseGlove_ROS/ros_workspace/install/senseglove_shared_resources/share/senseglove_shared_resources/msg/senseglove.msg
[0.789s] -- Up-to-date: /home/rogier/SenseGlove_ROS/ros_workspace/install/senseglove_shared_resources/share/senseglove_shared_resources/cmake/senseglove_shared_resources-msg-paths.cmake
[0.789s] -- Up-to-date: /home/rogier/SenseGlove_ROS/ros_workspace/install/senseglove_shared_resources/include/senseglove_shared_resources
[0.789s] -- Up-to-date: /home/rogier/SenseGlove_ROS/ros_workspace/install/senseglove_shared_resources/include/senseglove_shared_resources/senseglove.h
[0.789s] -- Up-to-date: /home/rogier/SenseGlove_ROS/ros_workspace/install/senseglove_shared_resources/share/roseus/ros/senseglove_shared_resources
[0.789s] -- Up-to-date: /home/rogier/SenseGlove_ROS/ros_workspace/install/senseglove_shared_resources/share/roseus/ros/senseglove_shared_resources/msg
[0.790s] -- Up-to-date: /home/rogier/SenseGlove_ROS/ros_workspace/install/senseglove_shared_resources/share/roseus/ros/senseglove_shared_resources/msg/senseglove.l
[0.790s] -- Up-to-date: /home/rogier/SenseGlove_ROS/ros_workspace/install/senseglove_shared_resources/share/roseus/ros/senseglove_shared_resources/manifest.l
[0.790s] -- Up-to-date: /home/rogier/SenseGlove_ROS/ros_workspace/install/senseglove_shared_resources/share/common-lisp/ros/senseglove_shared_resources
[0.790s] -- Up-to-date: /home/rogier/SenseGlove_ROS/ros_workspace/install/senseglove_shared_resources/share/common-lisp/ros/senseglove_shared_resources/msg
[0.790s] -- Up-to-date: /home/rogier/SenseGlove_ROS/ros_workspace/install/senseglove_shared_resources/share/common-lisp/ros/senseglove_shared_resources/msg/_package.lisp
[0.790s] -- Up-to-date: /home/rogier/SenseGlove_ROS/ros_workspace/install/senseglove_shared_resources/share/common-lisp/ros/senseglove_shared_resources/msg/senseglove_shared_resources-msg.asd
[0.790s] -- Up-to-date: /home/rogier/SenseGlove_ROS/ros_workspace/install/senseglove_shared_resources/share/common-lisp/ros/senseglove_shared_resources/msg/_package_senseglove.lisp
[0.790s] -- Up-to-date: /home/rogier/SenseGlove_ROS/ros_workspace/install/senseglove_shared_resources/share/common-lisp/ros/senseglove_shared_resources/msg/senseglove.lisp
[0.790s] -- Up-to-date: /home/rogier/SenseGlove_ROS/ros_workspace/install/senseglove_shared_resources/share/gennodejs/ros/senseglove_shared_resources
[0.791s] -- Up-to-date: /home/rogier/SenseGlove_ROS/ros_workspace/install/senseglove_shared_resources/share/gennodejs/ros/senseglove_shared_resources/msg
[0.791s] -- Up-to-date: /home/rogier/SenseGlove_ROS/ros_workspace/install/senseglove_shared_resources/share/gennodejs/ros/senseglove_shared_resources/msg/_index.js
[0.791s] -- Up-to-date: /home/rogier/SenseGlove_ROS/ros_workspace/install/senseglove_shared_resources/share/gennodejs/ros/senseglove_shared_resources/msg/senseglove.js
[0.791s] -- Up-to-date: /home/rogier/SenseGlove_ROS/ros_workspace/install/senseglove_shared_resources/share/gennodejs/ros/senseglove_shared_resources/_index.js
[0.812s] Listing /home/rogier/SenseGlove_ROS/ros_workspace/build/senseglove_shared_resources/devel/lib/python2.7/dist-packages/senseglove_shared_resources ...
[0.812s] Listing /home/rogier/SenseGlove_ROS/ros_workspace/build/senseglove_shared_resources/devel/lib/python2.7/dist-packages/senseglove_shared_resources/msg ...
[0.813s] -- Up-to-date: /home/rogier/SenseGlove_ROS/ros_workspace/install/senseglove_shared_resources/lib/python2.7/dist-packages/senseglove_shared_resources
[0.813s] -- Up-to-date: /home/rogier/SenseGlove_ROS/ros_workspace/install/senseglove_shared_resources/lib/python2.7/dist-packages/senseglove_shared_resources/__init__.pyc
[0.814s] -- Up-to-date: /home/rogier/SenseGlove_ROS/ros_workspace/install/senseglove_shared_resources/lib/python2.7/dist-packages/senseglove_shared_resources/msg
[0.814s] -- Up-to-date: /home/rogier/SenseGlove_ROS/ros_workspace/install/senseglove_shared_resources/lib/python2.7/dist-packages/senseglove_shared_resources/msg/__init__.pyc
[0.814s] -- Up-to-date: /home/rogier/SenseGlove_ROS/ros_workspace/install/senseglove_shared_resources/lib/python2.7/dist-packages/senseglove_shared_resources/msg/__init__.py
[0.814s] -- Up-to-date: /home/rogier/SenseGlove_ROS/ros_workspace/install/senseglove_shared_resources/lib/python2.7/dist-packages/senseglove_shared_resources/msg/_senseglove.pyc
[0.814s] -- Up-to-date: /home/rogier/SenseGlove_ROS/ros_workspace/install/senseglove_shared_resources/lib/python2.7/dist-packages/senseglove_shared_resources/msg/_senseglove.py
[0.815s] -- Up-to-date: /home/rogier/SenseGlove_ROS/ros_workspace/install/senseglove_shared_resources/lib/python2.7/dist-packages/senseglove_shared_resources/__init__.py
[0.815s] -- Up-to-date: /home/rogier/SenseGlove_ROS/ros_workspace/install/senseglove_shared_resources/lib/pkgconfig/senseglove_shared_resources.pc
[0.815s] -- Up-to-date: /home/rogier/SenseGlove_ROS/ros_workspace/install/senseglove_shared_resources/share/senseglove_shared_resources/cmake/senseglove_shared_resources-msg-extras.cmake
[0.815s] -- Up-to-date: /home/rogier/SenseGlove_ROS/ros_workspace/install/senseglove_shared_resources/share/senseglove_shared_resources/cmake/senseglove_shared_resourcesConfig.cmake
[0.815s] -- Up-to-date: /home/rogier/SenseGlove_ROS/ros_workspace/install/senseglove_shared_resources/share/senseglove_shared_resources/cmake/senseglove_shared_resourcesConfig-version.cmake
[0.815s] -- Up-to-date: /home/rogier/SenseGlove_ROS/ros_workspace/install/senseglove_shared_resources/share/senseglove_shared_resources/package.xml
[0.818s] Invoked command in '/home/rogier/SenseGlove_ROS/ros_workspace/build/senseglove_shared_resources' returned '0': /usr/bin/cmake --build /home/rogier/SenseGlove_ROS/ros_workspace/build/senseglove_shared_resources --target install -- -j8 -l8
