[0.031s] Invoking command in '/home/rogier/SenseGlove_ROS/ros_workspace/build/senseglove_shared_resources': /usr/bin/cmake --build /home/rogier/SenseGlove_ROS/ros_workspace/build/senseglove_shared_resources -- -j8 -l8
[0.118s] [  0%] Built target actionlib_msgs_generate_messages_eus
[0.129s] [  0%] Built target trajectory_msgs_generate_messages_eus
[0.131s] [  0%] Built target actionlib_msgs_generate_messages_py
[0.134s] [  0%] Built target std_msgs_generate_messages_eus
[0.136s] [  0%] Built target std_msgs_generate_messages_py
[0.142s] [  0%] Built target control_msgs_generate_messages_py
[0.145s] [  0%] Built target control_msgs_generate_messages_eus
[0.156s] [  0%] Built target trajectory_msgs_generate_messages_py
[0.181s] [  0%] Built target _senseglove_shared_resources_generate_messages_check_deps_senseglove
[0.182s] [  0%] Built target actionlib_msgs_generate_messages_nodejs
[0.184s] [  0%] Built target trajectory_msgs_generate_messages_nodejs
[0.196s] [  0%] Built target std_msgs_generate_messages_nodejs
[0.200s] [  0%] Built target std_msgs_generate_messages_lisp
[0.202s] [  0%] Built target control_msgs_generate_messages_nodejs
[0.219s] [  0%] Built target actionlib_msgs_generate_messages_lisp
[0.229s] [  0%] Built target actionlib_msgs_generate_messages_cpp
[0.232s] [  0%] Built target trajectory_msgs_generate_messages_lisp
[0.241s] [  0%] Built target control_msgs_generate_messages_lisp
[0.247s] [  0%] Built target std_msgs_generate_messages_cpp
[0.249s] [  0%] Built target trajectory_msgs_generate_messages_cpp
[0.252s] [  0%] Built target control_msgs_generate_messages_cpp
[0.262s] [ 28%] Built target senseglove_shared_resources_generate_messages_eus
[0.265s] [ 57%] Built target senseglove_shared_resources_generate_messages_py
[0.273s] [ 71%] Built target senseglove_shared_resources_generate_messages_nodejs
[0.277s] [ 85%] Built target senseglove_shared_resources_generate_messages_lisp
[0.286s] [100%] Built target senseglove_shared_resources_generate_messages_cpp
[0.320s] [100%] Built target senseglove_shared_resources_generate_messages
[0.333s] Invoked command in '/home/rogier/SenseGlove_ROS/ros_workspace/build/senseglove_shared_resources' returned '0': /usr/bin/cmake --build /home/rogier/SenseGlove_ROS/ros_workspace/build/senseglove_shared_resources -- -j8 -l8
[0.404s] Invoking command in '/home/rogier/SenseGlove_ROS/ros_workspace/build/senseglove_shared_resources': /usr/bin/cmake --build /home/rogier/SenseGlove_ROS/ros_workspace/build/senseglove_shared_resources --target tests -- -j8 -l8
[0.485s] Built target tests
[0.503s] Invoked command in '/home/rogier/SenseGlove_ROS/ros_workspace/build/senseglove_shared_resources' returned '0': /usr/bin/cmake --build /home/rogier/SenseGlove_ROS/ros_workspace/build/senseglove_shared_resources --target tests -- -j8 -l8
[0.606s] Invoking command in '/home/rogier/SenseGlove_ROS/ros_workspace/build/senseglove_shared_resources': /usr/bin/cmake --build /home/rogier/SenseGlove_ROS/ros_workspace/build/senseglove_shared_resources --target install -- -j8 -l8
[0.686s] [  0%] Built target std_msgs_generate_messages_eus
[0.688s] [  0%] Built target actionlib_msgs_generate_messages_py
[0.694s] [  0%] Built target std_msgs_generate_messages_py
[0.698s] [  0%] Built target actionlib_msgs_generate_messages_eus
[0.705s] [  0%] Built target control_msgs_generate_messages_eus
[0.714s] [  0%] Built target control_msgs_generate_messages_py
[0.718s] [  0%] Built target trajectory_msgs_generate_messages_eus
[0.744s] [  0%] Built target std_msgs_generate_messages_nodejs
[0.745s] [  0%] Built target actionlib_msgs_generate_messages_nodejs
[0.745s] [  0%] Built target trajectory_msgs_generate_messages_py
[0.748s] [  0%] Built target _senseglove_shared_resources_generate_messages_check_deps_senseglove
[0.759s] [  0%] Built target std_msgs_generate_messages_lisp
[0.759s] [  0%] Built target control_msgs_generate_messages_nodejs
[0.762s] [  0%] Built target trajectory_msgs_generate_messages_nodejs
[0.766s] [  0%] Built target trajectory_msgs_generate_messages_lisp
[0.786s] [  0%] Built target control_msgs_generate_messages_lisp
[0.804s] [  0%] Built target actionlib_msgs_generate_messages_lisp
[0.807s] [  0%] Built target std_msgs_generate_messages_cpp
[0.810s] [  0%] Built target trajectory_msgs_generate_messages_cpp
[0.816s] [  0%] Built target control_msgs_generate_messages_cpp
[0.816s] [  0%] Built target actionlib_msgs_generate_messages_cpp
[0.828s] [ 28%] Built target senseglove_shared_resources_generate_messages_eus
[0.830s] [ 57%] Built target senseglove_shared_resources_generate_messages_py
[0.836s] [ 71%] Built target senseglove_shared_resources_generate_messages_nodejs
[0.849s] [100%] Built target senseglove_shared_resources_generate_messages_cpp
[0.849s] [100%] Built target senseglove_shared_resources_generate_messages_lisp
[0.873s] [100%] Built target senseglove_shared_resources_generate_messages
[0.906s] [36mInstall the project...[0m
[0.918s] -- Install configuration: ""
[0.918s] -- Up-to-date: /home/rogier/SenseGlove_ROS/ros_workspace/install/senseglove_shared_resources/share/senseglove_shared_resources/msg/senseglove.msg
[0.919s] -- Up-to-date: /home/rogier/SenseGlove_ROS/ros_workspace/install/senseglove_shared_resources/share/senseglove_shared_resources/cmake/senseglove_shared_resources-msg-paths.cmake
[0.919s] -- Up-to-date: /home/rogier/SenseGlove_ROS/ros_workspace/install/senseglove_shared_resources/include/senseglove_shared_resources
[0.919s] -- Up-to-date: /home/rogier/SenseGlove_ROS/ros_workspace/install/senseglove_shared_resources/include/senseglove_shared_resources/senseglove.h
[0.919s] -- Up-to-date: /home/rogier/SenseGlove_ROS/ros_workspace/install/senseglove_shared_resources/share/roseus/ros/senseglove_shared_resources
[0.919s] -- Up-to-date: /home/rogier/SenseGlove_ROS/ros_workspace/install/senseglove_shared_resources/share/roseus/ros/senseglove_shared_resources/msg
[0.919s] -- Up-to-date: /home/rogier/SenseGlove_ROS/ros_workspace/install/senseglove_shared_resources/share/roseus/ros/senseglove_shared_resources/msg/senseglove.l
[0.919s] -- Up-to-date: /home/rogier/SenseGlove_ROS/ros_workspace/install/senseglove_shared_resources/share/roseus/ros/senseglove_shared_resources/manifest.l
[0.919s] -- Up-to-date: /home/rogier/SenseGlove_ROS/ros_workspace/install/senseglove_shared_resources/share/common-lisp/ros/senseglove_shared_resources
[0.919s] -- Up-to-date: /home/rogier/SenseGlove_ROS/ros_workspace/install/senseglove_shared_resources/share/common-lisp/ros/senseglove_shared_resources/msg
[0.920s] -- Up-to-date: /home/rogier/SenseGlove_ROS/ros_workspace/install/senseglove_shared_resources/share/common-lisp/ros/senseglove_shared_resources/msg/_package.lisp
[0.920s] -- Up-to-date: /home/rogier/SenseGlove_ROS/ros_workspace/install/senseglove_shared_resources/share/common-lisp/ros/senseglove_shared_resources/msg/senseglove_shared_resources-msg.asd
[0.920s] -- Up-to-date: /home/rogier/SenseGlove_ROS/ros_workspace/install/senseglove_shared_resources/share/common-lisp/ros/senseglove_shared_resources/msg/_package_senseglove.lisp
[0.920s] -- Up-to-date: /home/rogier/SenseGlove_ROS/ros_workspace/install/senseglove_shared_resources/share/common-lisp/ros/senseglove_shared_resources/msg/senseglove.lisp
[0.920s] -- Up-to-date: /home/rogier/SenseGlove_ROS/ros_workspace/install/senseglove_shared_resources/share/gennodejs/ros/senseglove_shared_resources
[0.920s] -- Up-to-date: /home/rogier/SenseGlove_ROS/ros_workspace/install/senseglove_shared_resources/share/gennodejs/ros/senseglove_shared_resources/msg
[0.920s] -- Up-to-date: /home/rogier/SenseGlove_ROS/ros_workspace/install/senseglove_shared_resources/share/gennodejs/ros/senseglove_shared_resources/msg/_index.js
[0.921s] -- Up-to-date: /home/rogier/SenseGlove_ROS/ros_workspace/install/senseglove_shared_resources/share/gennodejs/ros/senseglove_shared_resources/msg/senseglove.js
[0.921s] -- Up-to-date: /home/rogier/SenseGlove_ROS/ros_workspace/install/senseglove_shared_resources/share/gennodejs/ros/senseglove_shared_resources/_index.js
[0.937s] Listing /home/rogier/SenseGlove_ROS/ros_workspace/build/senseglove_shared_resources/devel/lib/python2.7/dist-packages/senseglove_shared_resources ...
[0.937s] Listing /home/rogier/SenseGlove_ROS/ros_workspace/build/senseglove_shared_resources/devel/lib/python2.7/dist-packages/senseglove_shared_resources/msg ...
[0.939s] -- Up-to-date: /home/rogier/SenseGlove_ROS/ros_workspace/install/senseglove_shared_resources/lib/python2.7/dist-packages/senseglove_shared_resources
[0.939s] -- Up-to-date: /home/rogier/SenseGlove_ROS/ros_workspace/install/senseglove_shared_resources/lib/python2.7/dist-packages/senseglove_shared_resources/__init__.pyc
[0.939s] -- Up-to-date: /home/rogier/SenseGlove_ROS/ros_workspace/install/senseglove_shared_resources/lib/python2.7/dist-packages/senseglove_shared_resources/msg
[0.939s] -- Up-to-date: /home/rogier/SenseGlove_ROS/ros_workspace/install/senseglove_shared_resources/lib/python2.7/dist-packages/senseglove_shared_resources/msg/__init__.pyc
[0.940s] -- Up-to-date: /home/rogier/SenseGlove_ROS/ros_workspace/install/senseglove_shared_resources/lib/python2.7/dist-packages/senseglove_shared_resources/msg/__init__.py
[0.940s] -- Up-to-date: /home/rogier/SenseGlove_ROS/ros_workspace/install/senseglove_shared_resources/lib/python2.7/dist-packages/senseglove_shared_resources/msg/_senseglove.pyc
[0.940s] -- Up-to-date: /home/rogier/SenseGlove_ROS/ros_workspace/install/senseglove_shared_resources/lib/python2.7/dist-packages/senseglove_shared_resources/msg/_senseglove.py
[0.940s] -- Up-to-date: /home/rogier/SenseGlove_ROS/ros_workspace/install/senseglove_shared_resources/lib/python2.7/dist-packages/senseglove_shared_resources/__init__.py
[0.940s] -- Up-to-date: /home/rogier/SenseGlove_ROS/ros_workspace/install/senseglove_shared_resources/lib/pkgconfig/senseglove_shared_resources.pc
[0.941s] -- Up-to-date: /home/rogier/SenseGlove_ROS/ros_workspace/install/senseglove_shared_resources/share/senseglove_shared_resources/cmake/senseglove_shared_resources-msg-extras.cmake
[0.941s] -- Up-to-date: /home/rogier/SenseGlove_ROS/ros_workspace/install/senseglove_shared_resources/share/senseglove_shared_resources/cmake/senseglove_shared_resourcesConfig.cmake
[0.941s] -- Up-to-date: /home/rogier/SenseGlove_ROS/ros_workspace/install/senseglove_shared_resources/share/senseglove_shared_resources/cmake/senseglove_shared_resourcesConfig-version.cmake
[0.942s] -- Up-to-date: /home/rogier/SenseGlove_ROS/ros_workspace/install/senseglove_shared_resources/share/senseglove_shared_resources/package.xml
[0.945s] Invoked command in '/home/rogier/SenseGlove_ROS/ros_workspace/build/senseglove_shared_resources' returned '0': /usr/bin/cmake --build /home/rogier/SenseGlove_ROS/ros_workspace/build/senseglove_shared_resources --target install -- -j8 -l8
