[35m[1mScanning dependencies of target senseglove_hardware[0m
[ 33%] [32mBuilding CXX object CMakeFiles/senseglove_hardware.dir/src/joint.cpp.o[0m
[ 66%] [32mBuilding CXX object CMakeFiles/senseglove_hardware.dir/src/senseglove_robot.cpp.o[0m
In file included from [01m[K/home/rogier/SenseGlove_ROS/ros_workspace/src/hardware_interface/senseglove_hardware/src/joint.cpp:2:0[m[K:
[01m[K/home/rogier/SenseGlove_ROS/ros_workspace/src/hardware_interface/senseglove_hardware/include/senseglove_hardware/joint.h:10:10:[m[K [01;31m[Kfatal error: [m[KSenseGlove.h: No such file or directory
 #include [01;31m[K"SenseGlove.h"[m[K
          [01;31m[K^~~~~~~~~~~~~~[m[K
compilation terminated.
make[2]: *** [CMakeFiles/senseglove_hardware.dir/src/joint.cpp.o] Error 1
make[2]: *** Waiting for unfinished jobs....
CMakeFiles/senseglove_hardware.dir/build.make:62: recipe for target 'CMakeFiles/senseglove_hardware.dir/src/joint.cpp.o' failed
In file included from [01m[K/home/rogier/SenseGlove_ROS/ros_workspace/src/hardware_interface/senseglove_hardware/src/senseglove_robot.cpp:2:0[m[K:
[01m[K/home/rogier/SenseGlove_ROS/ros_workspace/src/hardware_interface/senseglove_hardware/include/senseglove_hardware/joint.h:10:10:[m[K [01;31m[Kfatal error: [m[KSenseGlove.h: No such file or directory
 #include [01;31m[K"SenseGlove.h"[m[K
          [01;31m[K^~~~~~~~~~~~~~[m[K
compilation terminated.
CMakeFiles/senseglove_hardware.dir/build.make:86: recipe for target 'CMakeFiles/senseglove_hardware.dir/src/senseglove_robot.cpp.o' failed
make[2]: *** [CMakeFiles/senseglove_hardware.dir/src/senseglove_robot.cpp.o] Error 1
make[1]: *** [CMakeFiles/senseglove_hardware.dir/all] Error 2
CMakeFiles/Makefile2:67: recipe for target 'CMakeFiles/senseglove_hardware.dir/all' failed
Makefile:140: recipe for target 'all' failed
make: *** [all] Error 2
