[0.029s] Invoking command in '/home/rogier/SenseGlove_ROS/ros_workspace/build/senseglove_hardware': /usr/bin/cmake --build /home/rogier/SenseGlove_ROS/ros_workspace/build/senseglove_hardware -- -j8 -l8
[0.078s] [35m[1mScanning dependencies of target senseglove_hardware[0m
[0.130s] [ 33%] [32mBuilding CXX object CMakeFiles/senseglove_hardware.dir/src/joint.cpp.o[0m
[0.148s] [ 66%] [32mBuilding CXX object CMakeFiles/senseglove_hardware.dir/src/senseglove_robot.cpp.o[0m
[0.201s] In file included from [01m[K/home/rogier/SenseGlove_ROS/ros_workspace/src/hardware_interface/senseglove_hardware/src/joint.cpp:2:0[m[K:
[0.202s] [01m[K/home/rogier/SenseGlove_ROS/ros_workspace/src/hardware_interface/senseglove_hardware/include/senseglove_hardware/joint.h:10:10:[m[K [01;31m[Kfatal error: [m[KSenseGlove.h: No such file or directory
[0.202s]  #include [01;31m[K"SenseGlove.h"[m[K
[0.202s]           [01;31m[K^~~~~~~~~~~~~~[m[K
[0.202s] compilation terminated.
[0.203s] make[2]: *** [CMakeFiles/senseglove_hardware.dir/src/joint.cpp.o] Error 1
[0.203s] make[2]: *** Waiting for unfinished jobs....
[0.204s] CMakeFiles/senseglove_hardware.dir/build.make:62: recipe for target 'CMakeFiles/senseglove_hardware.dir/src/joint.cpp.o' failed
[0.226s] In file included from [01m[K/home/rogier/SenseGlove_ROS/ros_workspace/src/hardware_interface/senseglove_hardware/src/senseglove_robot.cpp:2:0[m[K:
[0.226s] [01m[K/home/rogier/SenseGlove_ROS/ros_workspace/src/hardware_interface/senseglove_hardware/include/senseglove_hardware/joint.h:10:10:[m[K [01;31m[Kfatal error: [m[KSenseGlove.h: No such file or directory
[0.226s]  #include [01;31m[K"SenseGlove.h"[m[K
[0.227s]           [01;31m[K^~~~~~~~~~~~~~[m[K
[0.232s] compilation terminated.
[0.234s] CMakeFiles/senseglove_hardware.dir/build.make:86: recipe for target 'CMakeFiles/senseglove_hardware.dir/src/senseglove_robot.cpp.o' failed
[0.234s] make[2]: *** [CMakeFiles/senseglove_hardware.dir/src/senseglove_robot.cpp.o] Error 1
[0.238s] make[1]: *** [CMakeFiles/senseglove_hardware.dir/all] Error 2
[0.238s] CMakeFiles/Makefile2:67: recipe for target 'CMakeFiles/senseglove_hardware.dir/all' failed
[0.239s] Makefile:140: recipe for target 'all' failed
[0.239s] make: *** [all] Error 2
[0.243s] Invoked command in '/home/rogier/SenseGlove_ROS/ros_workspace/build/senseglove_hardware' returned '2': /usr/bin/cmake --build /home/rogier/SenseGlove_ROS/ros_workspace/build/senseglove_hardware -- -j8 -l8
