[0.030s] Invoking command in '/home/rogier/SenseGlove_ROS/ros_workspace/build/senseglove_shared_resources': /usr/bin/cmake --build /home/rogier/SenseGlove_ROS/ros_workspace/build/senseglove_shared_resources -- -j8 -l8
[0.098s] [  0%] Built target actionlib_msgs_generate_messages_eus
[0.098s] [  0%] Built target std_msgs_generate_messages_eus
[0.099s] [  0%] Built target trajectory_msgs_generate_messages_eus
[0.099s] [  0%] Built target std_msgs_generate_messages_py
[0.111s] [  0%] Built target actionlib_msgs_generate_messages_py
[0.133s] [  0%] Built target control_msgs_generate_messages_py
[0.143s] [  0%] Built target control_msgs_generate_messages_eus
[0.150s] [  0%] Built target control_msgs_generate_messages_nodejs
[0.156s] [  0%] Built target trajectory_msgs_generate_messages_nodejs
[0.156s] [  0%] Built target trajectory_msgs_generate_messages_py
[0.161s] [  0%] Built target std_msgs_generate_messages_nodejs
[0.162s] [  0%] Built target actionlib_msgs_generate_messages_nodejs
[0.165s] [  0%] Built target _senseglove_shared_resources_generate_messages_check_deps_senseglove
[0.191s] [  0%] Built target std_msgs_generate_messages_lisp
[0.201s] [  0%] Built target std_msgs_generate_messages_cpp
[0.208s] [  0%] Built target actionlib_msgs_generate_messages_cpp
[0.214s] [  0%] Built target trajectory_msgs_generate_messages_lisp
[0.214s] [  0%] Built target control_msgs_generate_messages_lisp
[0.217s] [  0%] Built target actionlib_msgs_generate_messages_lisp
[0.220s] [  0%] Built target trajectory_msgs_generate_messages_cpp
[0.224s] [  0%] Built target control_msgs_generate_messages_cpp
[0.242s] [ 14%] Built target senseglove_shared_resources_generate_messages_nodejs
[0.245s] [ 42%] Built target senseglove_shared_resources_generate_messages_py
[0.250s] [ 71%] Built target senseglove_shared_resources_generate_messages_eus
[0.257s] [ 85%] Built target senseglove_shared_resources_generate_messages_cpp
[0.259s] [100%] Built target senseglove_shared_resources_generate_messages_lisp
[0.285s] [100%] Built target senseglove_shared_resources_generate_messages
[0.298s] Invoked command in '/home/rogier/SenseGlove_ROS/ros_workspace/build/senseglove_shared_resources' returned '0': /usr/bin/cmake --build /home/rogier/SenseGlove_ROS/ros_workspace/build/senseglove_shared_resources -- -j8 -l8
[0.367s] Invoking command in '/home/rogier/SenseGlove_ROS/ros_workspace/build/senseglove_shared_resources': /usr/bin/cmake --build /home/rogier/SenseGlove_ROS/ros_workspace/build/senseglove_shared_resources --target tests -- -j8 -l8
[0.452s] Built target tests
[0.467s] Invoked command in '/home/rogier/SenseGlove_ROS/ros_workspace/build/senseglove_shared_resources' returned '0': /usr/bin/cmake --build /home/rogier/SenseGlove_ROS/ros_workspace/build/senseglove_shared_resources --target tests -- -j8 -l8
[0.556s] Invoking command in '/home/rogier/SenseGlove_ROS/ros_workspace/build/senseglove_shared_resources': /usr/bin/cmake --build /home/rogier/SenseGlove_ROS/ros_workspace/build/senseglove_shared_resources --target install -- -j8 -l8
[0.628s] [  0%] Built target std_msgs_generate_messages_eus
[0.631s] [  0%] Built target control_msgs_generate_messages_eus
[0.632s] [  0%] Built target trajectory_msgs_generate_messages_eus
[0.638s] [  0%] Built target actionlib_msgs_generate_messages_py
[0.638s] [  0%] Built target std_msgs_generate_messages_py
[0.649s] [  0%] Built target control_msgs_generate_messages_py
[0.649s] [  0%] Built target actionlib_msgs_generate_messages_eus
[0.674s] [  0%] Built target trajectory_msgs_generate_messages_py
[0.678s] [  0%] Built target std_msgs_generate_messages_nodejs
[0.689s] [  0%] Built target trajectory_msgs_generate_messages_nodejs
[0.689s] [  0%] Built target actionlib_msgs_generate_messages_nodejs
[0.692s] [  0%] Built target std_msgs_generate_messages_lisp
[0.693s] [  0%] Built target _senseglove_shared_resources_generate_messages_check_deps_senseglove
[0.699s] [  0%] Built target trajectory_msgs_generate_messages_lisp
[0.700s] [  0%] Built target control_msgs_generate_messages_nodejs
[0.716s] [  0%] Built target actionlib_msgs_generate_messages_lisp
[0.729s] [  0%] Built target control_msgs_generate_messages_lisp
[0.731s] [  0%] Built target trajectory_msgs_generate_messages_cpp
[0.731s] [  0%] Built target std_msgs_generate_messages_cpp
[0.737s] [  0%] Built target actionlib_msgs_generate_messages_cpp
[0.743s] [  0%] Built target control_msgs_generate_messages_cpp
[0.746s] [ 28%] Built target senseglove_shared_resources_generate_messages_py
[0.749s] [ 57%] Built target senseglove_shared_resources_generate_messages_eus
[0.753s] [ 71%] Built target senseglove_shared_resources_generate_messages_nodejs
[0.763s] [ 85%] Built target senseglove_shared_resources_generate_messages_lisp
[0.768s] [100%] Built target senseglove_shared_resources_generate_messages_cpp
[0.793s] [100%] Built target senseglove_shared_resources_generate_messages
[0.818s] [36mInstall the project...[0m
[0.828s] -- Install configuration: ""
[0.828s] -- Up-to-date: /home/rogier/SenseGlove_ROS/ros_workspace/install/senseglove_shared_resources/share/senseglove_shared_resources/msg/senseglove.msg
[0.829s] -- Up-to-date: /home/rogier/SenseGlove_ROS/ros_workspace/install/senseglove_shared_resources/share/senseglove_shared_resources/cmake/senseglove_shared_resources-msg-paths.cmake
[0.829s] -- Up-to-date: /home/rogier/SenseGlove_ROS/ros_workspace/install/senseglove_shared_resources/include/senseglove_shared_resources
[0.829s] -- Up-to-date: /home/rogier/SenseGlove_ROS/ros_workspace/install/senseglove_shared_resources/include/senseglove_shared_resources/senseglove.h
[0.829s] -- Up-to-date: /home/rogier/SenseGlove_ROS/ros_workspace/install/senseglove_shared_resources/share/roseus/ros/senseglove_shared_resources
[0.829s] -- Up-to-date: /home/rogier/SenseGlove_ROS/ros_workspace/install/senseglove_shared_resources/share/roseus/ros/senseglove_shared_resources/msg
[0.829s] -- Up-to-date: /home/rogier/SenseGlove_ROS/ros_workspace/install/senseglove_shared_resources/share/roseus/ros/senseglove_shared_resources/msg/senseglove.l
[0.830s] -- Up-to-date: /home/rogier/SenseGlove_ROS/ros_workspace/install/senseglove_shared_resources/share/roseus/ros/senseglove_shared_resources/manifest.l
[0.830s] -- Up-to-date: /home/rogier/SenseGlove_ROS/ros_workspace/install/senseglove_shared_resources/share/common-lisp/ros/senseglove_shared_resources
[0.830s] -- Up-to-date: /home/rogier/SenseGlove_ROS/ros_workspace/install/senseglove_shared_resources/share/common-lisp/ros/senseglove_shared_resources/msg
[0.830s] -- Up-to-date: /home/rogier/SenseGlove_ROS/ros_workspace/install/senseglove_shared_resources/share/common-lisp/ros/senseglove_shared_resources/msg/_package.lisp
[0.831s] -- Up-to-date: /home/rogier/SenseGlove_ROS/ros_workspace/install/senseglove_shared_resources/share/common-lisp/ros/senseglove_shared_resources/msg/senseglove_shared_resources-msg.asd
[0.831s] -- Up-to-date: /home/rogier/SenseGlove_ROS/ros_workspace/install/senseglove_shared_resources/share/common-lisp/ros/senseglove_shared_resources/msg/_package_senseglove.lisp
[0.831s] -- Up-to-date: /home/rogier/SenseGlove_ROS/ros_workspace/install/senseglove_shared_resources/share/common-lisp/ros/senseglove_shared_resources/msg/senseglove.lisp
[0.833s] -- Up-to-date: /home/rogier/SenseGlove_ROS/ros_workspace/install/senseglove_shared_resources/share/gennodejs/ros/senseglove_shared_resources
[0.834s] -- Up-to-date: /home/rogier/SenseGlove_ROS/ros_workspace/install/senseglove_shared_resources/share/gennodejs/ros/senseglove_shared_resources/msg
[0.834s] -- Up-to-date: /home/rogier/SenseGlove_ROS/ros_workspace/install/senseglove_shared_resources/share/gennodejs/ros/senseglove_shared_resources/msg/_index.js
[0.834s] -- Up-to-date: /home/rogier/SenseGlove_ROS/ros_workspace/install/senseglove_shared_resources/share/gennodejs/ros/senseglove_shared_resources/msg/senseglove.js
[0.834s] -- Up-to-date: /home/rogier/SenseGlove_ROS/ros_workspace/install/senseglove_shared_resources/share/gennodejs/ros/senseglove_shared_resources/_index.js
[0.845s] Listing /home/rogier/SenseGlove_ROS/ros_workspace/build/senseglove_shared_resources/devel/lib/python2.7/dist-packages/senseglove_shared_resources ...
[0.845s] Listing /home/rogier/SenseGlove_ROS/ros_workspace/build/senseglove_shared_resources/devel/lib/python2.7/dist-packages/senseglove_shared_resources/msg ...
[0.847s] -- Up-to-date: /home/rogier/SenseGlove_ROS/ros_workspace/install/senseglove_shared_resources/lib/python2.7/dist-packages/senseglove_shared_resources
[0.847s] -- Up-to-date: /home/rogier/SenseGlove_ROS/ros_workspace/install/senseglove_shared_resources/lib/python2.7/dist-packages/senseglove_shared_resources/__init__.pyc
[0.848s] -- Up-to-date: /home/rogier/SenseGlove_ROS/ros_workspace/install/senseglove_shared_resources/lib/python2.7/dist-packages/senseglove_shared_resources/msg
[0.848s] -- Up-to-date: /home/rogier/SenseGlove_ROS/ros_workspace/install/senseglove_shared_resources/lib/python2.7/dist-packages/senseglove_shared_resources/msg/__init__.pyc
[0.848s] -- Up-to-date: /home/rogier/SenseGlove_ROS/ros_workspace/install/senseglove_shared_resources/lib/python2.7/dist-packages/senseglove_shared_resources/msg/__init__.py
[0.848s] -- Up-to-date: /home/rogier/SenseGlove_ROS/ros_workspace/install/senseglove_shared_resources/lib/python2.7/dist-packages/senseglove_shared_resources/msg/_senseglove.pyc
[0.848s] -- Up-to-date: /home/rogier/SenseGlove_ROS/ros_workspace/install/senseglove_shared_resources/lib/python2.7/dist-packages/senseglove_shared_resources/msg/_senseglove.py
[0.848s] -- Up-to-date: /home/rogier/SenseGlove_ROS/ros_workspace/install/senseglove_shared_resources/lib/python2.7/dist-packages/senseglove_shared_resources/__init__.py
[0.848s] -- Up-to-date: /home/rogier/SenseGlove_ROS/ros_workspace/install/senseglove_shared_resources/lib/pkgconfig/senseglove_shared_resources.pc
[0.848s] -- Up-to-date: /home/rogier/SenseGlove_ROS/ros_workspace/install/senseglove_shared_resources/share/senseglove_shared_resources/cmake/senseglove_shared_resources-msg-extras.cmake
[0.849s] -- Up-to-date: /home/rogier/SenseGlove_ROS/ros_workspace/install/senseglove_shared_resources/share/senseglove_shared_resources/cmake/senseglove_shared_resourcesConfig.cmake
[0.849s] -- Up-to-date: /home/rogier/SenseGlove_ROS/ros_workspace/install/senseglove_shared_resources/share/senseglove_shared_resources/cmake/senseglove_shared_resourcesConfig-version.cmake
[0.849s] -- Up-to-date: /home/rogier/SenseGlove_ROS/ros_workspace/install/senseglove_shared_resources/share/senseglove_shared_resources/package.xml
[0.853s] Invoked command in '/home/rogier/SenseGlove_ROS/ros_workspace/build/senseglove_shared_resources' returned '0': /usr/bin/cmake --build /home/rogier/SenseGlove_ROS/ros_workspace/build/senseglove_shared_resources --target install -- -j8 -l8
