[0.030s] Invoking command in '/home/rogier/SenseGlove_ROS/ros_workspace/build/senseglove_shared_resources': /usr/bin/cmake --build /home/rogier/SenseGlove_ROS/ros_workspace/build/senseglove_shared_resources -- -j8 -l8
[0.100s] [  0%] Built target actionlib_msgs_generate_messages_eus
[0.104s] [  0%] Built target control_msgs_generate_messages_py
[0.105s] [  0%] Built target std_msgs_generate_messages_eus
[0.113s] [  0%] Built target actionlib_msgs_generate_messages_py
[0.123s] [  0%] Built target control_msgs_generate_messages_eus
[0.129s] [  0%] Built target trajectory_msgs_generate_messages_eus
[0.135s] [  0%] Built target std_msgs_generate_messages_py
[0.149s] [  0%] Built target trajectory_msgs_generate_messages_py
[0.149s] [  0%] Built target std_msgs_generate_messages_nodejs
[0.159s] [  0%] Built target trajectory_msgs_generate_messages_nodejs
[0.164s] [  0%] Built target _senseglove_shared_resources_generate_messages_check_deps_senseglove
[0.164s] [  0%] Built target actionlib_msgs_generate_messages_nodejs
[0.176s] [  0%] Built target control_msgs_generate_messages_nodejs
[0.176s] [  0%] Built target trajectory_msgs_generate_messages_lisp
[0.188s] [  0%] Built target std_msgs_generate_messages_lisp
[0.195s] [  0%] Built target actionlib_msgs_generate_messages_lisp
[0.195s] [  0%] Built target control_msgs_generate_messages_lisp
[0.210s] [  0%] Built target std_msgs_generate_messages_cpp
[0.213s] [ 14%] Built target control_msgs_generate_messages_cpp
[0.213s] [ 28%] Built target senseglove_shared_resources_generate_messages_eus
[0.221s] [ 28%] Built target actionlib_msgs_generate_messages_cpp
[0.223s] [ 28%] Built target trajectory_msgs_generate_messages_cpp
[0.229s] [ 57%] Built target senseglove_shared_resources_generate_messages_py
[0.231s] [ 71%] Built target senseglove_shared_resources_generate_messages_nodejs
[0.233s] [ 85%] Built target senseglove_shared_resources_generate_messages_lisp
[0.253s] [100%] Built target senseglove_shared_resources_generate_messages_cpp
[0.276s] [100%] Built target senseglove_shared_resources_generate_messages
[0.289s] Invoked command in '/home/rogier/SenseGlove_ROS/ros_workspace/build/senseglove_shared_resources' returned '0': /usr/bin/cmake --build /home/rogier/SenseGlove_ROS/ros_workspace/build/senseglove_shared_resources -- -j8 -l8
[0.350s] Invoking command in '/home/rogier/SenseGlove_ROS/ros_workspace/build/senseglove_shared_resources': /usr/bin/cmake --build /home/rogier/SenseGlove_ROS/ros_workspace/build/senseglove_shared_resources --target tests -- -j8 -l8
[0.430s] Built target tests
[0.442s] Invoked command in '/home/rogier/SenseGlove_ROS/ros_workspace/build/senseglove_shared_resources' returned '0': /usr/bin/cmake --build /home/rogier/SenseGlove_ROS/ros_workspace/build/senseglove_shared_resources --target tests -- -j8 -l8
[0.512s] Invoking command in '/home/rogier/SenseGlove_ROS/ros_workspace/build/senseglove_shared_resources': /usr/bin/cmake --build /home/rogier/SenseGlove_ROS/ros_workspace/build/senseglove_shared_resources --target install -- -j8 -l8
[0.602s] [  0%] Built target control_msgs_generate_messages_eus
[0.610s] [  0%] Built target std_msgs_generate_messages_eus
[0.610s] [  0%] Built target trajectory_msgs_generate_messages_eus
[0.611s] [  0%] Built target std_msgs_generate_messages_py
[0.611s] [  0%] Built target actionlib_msgs_generate_messages_eus
[0.621s] [  0%] Built target control_msgs_generate_messages_py
[0.628s] [  0%] Built target actionlib_msgs_generate_messages_py
[0.646s] [  0%] Built target std_msgs_generate_messages_nodejs
[0.656s] [  0%] Built target trajectory_msgs_generate_messages_py
[0.656s] [  0%] Built target control_msgs_generate_messages_nodejs
[0.657s] [  0%] Built target actionlib_msgs_generate_messages_nodejs
[0.660s] [  0%] Built target trajectory_msgs_generate_messages_nodejs
[0.662s] [  0%] Built target trajectory_msgs_generate_messages_lisp
[0.675s] [  0%] Built target _senseglove_shared_resources_generate_messages_check_deps_senseglove
[0.675s] [  0%] Built target std_msgs_generate_messages_lisp
[0.694s] [  0%] Built target control_msgs_generate_messages_lisp
[0.696s] [  0%] Built target actionlib_msgs_generate_messages_lisp
[0.704s] [  0%] Built target actionlib_msgs_generate_messages_cpp
[0.709s] [  0%] Built target std_msgs_generate_messages_cpp
[0.712s] [  0%] Built target control_msgs_generate_messages_cpp
[0.719s] [  0%] Built target trajectory_msgs_generate_messages_cpp
[0.722s] [ 28%] Built target senseglove_shared_resources_generate_messages_py
[0.724s] [ 57%] Built target senseglove_shared_resources_generate_messages_eus
[0.730s] [ 71%] Built target senseglove_shared_resources_generate_messages_lisp
[0.740s] [ 85%] Built target senseglove_shared_resources_generate_messages_nodejs
[0.747s] [100%] Built target senseglove_shared_resources_generate_messages_cpp
[0.770s] [100%] Built target senseglove_shared_resources_generate_messages
[0.796s] [36mInstall the project...[0m
[0.806s] -- Install configuration: ""
[0.806s] -- Up-to-date: /home/rogier/SenseGlove_ROS/ros_workspace/install/senseglove_shared_resources/share/senseglove_shared_resources/msg/senseglove.msg
[0.806s] -- Up-to-date: /home/rogier/SenseGlove_ROS/ros_workspace/install/senseglove_shared_resources/share/senseglove_shared_resources/cmake/senseglove_shared_resources-msg-paths.cmake
[0.806s] -- Up-to-date: /home/rogier/SenseGlove_ROS/ros_workspace/install/senseglove_shared_resources/include/senseglove_shared_resources
[0.806s] -- Up-to-date: /home/rogier/SenseGlove_ROS/ros_workspace/install/senseglove_shared_resources/include/senseglove_shared_resources/senseglove.h
[0.806s] -- Up-to-date: /home/rogier/SenseGlove_ROS/ros_workspace/install/senseglove_shared_resources/share/roseus/ros/senseglove_shared_resources
[0.807s] -- Up-to-date: /home/rogier/SenseGlove_ROS/ros_workspace/install/senseglove_shared_resources/share/roseus/ros/senseglove_shared_resources/msg
[0.807s] -- Up-to-date: /home/rogier/SenseGlove_ROS/ros_workspace/install/senseglove_shared_resources/share/roseus/ros/senseglove_shared_resources/msg/senseglove.l
[0.807s] -- Up-to-date: /home/rogier/SenseGlove_ROS/ros_workspace/install/senseglove_shared_resources/share/roseus/ros/senseglove_shared_resources/manifest.l
[0.807s] -- Up-to-date: /home/rogier/SenseGlove_ROS/ros_workspace/install/senseglove_shared_resources/share/common-lisp/ros/senseglove_shared_resources
[0.807s] -- Up-to-date: /home/rogier/SenseGlove_ROS/ros_workspace/install/senseglove_shared_resources/share/common-lisp/ros/senseglove_shared_resources/msg
[0.807s] -- Up-to-date: /home/rogier/SenseGlove_ROS/ros_workspace/install/senseglove_shared_resources/share/common-lisp/ros/senseglove_shared_resources/msg/_package.lisp
[0.807s] -- Up-to-date: /home/rogier/SenseGlove_ROS/ros_workspace/install/senseglove_shared_resources/share/common-lisp/ros/senseglove_shared_resources/msg/senseglove_shared_resources-msg.asd
[0.807s] -- Up-to-date: /home/rogier/SenseGlove_ROS/ros_workspace/install/senseglove_shared_resources/share/common-lisp/ros/senseglove_shared_resources/msg/_package_senseglove.lisp
[0.807s] -- Up-to-date: /home/rogier/SenseGlove_ROS/ros_workspace/install/senseglove_shared_resources/share/common-lisp/ros/senseglove_shared_resources/msg/senseglove.lisp
[0.807s] -- Up-to-date: /home/rogier/SenseGlove_ROS/ros_workspace/install/senseglove_shared_resources/share/gennodejs/ros/senseglove_shared_resources
[0.807s] -- Up-to-date: /home/rogier/SenseGlove_ROS/ros_workspace/install/senseglove_shared_resources/share/gennodejs/ros/senseglove_shared_resources/msg
[0.807s] -- Up-to-date: /home/rogier/SenseGlove_ROS/ros_workspace/install/senseglove_shared_resources/share/gennodejs/ros/senseglove_shared_resources/msg/_index.js
[0.807s] -- Up-to-date: /home/rogier/SenseGlove_ROS/ros_workspace/install/senseglove_shared_resources/share/gennodejs/ros/senseglove_shared_resources/msg/senseglove.js
[0.808s] -- Up-to-date: /home/rogier/SenseGlove_ROS/ros_workspace/install/senseglove_shared_resources/share/gennodejs/ros/senseglove_shared_resources/_index.js
[0.829s] Listing /home/rogier/SenseGlove_ROS/ros_workspace/build/senseglove_shared_resources/devel/lib/python2.7/dist-packages/senseglove_shared_resources ...
[0.830s] Listing /home/rogier/SenseGlove_ROS/ros_workspace/build/senseglove_shared_resources/devel/lib/python2.7/dist-packages/senseglove_shared_resources/msg ...
[0.831s] -- Up-to-date: /home/rogier/SenseGlove_ROS/ros_workspace/install/senseglove_shared_resources/lib/python2.7/dist-packages/senseglove_shared_resources
[0.832s] -- Up-to-date: /home/rogier/SenseGlove_ROS/ros_workspace/install/senseglove_shared_resources/lib/python2.7/dist-packages/senseglove_shared_resources/__init__.pyc
[0.832s] -- Up-to-date: /home/rogier/SenseGlove_ROS/ros_workspace/install/senseglove_shared_resources/lib/python2.7/dist-packages/senseglove_shared_resources/msg
[0.832s] -- Up-to-date: /home/rogier/SenseGlove_ROS/ros_workspace/install/senseglove_shared_resources/lib/python2.7/dist-packages/senseglove_shared_resources/msg/__init__.pyc
[0.832s] -- Up-to-date: /home/rogier/SenseGlove_ROS/ros_workspace/install/senseglove_shared_resources/lib/python2.7/dist-packages/senseglove_shared_resources/msg/__init__.py
[0.832s] -- Up-to-date: /home/rogier/SenseGlove_ROS/ros_workspace/install/senseglove_shared_resources/lib/python2.7/dist-packages/senseglove_shared_resources/msg/_senseglove.pyc
[0.833s] -- Up-to-date: /home/rogier/SenseGlove_ROS/ros_workspace/install/senseglove_shared_resources/lib/python2.7/dist-packages/senseglove_shared_resources/msg/_senseglove.py
[0.833s] -- Up-to-date: /home/rogier/SenseGlove_ROS/ros_workspace/install/senseglove_shared_resources/lib/python2.7/dist-packages/senseglove_shared_resources/__init__.py
[0.833s] -- Up-to-date: /home/rogier/SenseGlove_ROS/ros_workspace/install/senseglove_shared_resources/lib/pkgconfig/senseglove_shared_resources.pc
[0.834s] -- Up-to-date: /home/rogier/SenseGlove_ROS/ros_workspace/install/senseglove_shared_resources/share/senseglove_shared_resources/cmake/senseglove_shared_resources-msg-extras.cmake
[0.836s] -- Up-to-date: /home/rogier/SenseGlove_ROS/ros_workspace/install/senseglove_shared_resources/share/senseglove_shared_resources/cmake/senseglove_shared_resourcesConfig.cmake
[0.836s] -- Up-to-date: /home/rogier/SenseGlove_ROS/ros_workspace/install/senseglove_shared_resources/share/senseglove_shared_resources/cmake/senseglove_shared_resourcesConfig-version.cmake
[0.836s] -- Up-to-date: /home/rogier/SenseGlove_ROS/ros_workspace/install/senseglove_shared_resources/share/senseglove_shared_resources/package.xml
[0.841s] Invoked command in '/home/rogier/SenseGlove_ROS/ros_workspace/build/senseglove_shared_resources' returned '0': /usr/bin/cmake --build /home/rogier/SenseGlove_ROS/ros_workspace/build/senseglove_shared_resources --target install -- -j8 -l8
