[0.025s] Invoking command in '/home/rogier/SenseGlove_ROS/ros_workspace/build/senseglove_shared_resources': /usr/bin/cmake --build /home/rogier/SenseGlove_ROS/ros_workspace/build/senseglove_shared_resources -- -j8 -l8
[0.108s] [  0%] Built target std_msgs_generate_messages_eus
[0.110s] [  0%] Built target control_msgs_generate_messages_py
[0.110s] [  0%] Built target trajectory_msgs_generate_messages_eus
[0.116s] [  0%] Built target actionlib_msgs_generate_messages_eus
[0.118s] [  0%] Built target actionlib_msgs_generate_messages_py
[0.119s] [  0%] Built target std_msgs_generate_messages_py
[0.127s] [  0%] Built target control_msgs_generate_messages_eus
[0.144s] [  0%] Built target trajectory_msgs_generate_messages_py
[0.145s] [  0%] Built target std_msgs_generate_messages_nodejs
[0.150s] [  0%] Built target actionlib_msgs_generate_messages_nodejs
[0.166s] [  0%] Built target control_msgs_generate_messages_nodejs
[0.167s] [  0%] Built target trajectory_msgs_generate_messages_lisp
[0.167s] [  0%] Built target _senseglove_shared_resources_generate_messages_check_deps_senseglove
[0.168s] [  0%] Built target trajectory_msgs_generate_messages_nodejs
[0.185s] [  0%] Built target std_msgs_generate_messages_lisp
[0.191s] [  0%] Built target control_msgs_generate_messages_lisp
[0.201s] [  0%] Built target actionlib_msgs_generate_messages_lisp
[0.205s] [  0%] Built target control_msgs_generate_messages_cpp
[0.206s] [  0%] Built target std_msgs_generate_messages_cpp
[0.208s] [  0%] Built target actionlib_msgs_generate_messages_cpp
[0.211s] [  0%] Built target trajectory_msgs_generate_messages_cpp
[0.222s] [ 28%] Built target senseglove_shared_resources_generate_messages_py
[0.223s] [ 57%] Built target senseglove_shared_resources_generate_messages_eus
[0.232s] [ 71%] Built target senseglove_shared_resources_generate_messages_nodejs
[0.235s] [ 85%] Built target senseglove_shared_resources_generate_messages_lisp
[0.246s] [100%] Built target senseglove_shared_resources_generate_messages_cpp
[0.278s] [100%] Built target senseglove_shared_resources_generate_messages
[0.292s] Invoked command in '/home/rogier/SenseGlove_ROS/ros_workspace/build/senseglove_shared_resources' returned '0': /usr/bin/cmake --build /home/rogier/SenseGlove_ROS/ros_workspace/build/senseglove_shared_resources -- -j8 -l8
[0.362s] Invoking command in '/home/rogier/SenseGlove_ROS/ros_workspace/build/senseglove_shared_resources': /usr/bin/cmake --build /home/rogier/SenseGlove_ROS/ros_workspace/build/senseglove_shared_resources --target tests -- -j8 -l8
[0.444s] Built target tests
[0.455s] Invoked command in '/home/rogier/SenseGlove_ROS/ros_workspace/build/senseglove_shared_resources' returned '0': /usr/bin/cmake --build /home/rogier/SenseGlove_ROS/ros_workspace/build/senseglove_shared_resources --target tests -- -j8 -l8
[0.522s] Invoking command in '/home/rogier/SenseGlove_ROS/ros_workspace/build/senseglove_shared_resources': /usr/bin/cmake --build /home/rogier/SenseGlove_ROS/ros_workspace/build/senseglove_shared_resources --target install -- -j8 -l8
[0.593s] [  0%] Built target std_msgs_generate_messages_eus
[0.594s] [  0%] Built target actionlib_msgs_generate_messages_eus
[0.595s] [  0%] Built target control_msgs_generate_messages_eus
[0.595s] [  0%] Built target control_msgs_generate_messages_py
[0.598s] [  0%] Built target std_msgs_generate_messages_py
[0.610s] [  0%] Built target actionlib_msgs_generate_messages_py
[0.629s] [  0%] Built target trajectory_msgs_generate_messages_eus
[0.633s] [  0%] Built target actionlib_msgs_generate_messages_nodejs
[0.635s] [  0%] Built target trajectory_msgs_generate_messages_py
[0.638s] [  0%] Built target trajectory_msgs_generate_messages_nodejs
[0.648s] [  0%] Built target _senseglove_shared_resources_generate_messages_check_deps_senseglove
[0.648s] [  0%] Built target std_msgs_generate_messages_nodejs
[0.650s] [  0%] Built target control_msgs_generate_messages_nodejs
[0.653s] [  0%] Built target trajectory_msgs_generate_messages_lisp
[0.666s] [  0%] Built target std_msgs_generate_messages_lisp
[0.670s] [  0%] Built target actionlib_msgs_generate_messages_lisp
[0.686s] [  0%] Built target control_msgs_generate_messages_lisp
[0.686s] [  0%] Built target actionlib_msgs_generate_messages_cpp
[0.686s] [  0%] Built target std_msgs_generate_messages_cpp
[0.701s] [  0%] Built target trajectory_msgs_generate_messages_cpp
[0.701s] [  0%] Built target control_msgs_generate_messages_cpp
[0.702s] [ 28%] Built target senseglove_shared_resources_generate_messages_eus
[0.703s] [ 57%] Built target senseglove_shared_resources_generate_messages_py
[0.711s] [ 71%] Built target senseglove_shared_resources_generate_messages_nodejs
[0.720s] [ 85%] Built target senseglove_shared_resources_generate_messages_lisp
[0.731s] [100%] Built target senseglove_shared_resources_generate_messages_cpp
[0.761s] [100%] Built target senseglove_shared_resources_generate_messages
[0.784s] [36mInstall the project...[0m
[0.798s] -- Install configuration: ""
[0.798s] -- Up-to-date: /home/rogier/SenseGlove_ROS/ros_workspace/install/senseglove_shared_resources/share/senseglove_shared_resources/msg/senseglove.msg
[0.798s] -- Up-to-date: /home/rogier/SenseGlove_ROS/ros_workspace/install/senseglove_shared_resources/share/senseglove_shared_resources/cmake/senseglove_shared_resources-msg-paths.cmake
[0.798s] -- Up-to-date: /home/rogier/SenseGlove_ROS/ros_workspace/install/senseglove_shared_resources/include/senseglove_shared_resources
[0.799s] -- Up-to-date: /home/rogier/SenseGlove_ROS/ros_workspace/install/senseglove_shared_resources/include/senseglove_shared_resources/senseglove.h
[0.799s] -- Up-to-date: /home/rogier/SenseGlove_ROS/ros_workspace/install/senseglove_shared_resources/share/roseus/ros/senseglove_shared_resources
[0.799s] -- Up-to-date: /home/rogier/SenseGlove_ROS/ros_workspace/install/senseglove_shared_resources/share/roseus/ros/senseglove_shared_resources/msg
[0.799s] -- Up-to-date: /home/rogier/SenseGlove_ROS/ros_workspace/install/senseglove_shared_resources/share/roseus/ros/senseglove_shared_resources/msg/senseglove.l
[0.799s] -- Up-to-date: /home/rogier/SenseGlove_ROS/ros_workspace/install/senseglove_shared_resources/share/roseus/ros/senseglove_shared_resources/manifest.l
[0.799s] -- Up-to-date: /home/rogier/SenseGlove_ROS/ros_workspace/install/senseglove_shared_resources/share/common-lisp/ros/senseglove_shared_resources
[0.799s] -- Up-to-date: /home/rogier/SenseGlove_ROS/ros_workspace/install/senseglove_shared_resources/share/common-lisp/ros/senseglove_shared_resources/msg
[0.800s] -- Up-to-date: /home/rogier/SenseGlove_ROS/ros_workspace/install/senseglove_shared_resources/share/common-lisp/ros/senseglove_shared_resources/msg/_package.lisp
[0.800s] -- Up-to-date: /home/rogier/SenseGlove_ROS/ros_workspace/install/senseglove_shared_resources/share/common-lisp/ros/senseglove_shared_resources/msg/senseglove_shared_resources-msg.asd
[0.800s] -- Up-to-date: /home/rogier/SenseGlove_ROS/ros_workspace/install/senseglove_shared_resources/share/common-lisp/ros/senseglove_shared_resources/msg/_package_senseglove.lisp
[0.800s] -- Up-to-date: /home/rogier/SenseGlove_ROS/ros_workspace/install/senseglove_shared_resources/share/common-lisp/ros/senseglove_shared_resources/msg/senseglove.lisp
[0.801s] -- Up-to-date: /home/rogier/SenseGlove_ROS/ros_workspace/install/senseglove_shared_resources/share/gennodejs/ros/senseglove_shared_resources
[0.803s] -- Up-to-date: /home/rogier/SenseGlove_ROS/ros_workspace/install/senseglove_shared_resources/share/gennodejs/ros/senseglove_shared_resources/msg
[0.803s] -- Up-to-date: /home/rogier/SenseGlove_ROS/ros_workspace/install/senseglove_shared_resources/share/gennodejs/ros/senseglove_shared_resources/msg/_index.js
[0.804s] -- Up-to-date: /home/rogier/SenseGlove_ROS/ros_workspace/install/senseglove_shared_resources/share/gennodejs/ros/senseglove_shared_resources/msg/senseglove.js
[0.804s] -- Up-to-date: /home/rogier/SenseGlove_ROS/ros_workspace/install/senseglove_shared_resources/share/gennodejs/ros/senseglove_shared_resources/_index.js
[0.821s] Listing /home/rogier/SenseGlove_ROS/ros_workspace/build/senseglove_shared_resources/devel/lib/python2.7/dist-packages/senseglove_shared_resources ...
[0.822s] Listing /home/rogier/SenseGlove_ROS/ros_workspace/build/senseglove_shared_resources/devel/lib/python2.7/dist-packages/senseglove_shared_resources/msg ...
[0.823s] -- Up-to-date: /home/rogier/SenseGlove_ROS/ros_workspace/install/senseglove_shared_resources/lib/python2.7/dist-packages/senseglove_shared_resources
[0.823s] -- Up-to-date: /home/rogier/SenseGlove_ROS/ros_workspace/install/senseglove_shared_resources/lib/python2.7/dist-packages/senseglove_shared_resources/__init__.pyc
[0.823s] -- Up-to-date: /home/rogier/SenseGlove_ROS/ros_workspace/install/senseglove_shared_resources/lib/python2.7/dist-packages/senseglove_shared_resources/msg
[0.823s] -- Up-to-date: /home/rogier/SenseGlove_ROS/ros_workspace/install/senseglove_shared_resources/lib/python2.7/dist-packages/senseglove_shared_resources/msg/__init__.pyc
[0.823s] -- Up-to-date: /home/rogier/SenseGlove_ROS/ros_workspace/install/senseglove_shared_resources/lib/python2.7/dist-packages/senseglove_shared_resources/msg/__init__.py
[0.823s] -- Up-to-date: /home/rogier/SenseGlove_ROS/ros_workspace/install/senseglove_shared_resources/lib/python2.7/dist-packages/senseglove_shared_resources/msg/_senseglove.pyc
[0.824s] -- Up-to-date: /home/rogier/SenseGlove_ROS/ros_workspace/install/senseglove_shared_resources/lib/python2.7/dist-packages/senseglove_shared_resources/msg/_senseglove.py
[0.824s] -- Up-to-date: /home/rogier/SenseGlove_ROS/ros_workspace/install/senseglove_shared_resources/lib/python2.7/dist-packages/senseglove_shared_resources/__init__.py
[0.824s] -- Up-to-date: /home/rogier/SenseGlove_ROS/ros_workspace/install/senseglove_shared_resources/lib/pkgconfig/senseglove_shared_resources.pc
[0.824s] -- Up-to-date: /home/rogier/SenseGlove_ROS/ros_workspace/install/senseglove_shared_resources/share/senseglove_shared_resources/cmake/senseglove_shared_resources-msg-extras.cmake
[0.824s] -- Up-to-date: /home/rogier/SenseGlove_ROS/ros_workspace/install/senseglove_shared_resources/share/senseglove_shared_resources/cmake/senseglove_shared_resourcesConfig.cmake
[0.824s] -- Up-to-date: /home/rogier/SenseGlove_ROS/ros_workspace/install/senseglove_shared_resources/share/senseglove_shared_resources/cmake/senseglove_shared_resourcesConfig-version.cmake
[0.824s] -- Up-to-date: /home/rogier/SenseGlove_ROS/ros_workspace/install/senseglove_shared_resources/share/senseglove_shared_resources/package.xml
[0.827s] Invoked command in '/home/rogier/SenseGlove_ROS/ros_workspace/build/senseglove_shared_resources' returned '0': /usr/bin/cmake --build /home/rogier/SenseGlove_ROS/ros_workspace/build/senseglove_shared_resources --target install -- -j8 -l8
