[0.033s] Invoking command in '/home/rogier/SenseGlove_ROS/ros_workspace/build/senseglove_description': /usr/bin/cmake --build /home/rogier/SenseGlove_ROS/ros_workspace/build/senseglove_description -- -j8 -l8
[0.107s] [ 75%] Built target senseglove_description_dk1_xacro_to_devel_space_
[0.124s] [100%] Built target senseglove_description_dk1_xacro
[0.164s] [100%] Built target senseglove_description_xacro_generated_to_devel_space_
[0.190s] Invoked command in '/home/rogier/SenseGlove_ROS/ros_workspace/build/senseglove_description' returned '0': /usr/bin/cmake --build /home/rogier/SenseGlove_ROS/ros_workspace/build/senseglove_description -- -j8 -l8
[0.259s] Invoking command in '/home/rogier/SenseGlove_ROS/ros_workspace/build/senseglove_description': /usr/bin/cmake --build /home/rogier/SenseGlove_ROS/ros_workspace/build/senseglove_description --target tests -- -j8 -l8
[0.343s] Built target tests
[0.355s] Invoked command in '/home/rogier/SenseGlove_ROS/ros_workspace/build/senseglove_description' returned '0': /usr/bin/cmake --build /home/rogier/SenseGlove_ROS/ros_workspace/build/senseglove_description --target tests -- -j8 -l8
[0.405s] Invoking command in '/home/rogier/SenseGlove_ROS/ros_workspace/build/senseglove_description': /usr/bin/cmake --build /home/rogier/SenseGlove_ROS/ros_workspace/build/senseglove_description --target install -- -j8 -l8
[0.469s] [ 75%] Built target senseglove_description_dk1_xacro_to_devel_space_
[0.474s] [100%] Built target senseglove_description_dk1_xacro
[0.495s] [100%] Built target senseglove_description_xacro_generated_to_devel_space_
[0.519s] [36mInstall the project...[0m
[0.528s] -- Install configuration: ""
[0.529s] -- Up-to-date: /home/rogier/SenseGlove_ROS/ros_workspace/install/senseglove_description/lib/pkgconfig/senseglove_description.pc
[0.529s] -- Up-to-date: /home/rogier/SenseGlove_ROS/ros_workspace/install/senseglove_description/share/senseglove_description/cmake/senseglove_description-extras.cmake
[0.529s] -- Up-to-date: /home/rogier/SenseGlove_ROS/ros_workspace/install/senseglove_description/share/senseglove_description/cmake/senseglove_descriptionConfig.cmake
[0.529s] -- Up-to-date: /home/rogier/SenseGlove_ROS/ros_workspace/install/senseglove_description/share/senseglove_description/cmake/senseglove_descriptionConfig-version.cmake
[0.529s] -- Up-to-date: /home/rogier/SenseGlove_ROS/ros_workspace/install/senseglove_description/share/senseglove_description/package.xml
[0.530s] -- Up-to-date: /home/rogier/SenseGlove_ROS/ros_workspace/install/senseglove_description/share/senseglove_description/urdf/dk1.urdf
[0.530s] -- Up-to-date: /home/rogier/SenseGlove_ROS/ros_workspace/install/senseglove_description/share/senseglove_description/urdf
[0.530s] -- Up-to-date: /home/rogier/SenseGlove_ROS/ros_workspace/install/senseglove_description/share/senseglove_description/urdf/dk1.xacro
[0.534s] Invoked command in '/home/rogier/SenseGlove_ROS/ros_workspace/build/senseglove_description' returned '0': /usr/bin/cmake --build /home/rogier/SenseGlove_ROS/ros_workspace/build/senseglove_description --target install -- -j8 -l8
