[0.035s] Invoking command in '/home/rogier/SenseGlove_ROS/ros_workspace/build/senseglove_description': /usr/bin/cmake --build /home/rogier/SenseGlove_ROS/ros_workspace/build/senseglove_description -- -j8 -l8
[0.110s] [ 25%] Built target senseglove_description_dk1_xacro
[0.118s] [100%] Built target senseglove_description_dk1_xacro_to_devel_space_
[0.169s] [100%] Built target senseglove_description_xacro_generated_to_devel_space_
[0.191s] Invoked command in '/home/rogier/SenseGlove_ROS/ros_workspace/build/senseglove_description' returned '0': /usr/bin/cmake --build /home/rogier/SenseGlove_ROS/ros_workspace/build/senseglove_description -- -j8 -l8
[0.256s] Invoking command in '/home/rogier/SenseGlove_ROS/ros_workspace/build/senseglove_description': /usr/bin/cmake --build /home/rogier/SenseGlove_ROS/ros_workspace/build/senseglove_description --target tests -- -j8 -l8
[0.329s] Built target tests
[0.341s] Invoked command in '/home/rogier/SenseGlove_ROS/ros_workspace/build/senseglove_description' returned '0': /usr/bin/cmake --build /home/rogier/SenseGlove_ROS/ros_workspace/build/senseglove_description --target tests -- -j8 -l8
[0.386s] Invoking command in '/home/rogier/SenseGlove_ROS/ros_workspace/build/senseglove_description': /usr/bin/cmake --build /home/rogier/SenseGlove_ROS/ros_workspace/build/senseglove_description --target install -- -j8 -l8
[0.460s] [ 75%] Built target senseglove_description_dk1_xacro
[0.460s] [100%] Built target senseglove_description_dk1_xacro_to_devel_space_
[0.485s] [100%] Built target senseglove_description_xacro_generated_to_devel_space_
[0.514s] [36mInstall the project...[0m
[0.526s] -- Install configuration: ""
[0.526s] -- Up-to-date: /home/rogier/SenseGlove_ROS/ros_workspace/install/senseglove_description/lib/pkgconfig/senseglove_description.pc
[0.526s] -- Up-to-date: /home/rogier/SenseGlove_ROS/ros_workspace/install/senseglove_description/share/senseglove_description/cmake/senseglove_description-extras.cmake
[0.526s] -- Up-to-date: /home/rogier/SenseGlove_ROS/ros_workspace/install/senseglove_description/share/senseglove_description/cmake/senseglove_descriptionConfig.cmake
[0.526s] -- Up-to-date: /home/rogier/SenseGlove_ROS/ros_workspace/install/senseglove_description/share/senseglove_description/cmake/senseglove_descriptionConfig-version.cmake
[0.527s] -- Up-to-date: /home/rogier/SenseGlove_ROS/ros_workspace/install/senseglove_description/share/senseglove_description/package.xml
[0.527s] -- Up-to-date: /home/rogier/SenseGlove_ROS/ros_workspace/install/senseglove_description/share/senseglove_description/urdf/dk1.urdf
[0.527s] -- Up-to-date: /home/rogier/SenseGlove_ROS/ros_workspace/install/senseglove_description/share/senseglove_description/urdf
[0.527s] -- Up-to-date: /home/rogier/SenseGlove_ROS/ros_workspace/install/senseglove_description/share/senseglove_description/urdf/dk1.xacro
[0.531s] Invoked command in '/home/rogier/SenseGlove_ROS/ros_workspace/build/senseglove_description' returned '0': /usr/bin/cmake --build /home/rogier/SenseGlove_ROS/ros_workspace/build/senseglove_description --target install -- -j8 -l8
