[35m[1mScanning dependencies of target _senseglove_shared_resources_generate_messages_check_deps_senseglove[0m
[35m[1mScanning dependencies of target trajectory_msgs_generate_messages_eus[0m
[35m[1mScanning dependencies of target control_msgs_generate_messages_eus[0m
[35m[1mScanning dependencies of target std_msgs_generate_messages_py[0m
[35m[1mScanning dependencies of target actionlib_msgs_generate_messages_py[0m
[35m[1mScanning dependencies of target actionlib_msgs_generate_messages_eus[0m
[35m[1mScanning dependencies of target std_msgs_generate_messages_eus[0m
[35m[1mScanning dependencies of target control_msgs_generate_messages_py[0m
[  0%] Built target trajectory_msgs_generate_messages_eus
[  0%] Built target control_msgs_generate_messages_eus
[  0%] Built target std_msgs_generate_messages_py
[  0%] Built target actionlib_msgs_generate_messages_py
[  0%] Built target std_msgs_generate_messages_eus
[  0%] Built target actionlib_msgs_generate_messages_eus
[  0%] Built target control_msgs_generate_messages_py
[35m[1mScanning dependencies of target trajectory_msgs_generate_messages_py[0m
[35m[1mScanning dependencies of target std_msgs_generate_messages_nodejs[0m
[35m[1mScanning dependencies of target trajectory_msgs_generate_messages_nodejs[0m
[35m[1mScanning dependencies of target control_msgs_generate_messages_nodejs[0m
[35m[1mScanning dependencies of target actionlib_msgs_generate_messages_nodejs[0m
[35m[1mScanning dependencies of target trajectory_msgs_generate_messages_lisp[0m
[  0%] Built target std_msgs_generate_messages_nodejs
[  0%] Built target trajectory_msgs_generate_messages_py
[35m[1mScanning dependencies of target std_msgs_generate_messages_lisp[0m
[  0%] Built target trajectory_msgs_generate_messages_nodejs
[  0%] Built target control_msgs_generate_messages_nodejs
[  0%] Built target _senseglove_shared_resources_generate_messages_check_deps_senseglove
[  0%] Built target trajectory_msgs_generate_messages_lisp
[35m[1mScanning dependencies of target control_msgs_generate_messages_lisp[0m
[35m[1mScanning dependencies of target std_msgs_generate_messages_cpp[0m
[  0%] Built target actionlib_msgs_generate_messages_nodejs
[35m[1mScanning dependencies of target actionlib_msgs_generate_messages_cpp[0m
[35m[1mScanning dependencies of target actionlib_msgs_generate_messages_lisp[0m
[  0%] Built target std_msgs_generate_messages_lisp
[35m[1mScanning dependencies of target trajectory_msgs_generate_messages_cpp[0m
[  0%] Built target control_msgs_generate_messages_lisp
[35m[1mScanning dependencies of target senseglove_shared_resources_generate_messages_py[0m
[35m[1mScanning dependencies of target senseglove_shared_resources_generate_messages_eus[0m
[35m[1mScanning dependencies of target control_msgs_generate_messages_cpp[0m
[  0%] Built target std_msgs_generate_messages_cpp
[  0%] Built target actionlib_msgs_generate_messages_cpp
[  0%] Built target actionlib_msgs_generate_messages_lisp
[  0%] Built target trajectory_msgs_generate_messages_cpp
[35m[1mScanning dependencies of target senseglove_shared_resources_generate_messages_nodejs[0m
[ 14%] [34m[1mGenerating Python from MSG senseglove_shared_resources/senseglove[0m
[ 28%] [34m[1mGenerating EusLisp code from senseglove_shared_resources/senseglove.msg[0m
[ 28%] Built target control_msgs_generate_messages_cpp
[ 42%] [34m[1mGenerating EusLisp manifest code for senseglove_shared_resources[0m
[35m[1mScanning dependencies of target senseglove_shared_resources_generate_messages_lisp[0m
[ 57%] [34m[1mGenerating Javascript code from senseglove_shared_resources/senseglove.msg[0m
[35m[1mScanning dependencies of target senseglove_shared_resources_generate_messages_cpp[0m
[ 71%] [34m[1mGenerating Lisp code from senseglove_shared_resources/senseglove.msg[0m
[ 85%] [34m[1mGenerating C++ code from senseglove_shared_resources/senseglove.msg[0m
[ 85%] Built target senseglove_shared_resources_generate_messages_nodejs
[ 85%] Built target senseglove_shared_resources_generate_messages_lisp
[100%] [34m[1mGenerating Python msg __init__.py for senseglove_shared_resources[0m
[100%] Built target senseglove_shared_resources_generate_messages_cpp
[100%] Built target senseglove_shared_resources_generate_messages_py
[100%] Built target senseglove_shared_resources_generate_messages_eus
[35m[1mScanning dependencies of target senseglove_shared_resources_generate_messages[0m
[100%] Built target senseglove_shared_resources_generate_messages
