[0.033s] Invoking command in '/home/rogier/SenseGlove_ROS/ros_workspace/build/senseglove_hardware': /usr/bin/cmake --build /home/rogier/SenseGlove_ROS/ros_workspace/build/senseglove_hardware -- -j8 -l8
[0.071s] -- Using CATKIN_DEVEL_PREFIX: /home/rogier/SenseGlove_ROS/ros_workspace/build/senseglove_hardware/devel
[0.072s] -- Using CMAKE_PREFIX_PATH: /home/rogier/march_ws/install/march_tutorials;/home/rogier/march_ws/install/march_temperature_sensor_controller;/home/rogier/march_ws/install/march_launch;/home/rogier/march_ws/install/march_state_machine;/home/rogier/march_ws/install/march_simulation;/home/rogier/march_ws/install/march_rqt_gait_generator;/home/rogier/march_ws/install/march_gait_selection;/home/rogier/march_ws/install/march_shared_classes;/home/rogier/march_ws/install/march_safety;/home/rogier/march_ws/install/march_monitor;/home/rogier/march_ws/install/march_rqt_robot_monitor;/home/rogier/march_ws/install/march_rqt_note_taker;/home/rogier/march_ws/install/march_rqt_input_device;/home/rogier/march_ws/install/march_pdb_state_controller;/home/rogier/march_ws/install/march_joint_inertia_controller;/home/rogier/march_ws/install/march_hardware_interface;/home/rogier/march_ws/install/march_gazebo_plugins;/home/rogier/march_ws/install/march_gait_scheduler;/home/rogier/march_ws/install/march_gain_scheduling;/home/rogier/march_ws/install/march_data_collector;/home/rogier/march_ws/install/march_shared_resources;/home/rogier/march_ws/install/march_rqt_software_check;/home/rogier/march_ws/install/march_rqt_gait_selection;/home/rogier/march_ws/install/march_moveit;/home/rogier/march_ws/install/march_imu_manager;/home/rogier/march_ws/install/march_identification;/home/rogier/march_ws/install/march_hardware_builder;/home/rogier/march_ws/install/march_hardware;/home/rogier/march_ws/install/march_gait_files;/home/rogier/march_ws/install/march_fake_sensor_data;/home/rogier/march_ws/install/march_ems_projects;/home/rogier/march_ws/install/march_description;/opt/ros/melodic
[0.073s] -- This workspace overlays: /home/rogier/march_ws/install/march_tutorials;/home/rogier/march_ws/install/march_temperature_sensor_controller;/home/rogier/march_ws/install/march_launch;/home/rogier/march_ws/install/march_state_machine;/home/rogier/march_ws/install/march_simulation;/home/rogier/march_ws/install/march_rqt_gait_generator;/home/rogier/march_ws/install/march_gait_selection;/home/rogier/march_ws/install/march_shared_classes;/home/rogier/march_ws/install/march_safety;/home/rogier/march_ws/install/march_monitor;/home/rogier/march_ws/install/march_rqt_robot_monitor;/home/rogier/march_ws/install/march_rqt_note_taker;/home/rogier/march_ws/install/march_rqt_input_device;/home/rogier/march_ws/install/march_pdb_state_controller;/home/rogier/march_ws/install/march_joint_inertia_controller;/home/rogier/march_ws/install/march_hardware_interface;/home/rogier/march_ws/install/march_gazebo_plugins;/home/rogier/march_ws/install/march_gait_scheduler;/home/rogier/march_ws/install/march_gain_scheduling;/home/rogier/march_ws/install/march_data_collector;/home/rogier/march_ws/install/march_shared_resources;/home/rogier/march_ws/install/march_rqt_software_check;/home/rogier/march_ws/install/march_rqt_gait_selection;/home/rogier/march_ws/install/march_moveit;/home/rogier/march_ws/install/march_imu_manager;/home/rogier/march_ws/install/march_identification;/home/rogier/march_ws/install/march_hardware_builder;/home/rogier/march_ws/install/march_hardware;/home/rogier/march_ws/install/march_gait_files;/home/rogier/march_ws/install/march_fake_sensor_data;/home/rogier/march_ws/install/march_ems_projects;/home/rogier/march_ws/install/march_description;/opt/ros/melodic
[0.102s] -- Found PythonInterp: /usr/bin/python2 (found suitable version "2.7.17", minimum required is "2") 
[0.102s] -- Using PYTHON_EXECUTABLE: /usr/bin/python2
[0.102s] -- Using Debian Python package layout
[0.103s] -- Using empy: /usr/bin/empy
[0.356s] -- Using CATKIN_ENABLE_TESTING: ON
[0.356s] -- Call enable_testing()
[0.357s] -- Using CATKIN_TEST_RESULTS_DIR: /home/rogier/SenseGlove_ROS/ros_workspace/build/senseglove_hardware/test_results
[0.393s] -- Found gtest sources under '/usr/src/googletest': gtests will be built
[0.393s] -- Found gmock sources under '/usr/src/googletest': gmock will be built
[0.417s] -- Found PythonInterp: /usr/bin/python2 (found version "2.7.17") 
[0.422s] -- Using Python nosetests: /usr/bin/nosetests-2.7
[0.487s] -- catkin 0.7.28
[0.487s] -- BUILD_SHARED_LIBS is on
[1.011s] CMake Error: The following variables are used in this project, but they are set to NOTFOUND.
[1.011s] Please set them or make sure they are set and tested correctly in the CMake files:
[1.011s] SENSEGLOVE
[1.011s]     linked by target "senseglove_hardware" in directory /home/rogier/SenseGlove_ROS/ros_workspace/src/hardware_interface/senseglove_hardware
[1.012s] 
[1.012s] -- Configuring incomplete, errors occurred!
[1.012s] See also "/home/rogier/SenseGlove_ROS/ros_workspace/build/senseglove_hardware/CMakeFiles/CMakeOutput.log".
[1.012s] See also "/home/rogier/SenseGlove_ROS/ros_workspace/build/senseglove_hardware/CMakeFiles/CMakeError.log".
[1.014s] Makefile:604: recipe for target 'cmake_check_build_system' failed
[1.014s] make: *** [cmake_check_build_system] Error 1
[1.016s] Invoked command in '/home/rogier/SenseGlove_ROS/ros_workspace/build/senseglove_hardware' returned '2': /usr/bin/cmake --build /home/rogier/SenseGlove_ROS/ros_workspace/build/senseglove_hardware -- -j8 -l8
