[0.025s] Invoking command in '/home/rogier/SenseGlove_ROS/ros_workspace/build/senseglove_shared_resources': /usr/bin/cmake --build /home/rogier/SenseGlove_ROS/ros_workspace/build/senseglove_shared_resources -- -j8 -l8
[0.103s] [  0%] Built target std_msgs_generate_messages_py
[0.104s] [  0%] Built target actionlib_msgs_generate_messages_eus
[0.104s] [  0%] Built target std_msgs_generate_messages_eus
[0.115s] [  0%] Built target trajectory_msgs_generate_messages_eus
[0.119s] [  0%] Built target control_msgs_generate_messages_py
[0.120s] [  0%] Built target control_msgs_generate_messages_eus
[0.121s] [  0%] Built target actionlib_msgs_generate_messages_py
[0.152s] [  0%] Built target std_msgs_generate_messages_nodejs
[0.155s] [  0%] Built target actionlib_msgs_generate_messages_nodejs
[0.156s] [  0%] Built target trajectory_msgs_generate_messages_nodejs
[0.156s] [  0%] Built target _senseglove_shared_resources_generate_messages_check_deps_senseglove
[0.161s] [  0%] Built target trajectory_msgs_generate_messages_lisp
[0.166s] [  0%] Built target trajectory_msgs_generate_messages_py
[0.177s] [  0%] Built target std_msgs_generate_messages_lisp
[0.182s] [  0%] Built target control_msgs_generate_messages_nodejs
[0.190s] [  0%] Built target std_msgs_generate_messages_cpp
[0.191s] [  0%] Built target actionlib_msgs_generate_messages_lisp
[0.212s] [  0%] Built target control_msgs_generate_messages_cpp
[0.212s] [  0%] Built target control_msgs_generate_messages_lisp
[0.216s] [  0%] Built target actionlib_msgs_generate_messages_cpp
[0.222s] [ 28%] Built target senseglove_shared_resources_generate_messages_eus
[0.223s] [ 28%] Built target trajectory_msgs_generate_messages_cpp
[0.228s] [ 57%] Built target senseglove_shared_resources_generate_messages_py
[0.228s] [ 71%] Built target senseglove_shared_resources_generate_messages_nodejs
[0.244s] [ 85%] Built target senseglove_shared_resources_generate_messages_lisp
[0.252s] [100%] Built target senseglove_shared_resources_generate_messages_cpp
[0.280s] [100%] Built target senseglove_shared_resources_generate_messages
[0.294s] Invoked command in '/home/rogier/SenseGlove_ROS/ros_workspace/build/senseglove_shared_resources' returned '0': /usr/bin/cmake --build /home/rogier/SenseGlove_ROS/ros_workspace/build/senseglove_shared_resources -- -j8 -l8
[0.377s] Invoking command in '/home/rogier/SenseGlove_ROS/ros_workspace/build/senseglove_shared_resources': /usr/bin/cmake --build /home/rogier/SenseGlove_ROS/ros_workspace/build/senseglove_shared_resources --target tests -- -j8 -l8
[0.456s] Built target tests
[0.468s] Invoked command in '/home/rogier/SenseGlove_ROS/ros_workspace/build/senseglove_shared_resources' returned '0': /usr/bin/cmake --build /home/rogier/SenseGlove_ROS/ros_workspace/build/senseglove_shared_resources --target tests -- -j8 -l8
[0.557s] Invoking command in '/home/rogier/SenseGlove_ROS/ros_workspace/build/senseglove_shared_resources': /usr/bin/cmake --build /home/rogier/SenseGlove_ROS/ros_workspace/build/senseglove_shared_resources --target install -- -j8 -l8
[0.634s] [  0%] Built target actionlib_msgs_generate_messages_eus
[0.634s] [  0%] Built target std_msgs_generate_messages_eus
[0.634s] [  0%] Built target trajectory_msgs_generate_messages_eus
[0.635s] [  0%] Built target actionlib_msgs_generate_messages_py
[0.638s] [  0%] Built target control_msgs_generate_messages_eus
[0.650s] [  0%] Built target std_msgs_generate_messages_py
[0.654s] [  0%] Built target control_msgs_generate_messages_py
[0.674s] [  0%] Built target actionlib_msgs_generate_messages_nodejs
[0.678s] [  0%] Built target trajectory_msgs_generate_messages_nodejs
[0.679s] [  0%] Built target std_msgs_generate_messages_nodejs
[0.684s] [  0%] Built target trajectory_msgs_generate_messages_py
[0.687s] [  0%] Built target _senseglove_shared_resources_generate_messages_check_deps_senseglove
[0.688s] [  0%] Built target trajectory_msgs_generate_messages_lisp
[0.698s] [  0%] Built target control_msgs_generate_messages_nodejs
[0.704s] [  0%] Built target std_msgs_generate_messages_lisp
[0.721s] [  0%] Built target std_msgs_generate_messages_cpp
[0.724s] [  0%] Built target control_msgs_generate_messages_lisp
[0.727s] [  0%] Built target actionlib_msgs_generate_messages_cpp
[0.733s] [  0%] Built target control_msgs_generate_messages_cpp
[0.739s] [  0%] Built target actionlib_msgs_generate_messages_lisp
[0.740s] [  0%] Built target trajectory_msgs_generate_messages_cpp
[0.744s] [ 28%] Built target senseglove_shared_resources_generate_messages_eus
[0.745s] [ 57%] Built target senseglove_shared_resources_generate_messages_py
[0.758s] [ 71%] Built target senseglove_shared_resources_generate_messages_nodejs
[0.769s] [ 85%] Built target senseglove_shared_resources_generate_messages_cpp
[0.772s] [100%] Built target senseglove_shared_resources_generate_messages_lisp
[0.798s] [100%] Built target senseglove_shared_resources_generate_messages
[0.826s] [36mInstall the project...[0m
[0.839s] -- Install configuration: ""
[0.839s] -- Up-to-date: /home/rogier/SenseGlove_ROS/ros_workspace/install/senseglove_shared_resources/share/senseglove_shared_resources/msg/senseglove.msg
[0.840s] -- Up-to-date: /home/rogier/SenseGlove_ROS/ros_workspace/install/senseglove_shared_resources/share/senseglove_shared_resources/cmake/senseglove_shared_resources-msg-paths.cmake
[0.840s] -- Up-to-date: /home/rogier/SenseGlove_ROS/ros_workspace/install/senseglove_shared_resources/include/senseglove_shared_resources
[0.840s] -- Up-to-date: /home/rogier/SenseGlove_ROS/ros_workspace/install/senseglove_shared_resources/include/senseglove_shared_resources/senseglove.h
[0.840s] -- Up-to-date: /home/rogier/SenseGlove_ROS/ros_workspace/install/senseglove_shared_resources/share/roseus/ros/senseglove_shared_resources
[0.840s] -- Up-to-date: /home/rogier/SenseGlove_ROS/ros_workspace/install/senseglove_shared_resources/share/roseus/ros/senseglove_shared_resources/msg
[0.841s] -- Up-to-date: /home/rogier/SenseGlove_ROS/ros_workspace/install/senseglove_shared_resources/share/roseus/ros/senseglove_shared_resources/msg/senseglove.l
[0.841s] -- Up-to-date: /home/rogier/SenseGlove_ROS/ros_workspace/install/senseglove_shared_resources/share/roseus/ros/senseglove_shared_resources/manifest.l
[0.841s] -- Up-to-date: /home/rogier/SenseGlove_ROS/ros_workspace/install/senseglove_shared_resources/share/common-lisp/ros/senseglove_shared_resources
[0.841s] -- Up-to-date: /home/rogier/SenseGlove_ROS/ros_workspace/install/senseglove_shared_resources/share/common-lisp/ros/senseglove_shared_resources/msg
[0.841s] -- Up-to-date: /home/rogier/SenseGlove_ROS/ros_workspace/install/senseglove_shared_resources/share/common-lisp/ros/senseglove_shared_resources/msg/_package.lisp
[0.841s] -- Up-to-date: /home/rogier/SenseGlove_ROS/ros_workspace/install/senseglove_shared_resources/share/common-lisp/ros/senseglove_shared_resources/msg/senseglove_shared_resources-msg.asd
[0.841s] -- Up-to-date: /home/rogier/SenseGlove_ROS/ros_workspace/install/senseglove_shared_resources/share/common-lisp/ros/senseglove_shared_resources/msg/_package_senseglove.lisp
[0.842s] -- Up-to-date: /home/rogier/SenseGlove_ROS/ros_workspace/install/senseglove_shared_resources/share/common-lisp/ros/senseglove_shared_resources/msg/senseglove.lisp
[0.842s] -- Up-to-date: /home/rogier/SenseGlove_ROS/ros_workspace/install/senseglove_shared_resources/share/gennodejs/ros/senseglove_shared_resources
[0.842s] -- Up-to-date: /home/rogier/SenseGlove_ROS/ros_workspace/install/senseglove_shared_resources/share/gennodejs/ros/senseglove_shared_resources/msg
[0.842s] -- Up-to-date: /home/rogier/SenseGlove_ROS/ros_workspace/install/senseglove_shared_resources/share/gennodejs/ros/senseglove_shared_resources/msg/_index.js
[0.842s] -- Up-to-date: /home/rogier/SenseGlove_ROS/ros_workspace/install/senseglove_shared_resources/share/gennodejs/ros/senseglove_shared_resources/msg/senseglove.js
[0.842s] -- Up-to-date: /home/rogier/SenseGlove_ROS/ros_workspace/install/senseglove_shared_resources/share/gennodejs/ros/senseglove_shared_resources/_index.js
[0.862s] Listing /home/rogier/SenseGlove_ROS/ros_workspace/build/senseglove_shared_resources/devel/lib/python2.7/dist-packages/senseglove_shared_resources ...
[0.862s] Listing /home/rogier/SenseGlove_ROS/ros_workspace/build/senseglove_shared_resources/devel/lib/python2.7/dist-packages/senseglove_shared_resources/msg ...
[0.867s] -- Up-to-date: /home/rogier/SenseGlove_ROS/ros_workspace/install/senseglove_shared_resources/lib/python2.7/dist-packages/senseglove_shared_resources
[0.867s] -- Up-to-date: /home/rogier/SenseGlove_ROS/ros_workspace/install/senseglove_shared_resources/lib/python2.7/dist-packages/senseglove_shared_resources/__init__.pyc
[0.868s] -- Up-to-date: /home/rogier/SenseGlove_ROS/ros_workspace/install/senseglove_shared_resources/lib/python2.7/dist-packages/senseglove_shared_resources/msg
[0.868s] -- Up-to-date: /home/rogier/SenseGlove_ROS/ros_workspace/install/senseglove_shared_resources/lib/python2.7/dist-packages/senseglove_shared_resources/msg/__init__.pyc
[0.868s] -- Up-to-date: /home/rogier/SenseGlove_ROS/ros_workspace/install/senseglove_shared_resources/lib/python2.7/dist-packages/senseglove_shared_resources/msg/__init__.py
[0.869s] -- Up-to-date: /home/rogier/SenseGlove_ROS/ros_workspace/install/senseglove_shared_resources/lib/python2.7/dist-packages/senseglove_shared_resources/msg/_senseglove.pyc
[0.869s] -- Up-to-date: /home/rogier/SenseGlove_ROS/ros_workspace/install/senseglove_shared_resources/lib/python2.7/dist-packages/senseglove_shared_resources/msg/_senseglove.py
[0.870s] -- Up-to-date: /home/rogier/SenseGlove_ROS/ros_workspace/install/senseglove_shared_resources/lib/python2.7/dist-packages/senseglove_shared_resources/__init__.py
[0.871s] -- Up-to-date: /home/rogier/SenseGlove_ROS/ros_workspace/install/senseglove_shared_resources/lib/pkgconfig/senseglove_shared_resources.pc
[0.872s] -- Up-to-date: /home/rogier/SenseGlove_ROS/ros_workspace/install/senseglove_shared_resources/share/senseglove_shared_resources/cmake/senseglove_shared_resources-msg-extras.cmake
[0.872s] -- Up-to-date: /home/rogier/SenseGlove_ROS/ros_workspace/install/senseglove_shared_resources/share/senseglove_shared_resources/cmake/senseglove_shared_resourcesConfig.cmake
[0.872s] -- Up-to-date: /home/rogier/SenseGlove_ROS/ros_workspace/install/senseglove_shared_resources/share/senseglove_shared_resources/cmake/senseglove_shared_resourcesConfig-version.cmake
[0.872s] -- Up-to-date: /home/rogier/SenseGlove_ROS/ros_workspace/install/senseglove_shared_resources/share/senseglove_shared_resources/package.xml
[0.872s] Invoked command in '/home/rogier/SenseGlove_ROS/ros_workspace/build/senseglove_shared_resources' returned '0': /usr/bin/cmake --build /home/rogier/SenseGlove_ROS/ros_workspace/build/senseglove_shared_resources --target install -- -j8 -l8
