[0.032s] Invoking command in '/home/rogier/SenseGlove_ROS/ros_workspace/build/senseglove_shared_resources': /usr/bin/cmake --build /home/rogier/SenseGlove_ROS/ros_workspace/build/senseglove_shared_resources -- -j8 -l8
[0.108s] [  0%] Built target actionlib_msgs_generate_messages_eus
[0.111s] [  0%] Built target std_msgs_generate_messages_py
[0.114s] [  0%] Built target std_msgs_generate_messages_eus
[0.117s] [  0%] Built target actionlib_msgs_generate_messages_py
[0.118s] [  0%] Built target control_msgs_generate_messages_eus
[0.137s] [  0%] Built target control_msgs_generate_messages_py
[0.138s] [  0%] Built target trajectory_msgs_generate_messages_eus
[0.147s] [  0%] Built target std_msgs_generate_messages_nodejs
[0.154s] [  0%] Built target actionlib_msgs_generate_messages_nodejs
[0.169s] [  0%] Built target trajectory_msgs_generate_messages_py
[0.170s] [  0%] Built target trajectory_msgs_generate_messages_nodejs
[0.177s] [  0%] Built target _senseglove_shared_resources_generate_messages_check_deps_senseglove
[0.180s] [  0%] Built target control_msgs_generate_messages_nodejs
[0.184s] [  0%] Built target trajectory_msgs_generate_messages_lisp
[0.198s] [  0%] Built target actionlib_msgs_generate_messages_lisp
[0.202s] [  0%] Built target std_msgs_generate_messages_lisp
[0.206s] [  0%] Built target std_msgs_generate_messages_cpp
[0.215s] [  0%] Built target control_msgs_generate_messages_lisp
[0.219s] [  0%] Built target actionlib_msgs_generate_messages_cpp
[0.222s] [  0%] Built target trajectory_msgs_generate_messages_cpp
[0.227s] [  0%] Built target control_msgs_generate_messages_cpp
[0.230s] [ 28%] Built target senseglove_shared_resources_generate_messages_eus
[0.232s] [ 57%] Built target senseglove_shared_resources_generate_messages_py
[0.243s] [ 71%] Built target senseglove_shared_resources_generate_messages_nodejs
[0.249s] [ 85%] Built target senseglove_shared_resources_generate_messages_lisp
[0.258s] [100%] Built target senseglove_shared_resources_generate_messages_cpp
[0.287s] [100%] Built target senseglove_shared_resources_generate_messages
[0.304s] Invoked command in '/home/rogier/SenseGlove_ROS/ros_workspace/build/senseglove_shared_resources' returned '0': /usr/bin/cmake --build /home/rogier/SenseGlove_ROS/ros_workspace/build/senseglove_shared_resources -- -j8 -l8
[0.376s] Invoking command in '/home/rogier/SenseGlove_ROS/ros_workspace/build/senseglove_shared_resources': /usr/bin/cmake --build /home/rogier/SenseGlove_ROS/ros_workspace/build/senseglove_shared_resources --target tests -- -j8 -l8
[0.462s] Built target tests
[0.474s] Invoked command in '/home/rogier/SenseGlove_ROS/ros_workspace/build/senseglove_shared_resources' returned '0': /usr/bin/cmake --build /home/rogier/SenseGlove_ROS/ros_workspace/build/senseglove_shared_resources --target tests -- -j8 -l8
[0.539s] Invoking command in '/home/rogier/SenseGlove_ROS/ros_workspace/build/senseglove_shared_resources': /usr/bin/cmake --build /home/rogier/SenseGlove_ROS/ros_workspace/build/senseglove_shared_resources --target install -- -j8 -l8
[0.615s] [  0%] Built target control_msgs_generate_messages_eus
[0.615s] [  0%] Built target std_msgs_generate_messages_eus
[0.615s] [  0%] Built target actionlib_msgs_generate_messages_eus
[0.617s] [  0%] Built target actionlib_msgs_generate_messages_py
[0.618s] [  0%] Built target std_msgs_generate_messages_py
[0.629s] [  0%] Built target trajectory_msgs_generate_messages_eus
[0.633s] [  0%] Built target control_msgs_generate_messages_py
[0.652s] [  0%] Built target trajectory_msgs_generate_messages_py
[0.658s] [  0%] Built target std_msgs_generate_messages_nodejs
[0.666s] [  0%] Built target actionlib_msgs_generate_messages_nodejs
[0.666s] [  0%] Built target trajectory_msgs_generate_messages_nodejs
[0.671s] [  0%] Built target control_msgs_generate_messages_nodejs
[0.675s] [  0%] Built target _senseglove_shared_resources_generate_messages_check_deps_senseglove
[0.681s] [  0%] Built target trajectory_msgs_generate_messages_lisp
[0.687s] [  0%] Built target std_msgs_generate_messages_lisp
[0.693s] [  0%] Built target actionlib_msgs_generate_messages_lisp
[0.701s] [  0%] Built target control_msgs_generate_messages_lisp
[0.709s] [  0%] Built target actionlib_msgs_generate_messages_cpp
[0.712s] [  0%] Built target std_msgs_generate_messages_cpp
[0.721s] [  0%] Built target trajectory_msgs_generate_messages_cpp
[0.723s] [  0%] Built target control_msgs_generate_messages_cpp
[0.727s] [ 28%] Built target senseglove_shared_resources_generate_messages_py
[0.733s] [ 57%] Built target senseglove_shared_resources_generate_messages_eus
[0.735s] [ 71%] Built target senseglove_shared_resources_generate_messages_nodejs
[0.745s] [ 85%] Built target senseglove_shared_resources_generate_messages_lisp
[0.749s] [100%] Built target senseglove_shared_resources_generate_messages_cpp
[0.772s] [100%] Built target senseglove_shared_resources_generate_messages
[0.799s] [36mInstall the project...[0m
[0.809s] -- Install configuration: ""
[0.810s] -- Up-to-date: /home/rogier/SenseGlove_ROS/ros_workspace/install/senseglove_shared_resources/share/senseglove_shared_resources/msg/senseglove.msg
[0.810s] -- Up-to-date: /home/rogier/SenseGlove_ROS/ros_workspace/install/senseglove_shared_resources/share/senseglove_shared_resources/cmake/senseglove_shared_resources-msg-paths.cmake
[0.810s] -- Up-to-date: /home/rogier/SenseGlove_ROS/ros_workspace/install/senseglove_shared_resources/include/senseglove_shared_resources
[0.810s] -- Up-to-date: /home/rogier/SenseGlove_ROS/ros_workspace/install/senseglove_shared_resources/include/senseglove_shared_resources/senseglove.h
[0.810s] -- Up-to-date: /home/rogier/SenseGlove_ROS/ros_workspace/install/senseglove_shared_resources/share/roseus/ros/senseglove_shared_resources
[0.810s] -- Up-to-date: /home/rogier/SenseGlove_ROS/ros_workspace/install/senseglove_shared_resources/share/roseus/ros/senseglove_shared_resources/msg
[0.811s] -- Up-to-date: /home/rogier/SenseGlove_ROS/ros_workspace/install/senseglove_shared_resources/share/roseus/ros/senseglove_shared_resources/msg/senseglove.l
[0.811s] -- Up-to-date: /home/rogier/SenseGlove_ROS/ros_workspace/install/senseglove_shared_resources/share/roseus/ros/senseglove_shared_resources/manifest.l
[0.811s] -- Up-to-date: /home/rogier/SenseGlove_ROS/ros_workspace/install/senseglove_shared_resources/share/common-lisp/ros/senseglove_shared_resources
[0.811s] -- Up-to-date: /home/rogier/SenseGlove_ROS/ros_workspace/install/senseglove_shared_resources/share/common-lisp/ros/senseglove_shared_resources/msg
[0.811s] -- Up-to-date: /home/rogier/SenseGlove_ROS/ros_workspace/install/senseglove_shared_resources/share/common-lisp/ros/senseglove_shared_resources/msg/_package.lisp
[0.811s] -- Up-to-date: /home/rogier/SenseGlove_ROS/ros_workspace/install/senseglove_shared_resources/share/common-lisp/ros/senseglove_shared_resources/msg/senseglove_shared_resources-msg.asd
[0.811s] -- Up-to-date: /home/rogier/SenseGlove_ROS/ros_workspace/install/senseglove_shared_resources/share/common-lisp/ros/senseglove_shared_resources/msg/_package_senseglove.lisp
[0.811s] -- Up-to-date: /home/rogier/SenseGlove_ROS/ros_workspace/install/senseglove_shared_resources/share/common-lisp/ros/senseglove_shared_resources/msg/senseglove.lisp
[0.811s] -- Up-to-date: /home/rogier/SenseGlove_ROS/ros_workspace/install/senseglove_shared_resources/share/gennodejs/ros/senseglove_shared_resources
[0.811s] -- Up-to-date: /home/rogier/SenseGlove_ROS/ros_workspace/install/senseglove_shared_resources/share/gennodejs/ros/senseglove_shared_resources/msg
[0.812s] -- Up-to-date: /home/rogier/SenseGlove_ROS/ros_workspace/install/senseglove_shared_resources/share/gennodejs/ros/senseglove_shared_resources/msg/_index.js
[0.812s] -- Up-to-date: /home/rogier/SenseGlove_ROS/ros_workspace/install/senseglove_shared_resources/share/gennodejs/ros/senseglove_shared_resources/msg/senseglove.js
[0.812s] -- Up-to-date: /home/rogier/SenseGlove_ROS/ros_workspace/install/senseglove_shared_resources/share/gennodejs/ros/senseglove_shared_resources/_index.js
[0.827s] Listing /home/rogier/SenseGlove_ROS/ros_workspace/build/senseglove_shared_resources/devel/lib/python2.7/dist-packages/senseglove_shared_resources ...
[0.828s] Listing /home/rogier/SenseGlove_ROS/ros_workspace/build/senseglove_shared_resources/devel/lib/python2.7/dist-packages/senseglove_shared_resources/msg ...
[0.828s] -- Up-to-date: /home/rogier/SenseGlove_ROS/ros_workspace/install/senseglove_shared_resources/lib/python2.7/dist-packages/senseglove_shared_resources
[0.828s] -- Up-to-date: /home/rogier/SenseGlove_ROS/ros_workspace/install/senseglove_shared_resources/lib/python2.7/dist-packages/senseglove_shared_resources/__init__.pyc
[0.829s] -- Up-to-date: /home/rogier/SenseGlove_ROS/ros_workspace/install/senseglove_shared_resources/lib/python2.7/dist-packages/senseglove_shared_resources/msg
[0.829s] -- Up-to-date: /home/rogier/SenseGlove_ROS/ros_workspace/install/senseglove_shared_resources/lib/python2.7/dist-packages/senseglove_shared_resources/msg/__init__.pyc
[0.829s] -- Up-to-date: /home/rogier/SenseGlove_ROS/ros_workspace/install/senseglove_shared_resources/lib/python2.7/dist-packages/senseglove_shared_resources/msg/__init__.py
[0.829s] -- Up-to-date: /home/rogier/SenseGlove_ROS/ros_workspace/install/senseglove_shared_resources/lib/python2.7/dist-packages/senseglove_shared_resources/msg/_senseglove.pyc
[0.829s] -- Up-to-date: /home/rogier/SenseGlove_ROS/ros_workspace/install/senseglove_shared_resources/lib/python2.7/dist-packages/senseglove_shared_resources/msg/_senseglove.py
[0.829s] -- Up-to-date: /home/rogier/SenseGlove_ROS/ros_workspace/install/senseglove_shared_resources/lib/python2.7/dist-packages/senseglove_shared_resources/__init__.py
[0.829s] -- Up-to-date: /home/rogier/SenseGlove_ROS/ros_workspace/install/senseglove_shared_resources/lib/pkgconfig/senseglove_shared_resources.pc
[0.829s] -- Up-to-date: /home/rogier/SenseGlove_ROS/ros_workspace/install/senseglove_shared_resources/share/senseglove_shared_resources/cmake/senseglove_shared_resources-msg-extras.cmake
[0.829s] -- Up-to-date: /home/rogier/SenseGlove_ROS/ros_workspace/install/senseglove_shared_resources/share/senseglove_shared_resources/cmake/senseglove_shared_resourcesConfig.cmake
[0.829s] -- Up-to-date: /home/rogier/SenseGlove_ROS/ros_workspace/install/senseglove_shared_resources/share/senseglove_shared_resources/cmake/senseglove_shared_resourcesConfig-version.cmake
[0.829s] -- Up-to-date: /home/rogier/SenseGlove_ROS/ros_workspace/install/senseglove_shared_resources/share/senseglove_shared_resources/package.xml
[0.833s] Invoked command in '/home/rogier/SenseGlove_ROS/ros_workspace/build/senseglove_shared_resources' returned '0': /usr/bin/cmake --build /home/rogier/SenseGlove_ROS/ros_workspace/build/senseglove_shared_resources --target install -- -j8 -l8
