[0.030s] Invoking command in '/home/rogier/SenseGlove_ROS/ros_workspace/build/senseglove_shared_resources': /usr/bin/cmake --build /home/rogier/SenseGlove_ROS/ros_workspace/build/senseglove_shared_resources -- -j8 -l8
[0.109s] [  0%] Built target trajectory_msgs_generate_messages_eus
[0.113s] [  0%] Built target std_msgs_generate_messages_eus
[0.114s] [  0%] Built target control_msgs_generate_messages_eus
[0.114s] [  0%] Built target actionlib_msgs_generate_messages_py
[0.122s] [  0%] Built target actionlib_msgs_generate_messages_eus
[0.122s] [  0%] Built target control_msgs_generate_messages_py
[0.125s] [  0%] Built target std_msgs_generate_messages_py
[0.150s] [  0%] Built target std_msgs_generate_messages_nodejs
[0.152s] [  0%] Built target actionlib_msgs_generate_messages_nodejs
[0.161s] [  0%] Built target trajectory_msgs_generate_messages_py
[0.165s] [  0%] Built target control_msgs_generate_messages_nodejs
[0.167s] [  0%] Built target trajectory_msgs_generate_messages_nodejs
[0.170s] [  0%] Built target trajectory_msgs_generate_messages_lisp
[0.172s] [  0%] Built target std_msgs_generate_messages_lisp
[0.183s] [  0%] Built target _senseglove_shared_resources_generate_messages_check_deps_senseglove
[0.190s] [  0%] Built target actionlib_msgs_generate_messages_lisp
[0.196s] [  0%] Built target std_msgs_generate_messages_cpp
[0.207s] [  0%] Built target control_msgs_generate_messages_lisp
[0.209s] [  0%] Built target actionlib_msgs_generate_messages_cpp
[0.213s] [  0%] Built target control_msgs_generate_messages_cpp
[0.221s] [  0%] Built target trajectory_msgs_generate_messages_cpp
[0.222s] [ 28%] Built target senseglove_shared_resources_generate_messages_py
[0.223s] [ 42%] Built target senseglove_shared_resources_generate_messages_nodejs
[0.224s] [ 71%] Built target senseglove_shared_resources_generate_messages_eus
[0.237s] [ 85%] Built target senseglove_shared_resources_generate_messages_lisp
[0.247s] [100%] Built target senseglove_shared_resources_generate_messages_cpp
[0.274s] [100%] Built target senseglove_shared_resources_generate_messages
[0.286s] Invoked command in '/home/rogier/SenseGlove_ROS/ros_workspace/build/senseglove_shared_resources' returned '0': /usr/bin/cmake --build /home/rogier/SenseGlove_ROS/ros_workspace/build/senseglove_shared_resources -- -j8 -l8
[0.352s] Invoking command in '/home/rogier/SenseGlove_ROS/ros_workspace/build/senseglove_shared_resources': /usr/bin/cmake --build /home/rogier/SenseGlove_ROS/ros_workspace/build/senseglove_shared_resources --target tests -- -j8 -l8
[0.413s] [35m[1mScanning dependencies of target tests[0m
[0.424s] Built target tests
[0.437s] Invoked command in '/home/rogier/SenseGlove_ROS/ros_workspace/build/senseglove_shared_resources' returned '0': /usr/bin/cmake --build /home/rogier/SenseGlove_ROS/ros_workspace/build/senseglove_shared_resources --target tests -- -j8 -l8
[0.532s] Invoking command in '/home/rogier/SenseGlove_ROS/ros_workspace/build/senseglove_shared_resources': /usr/bin/cmake --build /home/rogier/SenseGlove_ROS/ros_workspace/build/senseglove_shared_resources --target install -- -j8 -l8
[0.606s] [  0%] Built target std_msgs_generate_messages_eus
[0.607s] [  0%] Built target trajectory_msgs_generate_messages_eus
[0.608s] [  0%] Built target std_msgs_generate_messages_py
[0.608s] [  0%] Built target actionlib_msgs_generate_messages_py
[0.617s] [  0%] Built target control_msgs_generate_messages_eus
[0.622s] [  0%] Built target control_msgs_generate_messages_py
[0.622s] [  0%] Built target actionlib_msgs_generate_messages_eus
[0.647s] [  0%] Built target trajectory_msgs_generate_messages_py
[0.650s] [  0%] Built target actionlib_msgs_generate_messages_nodejs
[0.660s] [  0%] Built target _senseglove_shared_resources_generate_messages_check_deps_senseglove
[0.663s] [  0%] Built target trajectory_msgs_generate_messages_nodejs
[0.663s] [  0%] Built target std_msgs_generate_messages_lisp
[0.665s] [  0%] Built target std_msgs_generate_messages_nodejs
[0.673s] [  0%] Built target control_msgs_generate_messages_nodejs
[0.674s] [  0%] Built target trajectory_msgs_generate_messages_lisp
[0.683s] [  0%] Built target actionlib_msgs_generate_messages_lisp
[0.696s] [  0%] Built target control_msgs_generate_messages_lisp
[0.706s] [  0%] Built target control_msgs_generate_messages_cpp
[0.709s] [  0%] Built target std_msgs_generate_messages_cpp
[0.713s] [  0%] Built target actionlib_msgs_generate_messages_cpp
[0.717s] [  0%] Built target trajectory_msgs_generate_messages_cpp
[0.720s] [ 28%] Built target senseglove_shared_resources_generate_messages_eus
[0.730s] [ 71%] Built target senseglove_shared_resources_generate_messages_nodejs
[0.730s] [ 71%] Built target senseglove_shared_resources_generate_messages_py
[0.742s] [ 85%] Built target senseglove_shared_resources_generate_messages_lisp
[0.746s] [100%] Built target senseglove_shared_resources_generate_messages_cpp
[0.772s] [100%] Built target senseglove_shared_resources_generate_messages
[0.800s] [36mInstall the project...[0m
[0.812s] -- Install configuration: ""
[0.812s] -- Installing: /home/rogier/SenseGlove_ROS/ros_workspace/install/senseglove_shared_resources/share/senseglove_shared_resources/msg/senseglove.msg
[0.812s] -- Installing: /home/rogier/SenseGlove_ROS/ros_workspace/install/senseglove_shared_resources/share/senseglove_shared_resources/cmake/senseglove_shared_resources-msg-paths.cmake
[0.812s] -- Installing: /home/rogier/SenseGlove_ROS/ros_workspace/install/senseglove_shared_resources/include/senseglove_shared_resources
[0.812s] -- Installing: /home/rogier/SenseGlove_ROS/ros_workspace/install/senseglove_shared_resources/include/senseglove_shared_resources/senseglove.h
[0.812s] -- Installing: /home/rogier/SenseGlove_ROS/ros_workspace/install/senseglove_shared_resources/share/roseus/ros/senseglove_shared_resources
[0.813s] -- Installing: /home/rogier/SenseGlove_ROS/ros_workspace/install/senseglove_shared_resources/share/roseus/ros/senseglove_shared_resources/msg
[0.813s] -- Installing: /home/rogier/SenseGlove_ROS/ros_workspace/install/senseglove_shared_resources/share/roseus/ros/senseglove_shared_resources/msg/senseglove.l
[0.813s] -- Installing: /home/rogier/SenseGlove_ROS/ros_workspace/install/senseglove_shared_resources/share/roseus/ros/senseglove_shared_resources/manifest.l
[0.813s] -- Installing: /home/rogier/SenseGlove_ROS/ros_workspace/install/senseglove_shared_resources/share/common-lisp/ros/senseglove_shared_resources
[0.813s] -- Installing: /home/rogier/SenseGlove_ROS/ros_workspace/install/senseglove_shared_resources/share/common-lisp/ros/senseglove_shared_resources/msg
[0.813s] -- Installing: /home/rogier/SenseGlove_ROS/ros_workspace/install/senseglove_shared_resources/share/common-lisp/ros/senseglove_shared_resources/msg/_package.lisp
[0.813s] -- Installing: /home/rogier/SenseGlove_ROS/ros_workspace/install/senseglove_shared_resources/share/common-lisp/ros/senseglove_shared_resources/msg/senseglove_shared_resources-msg.asd
[0.814s] -- Installing: /home/rogier/SenseGlove_ROS/ros_workspace/install/senseglove_shared_resources/share/common-lisp/ros/senseglove_shared_resources/msg/_package_senseglove.lisp
[0.814s] -- Installing: /home/rogier/SenseGlove_ROS/ros_workspace/install/senseglove_shared_resources/share/common-lisp/ros/senseglove_shared_resources/msg/senseglove.lisp
[0.814s] -- Installing: /home/rogier/SenseGlove_ROS/ros_workspace/install/senseglove_shared_resources/share/gennodejs/ros/senseglove_shared_resources
[0.814s] -- Installing: /home/rogier/SenseGlove_ROS/ros_workspace/install/senseglove_shared_resources/share/gennodejs/ros/senseglove_shared_resources/msg
[0.814s] -- Installing: /home/rogier/SenseGlove_ROS/ros_workspace/install/senseglove_shared_resources/share/gennodejs/ros/senseglove_shared_resources/msg/_index.js
[0.814s] -- Installing: /home/rogier/SenseGlove_ROS/ros_workspace/install/senseglove_shared_resources/share/gennodejs/ros/senseglove_shared_resources/msg/senseglove.js
[0.814s] -- Installing: /home/rogier/SenseGlove_ROS/ros_workspace/install/senseglove_shared_resources/share/gennodejs/ros/senseglove_shared_resources/_index.js
[0.831s] Listing /home/rogier/SenseGlove_ROS/ros_workspace/build/senseglove_shared_resources/devel/lib/python2.7/dist-packages/senseglove_shared_resources ...
[0.831s] Compiling /home/rogier/SenseGlove_ROS/ros_workspace/build/senseglove_shared_resources/devel/lib/python2.7/dist-packages/senseglove_shared_resources/__init__.py ...
[0.831s] Listing /home/rogier/SenseGlove_ROS/ros_workspace/build/senseglove_shared_resources/devel/lib/python2.7/dist-packages/senseglove_shared_resources/msg ...
[0.831s] Compiling /home/rogier/SenseGlove_ROS/ros_workspace/build/senseglove_shared_resources/devel/lib/python2.7/dist-packages/senseglove_shared_resources/msg/__init__.py ...
[0.832s] Compiling /home/rogier/SenseGlove_ROS/ros_workspace/build/senseglove_shared_resources/devel/lib/python2.7/dist-packages/senseglove_shared_resources/msg/_senseglove.py ...
[0.833s] -- Installing: /home/rogier/SenseGlove_ROS/ros_workspace/install/senseglove_shared_resources/lib/python2.7/dist-packages/senseglove_shared_resources
[0.833s] -- Installing: /home/rogier/SenseGlove_ROS/ros_workspace/install/senseglove_shared_resources/lib/python2.7/dist-packages/senseglove_shared_resources/__init__.pyc
[0.833s] -- Installing: /home/rogier/SenseGlove_ROS/ros_workspace/install/senseglove_shared_resources/lib/python2.7/dist-packages/senseglove_shared_resources/msg
[0.833s] -- Installing: /home/rogier/SenseGlove_ROS/ros_workspace/install/senseglove_shared_resources/lib/python2.7/dist-packages/senseglove_shared_resources/msg/__init__.pyc
[0.833s] -- Installing: /home/rogier/SenseGlove_ROS/ros_workspace/install/senseglove_shared_resources/lib/python2.7/dist-packages/senseglove_shared_resources/msg/__init__.py
[0.833s] -- Installing: /home/rogier/SenseGlove_ROS/ros_workspace/install/senseglove_shared_resources/lib/python2.7/dist-packages/senseglove_shared_resources/msg/_senseglove.pyc
[0.833s] -- Installing: /home/rogier/SenseGlove_ROS/ros_workspace/install/senseglove_shared_resources/lib/python2.7/dist-packages/senseglove_shared_resources/msg/_senseglove.py
[0.833s] -- Installing: /home/rogier/SenseGlove_ROS/ros_workspace/install/senseglove_shared_resources/lib/python2.7/dist-packages/senseglove_shared_resources/__init__.py
[0.834s] -- Installing: /home/rogier/SenseGlove_ROS/ros_workspace/install/senseglove_shared_resources/lib/pkgconfig/senseglove_shared_resources.pc
[0.834s] -- Installing: /home/rogier/SenseGlove_ROS/ros_workspace/install/senseglove_shared_resources/share/senseglove_shared_resources/cmake/senseglove_shared_resources-msg-extras.cmake
[0.834s] -- Installing: /home/rogier/SenseGlove_ROS/ros_workspace/install/senseglove_shared_resources/share/senseglove_shared_resources/cmake/senseglove_shared_resourcesConfig.cmake
[0.834s] -- Installing: /home/rogier/SenseGlove_ROS/ros_workspace/install/senseglove_shared_resources/share/senseglove_shared_resources/cmake/senseglove_shared_resourcesConfig-version.cmake
[0.834s] -- Installing: /home/rogier/SenseGlove_ROS/ros_workspace/install/senseglove_shared_resources/share/senseglove_shared_resources/package.xml
[0.840s] Invoked command in '/home/rogier/SenseGlove_ROS/ros_workspace/build/senseglove_shared_resources' returned '0': /usr/bin/cmake --build /home/rogier/SenseGlove_ROS/ros_workspace/build/senseglove_shared_resources --target install -- -j8 -l8
