[0.019s] Invoking command in '/home/rogier/SenseGlove_ROS/ros_workspace/build/senseglove_launch': CMAKE_PREFIX_PATH=/home/rogier/SenseGlove_ROS/ros_workspace/install/senseglove_description:${CMAKE_PREFIX_PATH} PKG_CONFIG_PATH=/home/rogier/SenseGlove_ROS/ros_workspace/install/senseglove_description/lib/x86_64-linux-gnu/pkgconfig:/home/rogier/SenseGlove_ROS/ros_workspace/install/senseglove_description/lib/pkgconfig:${PKG_CONFIG_PATH} ROS_PACKAGE_PATH=/home/rogier/SenseGlove_ROS/ros_workspace/install/senseglove_description/share:${ROS_PACKAGE_PATH} /usr/bin/cmake /home/rogier/SenseGlove_ROS/ros_workspace/src/senseglove/senseglove_launch -DCATKIN_INSTALL_INTO_PREFIX_ROOT=0 -DCMAKE_INSTALL_PREFIX=/home/rogier/SenseGlove_ROS/ros_workspace/install/senseglove_launch
[0.108s] -- The C compiler identification is GNU 7.5.0
[0.216s] -- The CXX compiler identification is GNU 7.5.0
[0.224s] -- Check for working C compiler: /usr/bin/cc
[0.302s] -- Check for working C compiler: /usr/bin/cc -- works
[0.303s] -- Detecting C compiler ABI info
[0.374s] -- Detecting C compiler ABI info - done
[0.383s] -- Detecting C compile features
[0.602s] -- Detecting C compile features - done
[0.605s] -- Check for working CXX compiler: /usr/bin/c++
[0.686s] -- Check for working CXX compiler: /usr/bin/c++ -- works
[0.687s] -- Detecting CXX compiler ABI info
[0.770s] -- Detecting CXX compiler ABI info - done
[0.778s] -- Detecting CXX compile features
[1.134s] -- Detecting CXX compile features - done
[1.139s] -- Using CATKIN_DEVEL_PREFIX: /home/rogier/SenseGlove_ROS/ros_workspace/build/senseglove_launch/devel
[1.139s] -- Using CMAKE_PREFIX_PATH: /home/rogier/SenseGlove_ROS/ros_workspace/install/senseglove_description;/home/rogier/march_ws/install/march_tutorials;/home/rogier/march_ws/install/march_temperature_sensor_controller;/home/rogier/march_ws/install/march_launch;/home/rogier/march_ws/install/march_state_machine;/home/rogier/march_ws/install/march_simulation;/home/rogier/march_ws/install/march_rqt_gait_generator;/home/rogier/march_ws/install/march_gait_selection;/home/rogier/march_ws/install/march_shared_classes;/home/rogier/march_ws/install/march_safety;/home/rogier/march_ws/install/march_monitor;/home/rogier/march_ws/install/march_rqt_robot_monitor;/home/rogier/march_ws/install/march_rqt_note_taker;/home/rogier/march_ws/install/march_rqt_input_device;/home/rogier/march_ws/install/march_pdb_state_controller;/home/rogier/march_ws/install/march_joint_inertia_controller;/home/rogier/march_ws/install/march_hardware_interface;/home/rogier/march_ws/install/march_gazebo_plugins;/home/rogier/march_ws/install/march_gait_scheduler;/home/rogier/march_ws/install/march_gain_scheduling;/home/rogier/march_ws/install/march_data_collector;/home/rogier/march_ws/install/march_shared_resources;/home/rogier/march_ws/install/march_rqt_software_check;/home/rogier/march_ws/install/march_rqt_gait_selection;/home/rogier/march_ws/install/march_moveit;/home/rogier/march_ws/install/march_imu_manager;/home/rogier/march_ws/install/march_identification;/home/rogier/march_ws/install/march_hardware_builder;/home/rogier/march_ws/install/march_hardware;/home/rogier/march_ws/install/march_gait_files;/home/rogier/march_ws/install/march_fake_sensor_data;/home/rogier/march_ws/install/march_ems_projects;/home/rogier/march_ws/install/march_description;/opt/ros/melodic
[1.140s] -- This workspace overlays: /home/rogier/SenseGlove_ROS/ros_workspace/install/senseglove_description;/home/rogier/march_ws/install/march_tutorials;/home/rogier/march_ws/install/march_temperature_sensor_controller;/home/rogier/march_ws/install/march_launch;/home/rogier/march_ws/install/march_state_machine;/home/rogier/march_ws/install/march_simulation;/home/rogier/march_ws/install/march_rqt_gait_generator;/home/rogier/march_ws/install/march_gait_selection;/home/rogier/march_ws/install/march_shared_classes;/home/rogier/march_ws/install/march_safety;/home/rogier/march_ws/install/march_monitor;/home/rogier/march_ws/install/march_rqt_robot_monitor;/home/rogier/march_ws/install/march_rqt_note_taker;/home/rogier/march_ws/install/march_rqt_input_device;/home/rogier/march_ws/install/march_pdb_state_controller;/home/rogier/march_ws/install/march_joint_inertia_controller;/home/rogier/march_ws/install/march_hardware_interface;/home/rogier/march_ws/install/march_gazebo_plugins;/home/rogier/march_ws/install/march_gait_scheduler;/home/rogier/march_ws/install/march_gain_scheduling;/home/rogier/march_ws/install/march_data_collector;/home/rogier/march_ws/install/march_shared_resources;/home/rogier/march_ws/install/march_rqt_software_check;/home/rogier/march_ws/install/march_rqt_gait_selection;/home/rogier/march_ws/install/march_moveit;/home/rogier/march_ws/install/march_imu_manager;/home/rogier/march_ws/install/march_identification;/home/rogier/march_ws/install/march_hardware_builder;/home/rogier/march_ws/install/march_hardware;/home/rogier/march_ws/install/march_gait_files;/home/rogier/march_ws/install/march_fake_sensor_data;/home/rogier/march_ws/install/march_ems_projects;/home/rogier/march_ws/install/march_description;/opt/ros/melodic
[1.160s] -- Found PythonInterp: /usr/bin/python2 (found suitable version "2.7.17", minimum required is "2") 
[1.160s] -- Using PYTHON_EXECUTABLE: /usr/bin/python2
[1.160s] -- Using Debian Python package layout
[1.161s] -- Using empy: /usr/bin/empy
[1.311s] -- Using CATKIN_ENABLE_TESTING: ON
[1.311s] -- Call enable_testing()
[1.313s] -- Using CATKIN_TEST_RESULTS_DIR: /home/rogier/SenseGlove_ROS/ros_workspace/build/senseglove_launch/test_results
[1.340s] -- Found gtest sources under '/usr/src/googletest': gtests will be built
[1.340s] -- Found gmock sources under '/usr/src/googletest': gmock will be built
[1.355s] -- Found PythonInterp: /usr/bin/python2 (found version "2.7.17") 
[1.356s] -- Looking for pthread.h
[1.428s] -- Looking for pthread.h - found
[1.429s] -- Looking for pthread_create
[1.502s] -- Looking for pthread_create - not found
[1.503s] -- Looking for pthread_create in pthreads
[1.566s] -- Looking for pthread_create in pthreads - not found
[1.566s] -- Looking for pthread_create in pthread
[1.638s] -- Looking for pthread_create in pthread - found
[1.639s] -- Found Threads: TRUE  
[1.644s] -- Using Python nosetests: /usr/bin/nosetests-2.7
[1.693s] -- catkin 0.7.28
[1.693s] -- BUILD_SHARED_LIBS is on
[1.942s] -- Configuring done
[1.951s] -- Generating done
[1.953s] -- Build files have been written to: /home/rogier/SenseGlove_ROS/ros_workspace/build/senseglove_launch
