[0.026s] Invoking command in '/home/rogier/SenseGlove_ROS/ros_workspace/build/senseglove_shared_resources': /usr/bin/cmake --build /home/rogier/SenseGlove_ROS/ros_workspace/build/senseglove_shared_resources -- -j8 -l8
[0.098s] [  0%] Built target actionlib_msgs_generate_messages_py
[0.105s] [  0%] Built target trajectory_msgs_generate_messages_eus
[0.106s] [  0%] Built target control_msgs_generate_messages_eus
[0.108s] [  0%] Built target std_msgs_generate_messages_eus
[0.111s] [  0%] Built target std_msgs_generate_messages_py
[0.121s] [  0%] Built target actionlib_msgs_generate_messages_eus
[0.127s] [  0%] Built target control_msgs_generate_messages_py
[0.143s] [  0%] Built target std_msgs_generate_messages_nodejs
[0.143s] [  0%] Built target actionlib_msgs_generate_messages_nodejs
[0.145s] [  0%] Built target trajectory_msgs_generate_messages_nodejs
[0.148s] [  0%] Built target trajectory_msgs_generate_messages_py
[0.160s] [  0%] Built target _senseglove_shared_resources_generate_messages_check_deps_senseglove
[0.165s] [  0%] Built target trajectory_msgs_generate_messages_lisp
[0.166s] [  0%] Built target control_msgs_generate_messages_nodejs
[0.176s] [  0%] Built target std_msgs_generate_messages_lisp
[0.180s] [  0%] Built target actionlib_msgs_generate_messages_lisp
[0.184s] [  0%] Built target std_msgs_generate_messages_cpp
[0.194s] [  0%] Built target trajectory_msgs_generate_messages_cpp
[0.196s] [  0%] Built target control_msgs_generate_messages_lisp
[0.202s] [  0%] Built target control_msgs_generate_messages_cpp
[0.207s] [  0%] Built target actionlib_msgs_generate_messages_cpp
[0.215s] [ 28%] Built target senseglove_shared_resources_generate_messages_py
[0.217s] [ 57%] Built target senseglove_shared_resources_generate_messages_eus
[0.225s] [ 71%] Built target senseglove_shared_resources_generate_messages_nodejs
[0.225s] [ 85%] Built target senseglove_shared_resources_generate_messages_lisp
[0.236s] [100%] Built target senseglove_shared_resources_generate_messages_cpp
[0.259s] [100%] Built target senseglove_shared_resources_generate_messages
[0.271s] Invoked command in '/home/rogier/SenseGlove_ROS/ros_workspace/build/senseglove_shared_resources' returned '0': /usr/bin/cmake --build /home/rogier/SenseGlove_ROS/ros_workspace/build/senseglove_shared_resources -- -j8 -l8
[0.327s] Invoking command in '/home/rogier/SenseGlove_ROS/ros_workspace/build/senseglove_shared_resources': /usr/bin/cmake --build /home/rogier/SenseGlove_ROS/ros_workspace/build/senseglove_shared_resources --target tests -- -j8 -l8
[0.407s] Built target tests
[0.424s] Invoked command in '/home/rogier/SenseGlove_ROS/ros_workspace/build/senseglove_shared_resources' returned '0': /usr/bin/cmake --build /home/rogier/SenseGlove_ROS/ros_workspace/build/senseglove_shared_resources --target tests -- -j8 -l8
[0.487s] Invoking command in '/home/rogier/SenseGlove_ROS/ros_workspace/build/senseglove_shared_resources': /usr/bin/cmake --build /home/rogier/SenseGlove_ROS/ros_workspace/build/senseglove_shared_resources --target install -- -j8 -l8
[0.559s] [  0%] Built target std_msgs_generate_messages_eus
[0.561s] [  0%] Built target actionlib_msgs_generate_messages_eus
[0.563s] [  0%] Built target std_msgs_generate_messages_py
[0.576s] [  0%] Built target control_msgs_generate_messages_py
[0.590s] [  0%] Built target actionlib_msgs_generate_messages_py
[0.590s] [  0%] Built target control_msgs_generate_messages_eus
[0.590s] [  0%] Built target trajectory_msgs_generate_messages_eus
[0.604s] [  0%] Built target trajectory_msgs_generate_messages_py
[0.617s] [  0%] Built target _senseglove_shared_resources_generate_messages_check_deps_senseglove
[0.618s] [  0%] Built target std_msgs_generate_messages_nodejs
[0.618s] [  0%] Built target actionlib_msgs_generate_messages_nodejs
[0.634s] [  0%] Built target trajectory_msgs_generate_messages_nodejs
[0.637s] [  0%] Built target trajectory_msgs_generate_messages_lisp
[0.641s] [  0%] Built target control_msgs_generate_messages_nodejs
[0.656s] [  0%] Built target std_msgs_generate_messages_lisp
[0.661s] [  0%] Built target actionlib_msgs_generate_messages_lisp
[0.672s] [  0%] Built target actionlib_msgs_generate_messages_cpp
[0.673s] [  0%] Built target control_msgs_generate_messages_lisp
[0.677s] [  0%] Built target std_msgs_generate_messages_cpp
[0.679s] [  0%] Built target trajectory_msgs_generate_messages_cpp
[0.688s] [  0%] Built target control_msgs_generate_messages_cpp
[0.697s] [ 28%] Built target senseglove_shared_resources_generate_messages_eus
[0.704s] [ 57%] Built target senseglove_shared_resources_generate_messages_py
[0.707s] [ 71%] Built target senseglove_shared_resources_generate_messages_nodejs
[0.716s] [ 85%] Built target senseglove_shared_resources_generate_messages_lisp
[0.720s] [100%] Built target senseglove_shared_resources_generate_messages_cpp
[0.750s] [100%] Built target senseglove_shared_resources_generate_messages
[0.775s] [36mInstall the project...[0m
[0.785s] -- Install configuration: ""
[0.785s] -- Up-to-date: /home/rogier/SenseGlove_ROS/ros_workspace/install/senseglove_shared_resources/share/senseglove_shared_resources/msg/senseglove.msg
[0.785s] -- Up-to-date: /home/rogier/SenseGlove_ROS/ros_workspace/install/senseglove_shared_resources/share/senseglove_shared_resources/cmake/senseglove_shared_resources-msg-paths.cmake
[0.786s] -- Up-to-date: /home/rogier/SenseGlove_ROS/ros_workspace/install/senseglove_shared_resources/include/senseglove_shared_resources
[0.786s] -- Up-to-date: /home/rogier/SenseGlove_ROS/ros_workspace/install/senseglove_shared_resources/include/senseglove_shared_resources/senseglove.h
[0.786s] -- Up-to-date: /home/rogier/SenseGlove_ROS/ros_workspace/install/senseglove_shared_resources/share/roseus/ros/senseglove_shared_resources
[0.786s] -- Up-to-date: /home/rogier/SenseGlove_ROS/ros_workspace/install/senseglove_shared_resources/share/roseus/ros/senseglove_shared_resources/msg
[0.786s] -- Up-to-date: /home/rogier/SenseGlove_ROS/ros_workspace/install/senseglove_shared_resources/share/roseus/ros/senseglove_shared_resources/msg/senseglove.l
[0.786s] -- Up-to-date: /home/rogier/SenseGlove_ROS/ros_workspace/install/senseglove_shared_resources/share/roseus/ros/senseglove_shared_resources/manifest.l
[0.786s] -- Up-to-date: /home/rogier/SenseGlove_ROS/ros_workspace/install/senseglove_shared_resources/share/common-lisp/ros/senseglove_shared_resources
[0.787s] -- Up-to-date: /home/rogier/SenseGlove_ROS/ros_workspace/install/senseglove_shared_resources/share/common-lisp/ros/senseglove_shared_resources/msg
[0.787s] -- Up-to-date: /home/rogier/SenseGlove_ROS/ros_workspace/install/senseglove_shared_resources/share/common-lisp/ros/senseglove_shared_resources/msg/_package.lisp
[0.787s] -- Up-to-date: /home/rogier/SenseGlove_ROS/ros_workspace/install/senseglove_shared_resources/share/common-lisp/ros/senseglove_shared_resources/msg/senseglove_shared_resources-msg.asd
[0.787s] -- Up-to-date: /home/rogier/SenseGlove_ROS/ros_workspace/install/senseglove_shared_resources/share/common-lisp/ros/senseglove_shared_resources/msg/_package_senseglove.lisp
[0.787s] -- Up-to-date: /home/rogier/SenseGlove_ROS/ros_workspace/install/senseglove_shared_resources/share/common-lisp/ros/senseglove_shared_resources/msg/senseglove.lisp
[0.787s] -- Up-to-date: /home/rogier/SenseGlove_ROS/ros_workspace/install/senseglove_shared_resources/share/gennodejs/ros/senseglove_shared_resources
[0.787s] -- Up-to-date: /home/rogier/SenseGlove_ROS/ros_workspace/install/senseglove_shared_resources/share/gennodejs/ros/senseglove_shared_resources/msg
[0.788s] -- Up-to-date: /home/rogier/SenseGlove_ROS/ros_workspace/install/senseglove_shared_resources/share/gennodejs/ros/senseglove_shared_resources/msg/_index.js
[0.788s] -- Up-to-date: /home/rogier/SenseGlove_ROS/ros_workspace/install/senseglove_shared_resources/share/gennodejs/ros/senseglove_shared_resources/msg/senseglove.js
[0.788s] -- Up-to-date: /home/rogier/SenseGlove_ROS/ros_workspace/install/senseglove_shared_resources/share/gennodejs/ros/senseglove_shared_resources/_index.js
[0.801s] Listing /home/rogier/SenseGlove_ROS/ros_workspace/build/senseglove_shared_resources/devel/lib/python2.7/dist-packages/senseglove_shared_resources ...
[0.801s] Listing /home/rogier/SenseGlove_ROS/ros_workspace/build/senseglove_shared_resources/devel/lib/python2.7/dist-packages/senseglove_shared_resources/msg ...
[0.803s] -- Up-to-date: /home/rogier/SenseGlove_ROS/ros_workspace/install/senseglove_shared_resources/lib/python2.7/dist-packages/senseglove_shared_resources
[0.803s] -- Up-to-date: /home/rogier/SenseGlove_ROS/ros_workspace/install/senseglove_shared_resources/lib/python2.7/dist-packages/senseglove_shared_resources/__init__.pyc
[0.803s] -- Up-to-date: /home/rogier/SenseGlove_ROS/ros_workspace/install/senseglove_shared_resources/lib/python2.7/dist-packages/senseglove_shared_resources/msg
[0.803s] -- Up-to-date: /home/rogier/SenseGlove_ROS/ros_workspace/install/senseglove_shared_resources/lib/python2.7/dist-packages/senseglove_shared_resources/msg/__init__.pyc
[0.803s] -- Up-to-date: /home/rogier/SenseGlove_ROS/ros_workspace/install/senseglove_shared_resources/lib/python2.7/dist-packages/senseglove_shared_resources/msg/__init__.py
[0.803s] -- Up-to-date: /home/rogier/SenseGlove_ROS/ros_workspace/install/senseglove_shared_resources/lib/python2.7/dist-packages/senseglove_shared_resources/msg/_senseglove.pyc
[0.803s] -- Up-to-date: /home/rogier/SenseGlove_ROS/ros_workspace/install/senseglove_shared_resources/lib/python2.7/dist-packages/senseglove_shared_resources/msg/_senseglove.py
[0.803s] -- Up-to-date: /home/rogier/SenseGlove_ROS/ros_workspace/install/senseglove_shared_resources/lib/python2.7/dist-packages/senseglove_shared_resources/__init__.py
[0.804s] -- Up-to-date: /home/rogier/SenseGlove_ROS/ros_workspace/install/senseglove_shared_resources/lib/pkgconfig/senseglove_shared_resources.pc
[0.804s] -- Up-to-date: /home/rogier/SenseGlove_ROS/ros_workspace/install/senseglove_shared_resources/share/senseglove_shared_resources/cmake/senseglove_shared_resources-msg-extras.cmake
[0.804s] -- Up-to-date: /home/rogier/SenseGlove_ROS/ros_workspace/install/senseglove_shared_resources/share/senseglove_shared_resources/cmake/senseglove_shared_resourcesConfig.cmake
[0.804s] -- Up-to-date: /home/rogier/SenseGlove_ROS/ros_workspace/install/senseglove_shared_resources/share/senseglove_shared_resources/cmake/senseglove_shared_resourcesConfig-version.cmake
[0.804s] -- Up-to-date: /home/rogier/SenseGlove_ROS/ros_workspace/install/senseglove_shared_resources/share/senseglove_shared_resources/package.xml
[0.808s] Invoked command in '/home/rogier/SenseGlove_ROS/ros_workspace/build/senseglove_shared_resources' returned '0': /usr/bin/cmake --build /home/rogier/SenseGlove_ROS/ros_workspace/build/senseglove_shared_resources --target install -- -j8 -l8
