[0.037s] Invoking command in '/home/rogier/SenseGlove_ROS/ros_workspace/build/senseglove_description': /usr/bin/cmake --build /home/rogier/SenseGlove_ROS/ros_workspace/build/senseglove_description -- -j8 -l8
[0.122s] [ 25%] Built target senseglove_description_dk1_xacro
[0.145s] [100%] Built target senseglove_description_dk1_xacro_to_devel_space_
[0.187s] [100%] Built target senseglove_description_xacro_generated_to_devel_space_
[0.209s] Invoked command in '/home/rogier/SenseGlove_ROS/ros_workspace/build/senseglove_description' returned '0': /usr/bin/cmake --build /home/rogier/SenseGlove_ROS/ros_workspace/build/senseglove_description -- -j8 -l8
[0.273s] Invoking command in '/home/rogier/SenseGlove_ROS/ros_workspace/build/senseglove_description': /usr/bin/cmake --build /home/rogier/SenseGlove_ROS/ros_workspace/build/senseglove_description --target tests -- -j8 -l8
[0.353s] Built target tests
[0.365s] Invoked command in '/home/rogier/SenseGlove_ROS/ros_workspace/build/senseglove_description' returned '0': /usr/bin/cmake --build /home/rogier/SenseGlove_ROS/ros_workspace/build/senseglove_description --target tests -- -j8 -l8
[0.413s] Invoking command in '/home/rogier/SenseGlove_ROS/ros_workspace/build/senseglove_description': /usr/bin/cmake --build /home/rogier/SenseGlove_ROS/ros_workspace/build/senseglove_description --target install -- -j8 -l8
[0.484s] [ 25%] Built target senseglove_description_dk1_xacro
[0.486s] [100%] Built target senseglove_description_dk1_xacro_to_devel_space_
[0.509s] [100%] Built target senseglove_description_xacro_generated_to_devel_space_
[0.539s] [36mInstall the project...[0m
[0.548s] -- Install configuration: ""
[0.548s] -- Up-to-date: /home/rogier/SenseGlove_ROS/ros_workspace/install/senseglove_description/lib/pkgconfig/senseglove_description.pc
[0.548s] -- Up-to-date: /home/rogier/SenseGlove_ROS/ros_workspace/install/senseglove_description/share/senseglove_description/cmake/senseglove_description-extras.cmake
[0.549s] -- Up-to-date: /home/rogier/SenseGlove_ROS/ros_workspace/install/senseglove_description/share/senseglove_description/cmake/senseglove_descriptionConfig.cmake
[0.549s] -- Up-to-date: /home/rogier/SenseGlove_ROS/ros_workspace/install/senseglove_description/share/senseglove_description/cmake/senseglove_descriptionConfig-version.cmake
[0.549s] -- Up-to-date: /home/rogier/SenseGlove_ROS/ros_workspace/install/senseglove_description/share/senseglove_description/package.xml
[0.549s] -- Up-to-date: /home/rogier/SenseGlove_ROS/ros_workspace/install/senseglove_description/share/senseglove_description/urdf/dk1.urdf
[0.549s] -- Up-to-date: /home/rogier/SenseGlove_ROS/ros_workspace/install/senseglove_description/share/senseglove_description/urdf
[0.550s] -- Up-to-date: /home/rogier/SenseGlove_ROS/ros_workspace/install/senseglove_description/share/senseglove_description/urdf/dk1.xacro
[0.553s] Invoked command in '/home/rogier/SenseGlove_ROS/ros_workspace/build/senseglove_description' returned '0': /usr/bin/cmake --build /home/rogier/SenseGlove_ROS/ros_workspace/build/senseglove_description --target install -- -j8 -l8
