[0.030s] Invoking command in '/home/rogier/SenseGlove_ROS/ros_workspace/build/senseglove_shared_resources': /usr/bin/cmake --build /home/rogier/SenseGlove_ROS/ros_workspace/build/senseglove_shared_resources -- -j8 -l8
[0.107s] [  0%] Built target actionlib_msgs_generate_messages_py
[0.118s] [  0%] Built target std_msgs_generate_messages_eus
[0.122s] [  0%] Built target trajectory_msgs_generate_messages_eus
[0.124s] [  0%] Built target control_msgs_generate_messages_eus
[0.127s] [  0%] Built target std_msgs_generate_messages_py
[0.137s] [  0%] Built target actionlib_msgs_generate_messages_eus
[0.141s] [  0%] Built target control_msgs_generate_messages_py
[0.156s] [  0%] Built target trajectory_msgs_generate_messages_py
[0.166s] [  0%] Built target trajectory_msgs_generate_messages_nodejs
[0.167s] [  0%] Built target _senseglove_shared_resources_generate_messages_check_deps_senseglove
[0.169s] [  0%] Built target std_msgs_generate_messages_nodejs
[0.172s] [  0%] Built target actionlib_msgs_generate_messages_nodejs
[0.174s] [  0%] Built target control_msgs_generate_messages_nodejs
[0.183s] [  0%] Built target trajectory_msgs_generate_messages_lisp
[0.192s] [  0%] Built target std_msgs_generate_messages_lisp
[0.201s] [  0%] Built target actionlib_msgs_generate_messages_lisp
[0.208s] [  0%] Built target control_msgs_generate_messages_lisp
[0.211s] [  0%] Built target std_msgs_generate_messages_cpp
[0.212s] [  0%] Built target actionlib_msgs_generate_messages_cpp
[0.223s] [  0%] Built target trajectory_msgs_generate_messages_cpp
[0.224s] [  0%] Built target control_msgs_generate_messages_cpp
[0.231s] [ 28%] Built target senseglove_shared_resources_generate_messages_py
[0.237s] [ 57%] Built target senseglove_shared_resources_generate_messages_eus
[0.242s] [ 71%] Built target senseglove_shared_resources_generate_messages_nodejs
[0.246s] [ 85%] Built target senseglove_shared_resources_generate_messages_lisp
[0.254s] [100%] Built target senseglove_shared_resources_generate_messages_cpp
[0.278s] [100%] Built target senseglove_shared_resources_generate_messages
[0.291s] Invoked command in '/home/rogier/SenseGlove_ROS/ros_workspace/build/senseglove_shared_resources' returned '0': /usr/bin/cmake --build /home/rogier/SenseGlove_ROS/ros_workspace/build/senseglove_shared_resources -- -j8 -l8
[0.350s] Invoking command in '/home/rogier/SenseGlove_ROS/ros_workspace/build/senseglove_shared_resources': /usr/bin/cmake --build /home/rogier/SenseGlove_ROS/ros_workspace/build/senseglove_shared_resources --target tests -- -j8 -l8
[0.432s] Built target tests
[0.447s] Invoked command in '/home/rogier/SenseGlove_ROS/ros_workspace/build/senseglove_shared_resources' returned '0': /usr/bin/cmake --build /home/rogier/SenseGlove_ROS/ros_workspace/build/senseglove_shared_resources --target tests -- -j8 -l8
[0.539s] Invoking command in '/home/rogier/SenseGlove_ROS/ros_workspace/build/senseglove_shared_resources': /usr/bin/cmake --build /home/rogier/SenseGlove_ROS/ros_workspace/build/senseglove_shared_resources --target install -- -j8 -l8
[0.618s] [  0%] Built target actionlib_msgs_generate_messages_py
[0.618s] [  0%] Built target std_msgs_generate_messages_eus
[0.620s] [  0%] Built target std_msgs_generate_messages_py
[0.626s] [  0%] Built target actionlib_msgs_generate_messages_eus
[0.635s] [  0%] Built target control_msgs_generate_messages_eus
[0.635s] [  0%] Built target trajectory_msgs_generate_messages_eus
[0.652s] [  0%] Built target control_msgs_generate_messages_py
[0.660s] [  0%] Built target std_msgs_generate_messages_nodejs
[0.664s] [  0%] Built target trajectory_msgs_generate_messages_py
[0.666s] [  0%] Built target _senseglove_shared_resources_generate_messages_check_deps_senseglove
[0.670s] [  0%] Built target actionlib_msgs_generate_messages_nodejs
[0.671s] [  0%] Built target trajectory_msgs_generate_messages_nodejs
[0.674s] [  0%] Built target trajectory_msgs_generate_messages_lisp
[0.685s] [  0%] Built target control_msgs_generate_messages_nodejs
[0.705s] [  0%] Built target std_msgs_generate_messages_lisp
[0.705s] [  0%] Built target actionlib_msgs_generate_messages_lisp
[0.709s] [  0%] Built target control_msgs_generate_messages_lisp
[0.710s] [  0%] Built target control_msgs_generate_messages_cpp
[0.713s] [  0%] Built target std_msgs_generate_messages_cpp
[0.723s] [  0%] Built target trajectory_msgs_generate_messages_cpp
[0.725s] [  0%] Built target actionlib_msgs_generate_messages_cpp
[0.732s] [ 28%] Built target senseglove_shared_resources_generate_messages_eus
[0.737s] [ 57%] Built target senseglove_shared_resources_generate_messages_py
[0.747s] [ 85%] Built target senseglove_shared_resources_generate_messages_lisp
[0.748s] [ 85%] Built target senseglove_shared_resources_generate_messages_nodejs
[0.762s] [100%] Built target senseglove_shared_resources_generate_messages_cpp
[0.790s] [100%] Built target senseglove_shared_resources_generate_messages
[0.815s] [36mInstall the project...[0m
[0.829s] -- Install configuration: ""
[0.830s] -- Up-to-date: /home/rogier/SenseGlove_ROS/ros_workspace/install/senseglove_shared_resources/share/senseglove_shared_resources/msg/senseglove.msg
[0.830s] -- Up-to-date: /home/rogier/SenseGlove_ROS/ros_workspace/install/senseglove_shared_resources/share/senseglove_shared_resources/cmake/senseglove_shared_resources-msg-paths.cmake
[0.830s] -- Up-to-date: /home/rogier/SenseGlove_ROS/ros_workspace/install/senseglove_shared_resources/include/senseglove_shared_resources
[0.830s] -- Up-to-date: /home/rogier/SenseGlove_ROS/ros_workspace/install/senseglove_shared_resources/include/senseglove_shared_resources/senseglove.h
[0.830s] -- Up-to-date: /home/rogier/SenseGlove_ROS/ros_workspace/install/senseglove_shared_resources/share/roseus/ros/senseglove_shared_resources
[0.830s] -- Up-to-date: /home/rogier/SenseGlove_ROS/ros_workspace/install/senseglove_shared_resources/share/roseus/ros/senseglove_shared_resources/msg
[0.831s] -- Up-to-date: /home/rogier/SenseGlove_ROS/ros_workspace/install/senseglove_shared_resources/share/roseus/ros/senseglove_shared_resources/msg/senseglove.l
[0.831s] -- Up-to-date: /home/rogier/SenseGlove_ROS/ros_workspace/install/senseglove_shared_resources/share/roseus/ros/senseglove_shared_resources/manifest.l
[0.831s] -- Up-to-date: /home/rogier/SenseGlove_ROS/ros_workspace/install/senseglove_shared_resources/share/common-lisp/ros/senseglove_shared_resources
[0.831s] -- Up-to-date: /home/rogier/SenseGlove_ROS/ros_workspace/install/senseglove_shared_resources/share/common-lisp/ros/senseglove_shared_resources/msg
[0.831s] -- Up-to-date: /home/rogier/SenseGlove_ROS/ros_workspace/install/senseglove_shared_resources/share/common-lisp/ros/senseglove_shared_resources/msg/_package.lisp
[0.831s] -- Up-to-date: /home/rogier/SenseGlove_ROS/ros_workspace/install/senseglove_shared_resources/share/common-lisp/ros/senseglove_shared_resources/msg/senseglove_shared_resources-msg.asd
[0.831s] -- Up-to-date: /home/rogier/SenseGlove_ROS/ros_workspace/install/senseglove_shared_resources/share/common-lisp/ros/senseglove_shared_resources/msg/_package_senseglove.lisp
[0.831s] -- Up-to-date: /home/rogier/SenseGlove_ROS/ros_workspace/install/senseglove_shared_resources/share/common-lisp/ros/senseglove_shared_resources/msg/senseglove.lisp
[0.831s] -- Up-to-date: /home/rogier/SenseGlove_ROS/ros_workspace/install/senseglove_shared_resources/share/gennodejs/ros/senseglove_shared_resources
[0.832s] -- Up-to-date: /home/rogier/SenseGlove_ROS/ros_workspace/install/senseglove_shared_resources/share/gennodejs/ros/senseglove_shared_resources/msg
[0.832s] -- Up-to-date: /home/rogier/SenseGlove_ROS/ros_workspace/install/senseglove_shared_resources/share/gennodejs/ros/senseglove_shared_resources/msg/_index.js
[0.832s] -- Up-to-date: /home/rogier/SenseGlove_ROS/ros_workspace/install/senseglove_shared_resources/share/gennodejs/ros/senseglove_shared_resources/msg/senseglove.js
[0.832s] -- Up-to-date: /home/rogier/SenseGlove_ROS/ros_workspace/install/senseglove_shared_resources/share/gennodejs/ros/senseglove_shared_resources/_index.js
[0.851s] Listing /home/rogier/SenseGlove_ROS/ros_workspace/build/senseglove_shared_resources/devel/lib/python2.7/dist-packages/senseglove_shared_resources ...
[0.851s] Listing /home/rogier/SenseGlove_ROS/ros_workspace/build/senseglove_shared_resources/devel/lib/python2.7/dist-packages/senseglove_shared_resources/msg ...
[0.853s] -- Up-to-date: /home/rogier/SenseGlove_ROS/ros_workspace/install/senseglove_shared_resources/lib/python2.7/dist-packages/senseglove_shared_resources
[0.854s] -- Up-to-date: /home/rogier/SenseGlove_ROS/ros_workspace/install/senseglove_shared_resources/lib/python2.7/dist-packages/senseglove_shared_resources/__init__.pyc
[0.854s] -- Up-to-date: /home/rogier/SenseGlove_ROS/ros_workspace/install/senseglove_shared_resources/lib/python2.7/dist-packages/senseglove_shared_resources/msg
[0.854s] -- Up-to-date: /home/rogier/SenseGlove_ROS/ros_workspace/install/senseglove_shared_resources/lib/python2.7/dist-packages/senseglove_shared_resources/msg/__init__.pyc
[0.854s] -- Up-to-date: /home/rogier/SenseGlove_ROS/ros_workspace/install/senseglove_shared_resources/lib/python2.7/dist-packages/senseglove_shared_resources/msg/__init__.py
[0.854s] -- Up-to-date: /home/rogier/SenseGlove_ROS/ros_workspace/install/senseglove_shared_resources/lib/python2.7/dist-packages/senseglove_shared_resources/msg/_senseglove.pyc
[0.854s] -- Up-to-date: /home/rogier/SenseGlove_ROS/ros_workspace/install/senseglove_shared_resources/lib/python2.7/dist-packages/senseglove_shared_resources/msg/_senseglove.py
[0.855s] -- Up-to-date: /home/rogier/SenseGlove_ROS/ros_workspace/install/senseglove_shared_resources/lib/python2.7/dist-packages/senseglove_shared_resources/__init__.py
[0.855s] -- Up-to-date: /home/rogier/SenseGlove_ROS/ros_workspace/install/senseglove_shared_resources/lib/pkgconfig/senseglove_shared_resources.pc
[0.855s] -- Up-to-date: /home/rogier/SenseGlove_ROS/ros_workspace/install/senseglove_shared_resources/share/senseglove_shared_resources/cmake/senseglove_shared_resources-msg-extras.cmake
[0.855s] -- Up-to-date: /home/rogier/SenseGlove_ROS/ros_workspace/install/senseglove_shared_resources/share/senseglove_shared_resources/cmake/senseglove_shared_resourcesConfig.cmake
[0.855s] -- Up-to-date: /home/rogier/SenseGlove_ROS/ros_workspace/install/senseglove_shared_resources/share/senseglove_shared_resources/cmake/senseglove_shared_resourcesConfig-version.cmake
[0.856s] -- Up-to-date: /home/rogier/SenseGlove_ROS/ros_workspace/install/senseglove_shared_resources/share/senseglove_shared_resources/package.xml
[0.857s] Invoked command in '/home/rogier/SenseGlove_ROS/ros_workspace/build/senseglove_shared_resources' returned '0': /usr/bin/cmake --build /home/rogier/SenseGlove_ROS/ros_workspace/build/senseglove_shared_resources --target install -- -j8 -l8
