[0.033s] Invoking command in '/home/rogier/SenseGlove_ROS/ros_workspace/build/senseglove_shared_resources': /usr/bin/cmake /home/rogier/SenseGlove_ROS/ros_workspace/src/senseglove/senseglove_shared_resources -DCATKIN_INSTALL_INTO_PREFIX_ROOT=0 -DCMAKE_INSTALL_PREFIX=/home/rogier/SenseGlove_ROS/ros_workspace/install/senseglove_shared_resources
[0.102s] -- The C compiler identification is GNU 7.5.0
[0.175s] -- The CXX compiler identification is GNU 7.5.0
[0.180s] -- Check for working C compiler: /usr/bin/cc
[0.268s] -- Check for working C compiler: /usr/bin/cc -- works
[0.268s] -- Detecting C compiler ABI info
[0.347s] -- Detecting C compiler ABI info - done
[0.356s] -- Detecting C compile features
[0.632s] -- Detecting C compile features - done
[0.638s] -- Check for working CXX compiler: /usr/bin/c++
[0.759s] -- Check for working CXX compiler: /usr/bin/c++ -- works
[0.759s] -- Detecting CXX compiler ABI info
[0.866s] -- Detecting CXX compiler ABI info - done
[0.881s] -- Detecting CXX compile features
[1.310s] -- Detecting CXX compile features - done
[1.316s] -- Using CATKIN_DEVEL_PREFIX: /home/rogier/SenseGlove_ROS/ros_workspace/build/senseglove_shared_resources/devel
[1.316s] -- Using CMAKE_PREFIX_PATH: /home/rogier/march_ws/install/march_tutorials;/home/rogier/march_ws/install/march_temperature_sensor_controller;/home/rogier/march_ws/install/march_launch;/home/rogier/march_ws/install/march_state_machine;/home/rogier/march_ws/install/march_simulation;/home/rogier/march_ws/install/march_rqt_gait_generator;/home/rogier/march_ws/install/march_gait_selection;/home/rogier/march_ws/install/march_shared_classes;/home/rogier/march_ws/install/march_safety;/home/rogier/march_ws/install/march_monitor;/home/rogier/march_ws/install/march_rqt_robot_monitor;/home/rogier/march_ws/install/march_rqt_note_taker;/home/rogier/march_ws/install/march_rqt_input_device;/home/rogier/march_ws/install/march_pdb_state_controller;/home/rogier/march_ws/install/march_joint_inertia_controller;/home/rogier/march_ws/install/march_hardware_interface;/home/rogier/march_ws/install/march_gazebo_plugins;/home/rogier/march_ws/install/march_gait_scheduler;/home/rogier/march_ws/install/march_gain_scheduling;/home/rogier/march_ws/install/march_data_collector;/home/rogier/march_ws/install/march_shared_resources;/home/rogier/march_ws/install/march_rqt_software_check;/home/rogier/march_ws/install/march_rqt_gait_selection;/home/rogier/march_ws/install/march_moveit;/home/rogier/march_ws/install/march_imu_manager;/home/rogier/march_ws/install/march_identification;/home/rogier/march_ws/install/march_hardware_builder;/home/rogier/march_ws/install/march_hardware;/home/rogier/march_ws/install/march_gait_files;/home/rogier/march_ws/install/march_fake_sensor_data;/home/rogier/march_ws/install/march_ems_projects;/home/rogier/march_ws/install/march_description;/opt/ros/melodic
[1.317s] -- This workspace overlays: /home/rogier/march_ws/install/march_tutorials;/home/rogier/march_ws/install/march_temperature_sensor_controller;/home/rogier/march_ws/install/march_launch;/home/rogier/march_ws/install/march_state_machine;/home/rogier/march_ws/install/march_simulation;/home/rogier/march_ws/install/march_rqt_gait_generator;/home/rogier/march_ws/install/march_gait_selection;/home/rogier/march_ws/install/march_shared_classes;/home/rogier/march_ws/install/march_safety;/home/rogier/march_ws/install/march_monitor;/home/rogier/march_ws/install/march_rqt_robot_monitor;/home/rogier/march_ws/install/march_rqt_note_taker;/home/rogier/march_ws/install/march_rqt_input_device;/home/rogier/march_ws/install/march_pdb_state_controller;/home/rogier/march_ws/install/march_joint_inertia_controller;/home/rogier/march_ws/install/march_hardware_interface;/home/rogier/march_ws/install/march_gazebo_plugins;/home/rogier/march_ws/install/march_gait_scheduler;/home/rogier/march_ws/install/march_gain_scheduling;/home/rogier/march_ws/install/march_data_collector;/home/rogier/march_ws/install/march_shared_resources;/home/rogier/march_ws/install/march_rqt_software_check;/home/rogier/march_ws/install/march_rqt_gait_selection;/home/rogier/march_ws/install/march_moveit;/home/rogier/march_ws/install/march_imu_manager;/home/rogier/march_ws/install/march_identification;/home/rogier/march_ws/install/march_hardware_builder;/home/rogier/march_ws/install/march_hardware;/home/rogier/march_ws/install/march_gait_files;/home/rogier/march_ws/install/march_fake_sensor_data;/home/rogier/march_ws/install/march_ems_projects;/home/rogier/march_ws/install/march_description;/opt/ros/melodic
[1.338s] -- Found PythonInterp: /usr/bin/python2 (found suitable version "2.7.17", minimum required is "2") 
[1.338s] -- Using PYTHON_EXECUTABLE: /usr/bin/python2
[1.338s] -- Using Debian Python package layout
[1.339s] -- Using empy: /usr/bin/empy
[1.533s] -- Using CATKIN_ENABLE_TESTING: ON
[1.533s] -- Call enable_testing()
[1.535s] -- Using CATKIN_TEST_RESULTS_DIR: /home/rogier/SenseGlove_ROS/ros_workspace/build/senseglove_shared_resources/test_results
[1.564s] -- Found gtest sources under '/usr/src/googletest': gtests will be built
[1.564s] -- Found gmock sources under '/usr/src/googletest': gmock will be built
[1.585s] -- Found PythonInterp: /usr/bin/python2 (found version "2.7.17") 
[1.586s] -- Looking for pthread.h
[1.671s] -- Looking for pthread.h - found
[1.671s] -- Looking for pthread_create
[1.751s] -- Looking for pthread_create - not found
[1.751s] -- Looking for pthread_create in pthreads
[1.817s] -- Looking for pthread_create in pthreads - not found
[1.818s] -- Looking for pthread_create in pthread
[1.896s] -- Looking for pthread_create in pthread - found
[1.897s] -- Found Threads: TRUE  
[1.902s] -- Using Python nosetests: /usr/bin/nosetests-2.7
[1.954s] -- catkin 0.7.28
[1.954s] -- BUILD_SHARED_LIBS is on
[2.157s] -- Using these message generators: gencpp;geneus;genlisp;gennodejs;genpy
[2.409s] -- senseglove_shared_resources: 1 messages, 0 services
[2.554s] -- Configuring done
[2.573s] -- Generating done
[2.578s] -- Build files have been written to: /home/rogier/SenseGlove_ROS/ros_workspace/build/senseglove_shared_resources
