[0.029s] Invoking command in '/home/rogier/SenseGlove_ROS/ros_workspace/build/senseglove_shared_resources': /usr/bin/cmake --build /home/rogier/SenseGlove_ROS/ros_workspace/build/senseglove_shared_resources -- -j8 -l8
[0.113s] [  0%] Built target control_msgs_generate_messages_py
[0.119s] [  0%] Built target actionlib_msgs_generate_messages_py
[0.120s] [  0%] Built target actionlib_msgs_generate_messages_eus
[0.127s] [  0%] Built target std_msgs_generate_messages_eus
[0.127s] [  0%] Built target trajectory_msgs_generate_messages_eus
[0.136s] [  0%] Built target control_msgs_generate_messages_eus
[0.152s] [  0%] Built target std_msgs_generate_messages_py
[0.155s] [  0%] Built target trajectory_msgs_generate_messages_py
[0.172s] [  0%] Built target control_msgs_generate_messages_nodejs
[0.180s] [  0%] Built target std_msgs_generate_messages_nodejs
[0.182s] [  0%] Built target actionlib_msgs_generate_messages_nodejs
[0.186s] [  0%] Built target _senseglove_shared_resources_generate_messages_check_deps_senseglove
[0.188s] [  0%] Built target trajectory_msgs_generate_messages_nodejs
[0.192s] [  0%] Built target trajectory_msgs_generate_messages_lisp
[0.196s] [  0%] Built target std_msgs_generate_messages_lisp
[0.205s] [  0%] Built target actionlib_msgs_generate_messages_lisp
[0.212s] [  0%] Built target control_msgs_generate_messages_lisp
[0.226s] [  0%] Built target std_msgs_generate_messages_cpp
[0.230s] [  0%] Built target trajectory_msgs_generate_messages_cpp
[0.232s] [  0%] Built target actionlib_msgs_generate_messages_cpp
[0.234s] [  0%] Built target control_msgs_generate_messages_cpp
[0.243s] [ 28%] Built target senseglove_shared_resources_generate_messages_py
[0.247s] [ 57%] Built target senseglove_shared_resources_generate_messages_eus
[0.251s] [ 71%] Built target senseglove_shared_resources_generate_messages_lisp
[0.254s] [ 85%] Built target senseglove_shared_resources_generate_messages_nodejs
[0.267s] [100%] Built target senseglove_shared_resources_generate_messages_cpp
[0.290s] [100%] Built target senseglove_shared_resources_generate_messages
[0.303s] Invoked command in '/home/rogier/SenseGlove_ROS/ros_workspace/build/senseglove_shared_resources' returned '0': /usr/bin/cmake --build /home/rogier/SenseGlove_ROS/ros_workspace/build/senseglove_shared_resources -- -j8 -l8
[0.360s] Invoking command in '/home/rogier/SenseGlove_ROS/ros_workspace/build/senseglove_shared_resources': /usr/bin/cmake --build /home/rogier/SenseGlove_ROS/ros_workspace/build/senseglove_shared_resources --target tests -- -j8 -l8
[0.441s] Built target tests
[0.453s] Invoked command in '/home/rogier/SenseGlove_ROS/ros_workspace/build/senseglove_shared_resources' returned '0': /usr/bin/cmake --build /home/rogier/SenseGlove_ROS/ros_workspace/build/senseglove_shared_resources --target tests -- -j8 -l8
[0.514s] Invoking command in '/home/rogier/SenseGlove_ROS/ros_workspace/build/senseglove_shared_resources': /usr/bin/cmake --build /home/rogier/SenseGlove_ROS/ros_workspace/build/senseglove_shared_resources --target install -- -j8 -l8
[0.595s] [  0%] Built target std_msgs_generate_messages_py
[0.595s] [  0%] Built target std_msgs_generate_messages_eus
[0.598s] [  0%] Built target control_msgs_generate_messages_eus
[0.606s] [  0%] Built target actionlib_msgs_generate_messages_eus
[0.608s] [  0%] Built target trajectory_msgs_generate_messages_eus
[0.613s] [  0%] Built target actionlib_msgs_generate_messages_py
[0.623s] [  0%] Built target control_msgs_generate_messages_py
[0.645s] [  0%] Built target actionlib_msgs_generate_messages_nodejs
[0.646s] [  0%] Built target _senseglove_shared_resources_generate_messages_check_deps_senseglove
[0.650s] [  0%] Built target trajectory_msgs_generate_messages_py
[0.654s] [  0%] Built target trajectory_msgs_generate_messages_nodejs
[0.663s] [  0%] Built target std_msgs_generate_messages_nodejs
[0.664s] [  0%] Built target std_msgs_generate_messages_lisp
[0.665s] [  0%] Built target control_msgs_generate_messages_nodejs
[0.666s] [  0%] Built target trajectory_msgs_generate_messages_lisp
[0.689s] [  0%] Built target control_msgs_generate_messages_lisp
[0.689s] [  0%] Built target actionlib_msgs_generate_messages_lisp
[0.698s] [  0%] Built target std_msgs_generate_messages_cpp
[0.703s] [  0%] Built target trajectory_msgs_generate_messages_cpp
[0.704s] [  0%] Built target control_msgs_generate_messages_cpp
[0.704s] [ 14%] Built target actionlib_msgs_generate_messages_cpp
[0.705s] [ 28%] Built target senseglove_shared_resources_generate_messages_eus
[0.714s] [ 57%] Built target senseglove_shared_resources_generate_messages_py
[0.718s] [ 71%] Built target senseglove_shared_resources_generate_messages_lisp
[0.727s] [ 85%] Built target senseglove_shared_resources_generate_messages_nodejs
[0.732s] [100%] Built target senseglove_shared_resources_generate_messages_cpp
[0.760s] [100%] Built target senseglove_shared_resources_generate_messages
[0.782s] [36mInstall the project...[0m
[0.795s] -- Install configuration: ""
[0.796s] -- Up-to-date: /home/rogier/SenseGlove_ROS/ros_workspace/install/senseglove_shared_resources/share/senseglove_shared_resources/msg/senseglove.msg
[0.796s] -- Up-to-date: /home/rogier/SenseGlove_ROS/ros_workspace/install/senseglove_shared_resources/share/senseglove_shared_resources/cmake/senseglove_shared_resources-msg-paths.cmake
[0.796s] -- Up-to-date: /home/rogier/SenseGlove_ROS/ros_workspace/install/senseglove_shared_resources/include/senseglove_shared_resources
[0.796s] -- Up-to-date: /home/rogier/SenseGlove_ROS/ros_workspace/install/senseglove_shared_resources/include/senseglove_shared_resources/senseglove.h
[0.796s] -- Up-to-date: /home/rogier/SenseGlove_ROS/ros_workspace/install/senseglove_shared_resources/share/roseus/ros/senseglove_shared_resources
[0.796s] -- Up-to-date: /home/rogier/SenseGlove_ROS/ros_workspace/install/senseglove_shared_resources/share/roseus/ros/senseglove_shared_resources/msg
[0.797s] -- Up-to-date: /home/rogier/SenseGlove_ROS/ros_workspace/install/senseglove_shared_resources/share/roseus/ros/senseglove_shared_resources/msg/senseglove.l
[0.797s] -- Up-to-date: /home/rogier/SenseGlove_ROS/ros_workspace/install/senseglove_shared_resources/share/roseus/ros/senseglove_shared_resources/manifest.l
[0.797s] -- Up-to-date: /home/rogier/SenseGlove_ROS/ros_workspace/install/senseglove_shared_resources/share/common-lisp/ros/senseglove_shared_resources
[0.797s] -- Up-to-date: /home/rogier/SenseGlove_ROS/ros_workspace/install/senseglove_shared_resources/share/common-lisp/ros/senseglove_shared_resources/msg
[0.797s] -- Up-to-date: /home/rogier/SenseGlove_ROS/ros_workspace/install/senseglove_shared_resources/share/common-lisp/ros/senseglove_shared_resources/msg/_package.lisp
[0.798s] -- Up-to-date: /home/rogier/SenseGlove_ROS/ros_workspace/install/senseglove_shared_resources/share/common-lisp/ros/senseglove_shared_resources/msg/senseglove_shared_resources-msg.asd
[0.798s] -- Up-to-date: /home/rogier/SenseGlove_ROS/ros_workspace/install/senseglove_shared_resources/share/common-lisp/ros/senseglove_shared_resources/msg/_package_senseglove.lisp
[0.798s] -- Up-to-date: /home/rogier/SenseGlove_ROS/ros_workspace/install/senseglove_shared_resources/share/common-lisp/ros/senseglove_shared_resources/msg/senseglove.lisp
[0.798s] -- Up-to-date: /home/rogier/SenseGlove_ROS/ros_workspace/install/senseglove_shared_resources/share/gennodejs/ros/senseglove_shared_resources
[0.798s] -- Up-to-date: /home/rogier/SenseGlove_ROS/ros_workspace/install/senseglove_shared_resources/share/gennodejs/ros/senseglove_shared_resources/msg
[0.798s] -- Up-to-date: /home/rogier/SenseGlove_ROS/ros_workspace/install/senseglove_shared_resources/share/gennodejs/ros/senseglove_shared_resources/msg/_index.js
[0.799s] -- Up-to-date: /home/rogier/SenseGlove_ROS/ros_workspace/install/senseglove_shared_resources/share/gennodejs/ros/senseglove_shared_resources/msg/senseglove.js
[0.799s] -- Up-to-date: /home/rogier/SenseGlove_ROS/ros_workspace/install/senseglove_shared_resources/share/gennodejs/ros/senseglove_shared_resources/_index.js
[0.812s] Listing /home/rogier/SenseGlove_ROS/ros_workspace/build/senseglove_shared_resources/devel/lib/python2.7/dist-packages/senseglove_shared_resources ...
[0.813s] Listing /home/rogier/SenseGlove_ROS/ros_workspace/build/senseglove_shared_resources/devel/lib/python2.7/dist-packages/senseglove_shared_resources/msg ...
[0.814s] -- Up-to-date: /home/rogier/SenseGlove_ROS/ros_workspace/install/senseglove_shared_resources/lib/python2.7/dist-packages/senseglove_shared_resources
[0.814s] -- Up-to-date: /home/rogier/SenseGlove_ROS/ros_workspace/install/senseglove_shared_resources/lib/python2.7/dist-packages/senseglove_shared_resources/__init__.pyc
[0.814s] -- Up-to-date: /home/rogier/SenseGlove_ROS/ros_workspace/install/senseglove_shared_resources/lib/python2.7/dist-packages/senseglove_shared_resources/msg
[0.814s] -- Up-to-date: /home/rogier/SenseGlove_ROS/ros_workspace/install/senseglove_shared_resources/lib/python2.7/dist-packages/senseglove_shared_resources/msg/__init__.pyc
[0.814s] -- Up-to-date: /home/rogier/SenseGlove_ROS/ros_workspace/install/senseglove_shared_resources/lib/python2.7/dist-packages/senseglove_shared_resources/msg/__init__.py
[0.814s] -- Up-to-date: /home/rogier/SenseGlove_ROS/ros_workspace/install/senseglove_shared_resources/lib/python2.7/dist-packages/senseglove_shared_resources/msg/_senseglove.pyc
[0.815s] -- Up-to-date: /home/rogier/SenseGlove_ROS/ros_workspace/install/senseglove_shared_resources/lib/python2.7/dist-packages/senseglove_shared_resources/msg/_senseglove.py
[0.815s] -- Up-to-date: /home/rogier/SenseGlove_ROS/ros_workspace/install/senseglove_shared_resources/lib/python2.7/dist-packages/senseglove_shared_resources/__init__.py
[0.815s] -- Up-to-date: /home/rogier/SenseGlove_ROS/ros_workspace/install/senseglove_shared_resources/lib/pkgconfig/senseglove_shared_resources.pc
[0.815s] -- Up-to-date: /home/rogier/SenseGlove_ROS/ros_workspace/install/senseglove_shared_resources/share/senseglove_shared_resources/cmake/senseglove_shared_resources-msg-extras.cmake
[0.815s] -- Up-to-date: /home/rogier/SenseGlove_ROS/ros_workspace/install/senseglove_shared_resources/share/senseglove_shared_resources/cmake/senseglove_shared_resourcesConfig.cmake
[0.815s] -- Up-to-date: /home/rogier/SenseGlove_ROS/ros_workspace/install/senseglove_shared_resources/share/senseglove_shared_resources/cmake/senseglove_shared_resourcesConfig-version.cmake
[0.815s] -- Up-to-date: /home/rogier/SenseGlove_ROS/ros_workspace/install/senseglove_shared_resources/share/senseglove_shared_resources/package.xml
[0.820s] Invoked command in '/home/rogier/SenseGlove_ROS/ros_workspace/build/senseglove_shared_resources' returned '0': /usr/bin/cmake --build /home/rogier/SenseGlove_ROS/ros_workspace/build/senseglove_shared_resources --target install -- -j8 -l8
