[0.025s] Invoking command in '/home/rogier/SenseGlove_ROS/ros_workspace/build/senseglove_shared_resources': /usr/bin/cmake --build /home/rogier/SenseGlove_ROS/ros_workspace/build/senseglove_shared_resources -- -j8 -l8
[0.105s] [  0%] Built target control_msgs_generate_messages_py
[0.108s] [  0%] Built target actionlib_msgs_generate_messages_eus
[0.108s] [  0%] Built target actionlib_msgs_generate_messages_py
[0.110s] [  0%] Built target trajectory_msgs_generate_messages_eus
[0.111s] [  0%] Built target control_msgs_generate_messages_eus
[0.112s] [  0%] Built target std_msgs_generate_messages_py
[0.124s] [  0%] Built target std_msgs_generate_messages_eus
[0.151s] [  0%] Built target std_msgs_generate_messages_nodejs
[0.154s] [  0%] Built target actionlib_msgs_generate_messages_nodejs
[0.155s] [  0%] Built target trajectory_msgs_generate_messages_py
[0.159s] [  0%] Built target control_msgs_generate_messages_nodejs
[0.172s] [  0%] Built target std_msgs_generate_messages_lisp
[0.172s] [  0%] Built target trajectory_msgs_generate_messages_nodejs
[0.176s] [  0%] Built target trajectory_msgs_generate_messages_lisp
[0.187s] [  0%] Built target _senseglove_shared_resources_generate_messages_check_deps_senseglove
[0.194s] [  0%] Built target control_msgs_generate_messages_lisp
[0.199s] [  0%] Built target actionlib_msgs_generate_messages_lisp
[0.205s] [  0%] Built target actionlib_msgs_generate_messages_cpp
[0.209s] [  0%] Built target std_msgs_generate_messages_cpp
[0.219s] [  0%] Built target trajectory_msgs_generate_messages_cpp
[0.219s] [  0%] Built target control_msgs_generate_messages_cpp
[0.225s] [ 28%] Built target senseglove_shared_resources_generate_messages_eus
[0.229s] [ 57%] Built target senseglove_shared_resources_generate_messages_py
[0.236s] [ 71%] Built target senseglove_shared_resources_generate_messages_lisp
[0.237s] [ 85%] Built target senseglove_shared_resources_generate_messages_nodejs
[0.252s] [100%] Built target senseglove_shared_resources_generate_messages_cpp
[0.275s] [100%] Built target senseglove_shared_resources_generate_messages
[0.287s] Invoked command in '/home/rogier/SenseGlove_ROS/ros_workspace/build/senseglove_shared_resources' returned '0': /usr/bin/cmake --build /home/rogier/SenseGlove_ROS/ros_workspace/build/senseglove_shared_resources -- -j8 -l8
[0.349s] Invoking command in '/home/rogier/SenseGlove_ROS/ros_workspace/build/senseglove_shared_resources': /usr/bin/cmake --build /home/rogier/SenseGlove_ROS/ros_workspace/build/senseglove_shared_resources --target tests -- -j8 -l8
[0.427s] Built target tests
[0.440s] Invoked command in '/home/rogier/SenseGlove_ROS/ros_workspace/build/senseglove_shared_resources' returned '0': /usr/bin/cmake --build /home/rogier/SenseGlove_ROS/ros_workspace/build/senseglove_shared_resources --target tests -- -j8 -l8
[0.533s] Invoking command in '/home/rogier/SenseGlove_ROS/ros_workspace/build/senseglove_shared_resources': /usr/bin/cmake --build /home/rogier/SenseGlove_ROS/ros_workspace/build/senseglove_shared_resources --target install -- -j8 -l8
[0.610s] [  0%] Built target actionlib_msgs_generate_messages_py
[0.613s] [  0%] Built target std_msgs_generate_messages_eus
[0.619s] [  0%] Built target std_msgs_generate_messages_py
[0.620s] [  0%] Built target actionlib_msgs_generate_messages_eus
[0.624s] [  0%] Built target control_msgs_generate_messages_py
[0.628s] [  0%] Built target trajectory_msgs_generate_messages_eus
[0.630s] [  0%] Built target control_msgs_generate_messages_eus
[0.658s] [  0%] Built target std_msgs_generate_messages_nodejs
[0.660s] [  0%] Built target trajectory_msgs_generate_messages_nodejs
[0.662s] [  0%] Built target trajectory_msgs_generate_messages_py
[0.667s] [  0%] Built target control_msgs_generate_messages_nodejs
[0.672s] [  0%] Built target std_msgs_generate_messages_lisp
[0.675s] [  0%] Built target trajectory_msgs_generate_messages_lisp
[0.678s] [  0%] Built target _senseglove_shared_resources_generate_messages_check_deps_senseglove
[0.680s] [  0%] Built target actionlib_msgs_generate_messages_nodejs
[0.704s] [  0%] Built target actionlib_msgs_generate_messages_lisp
[0.707s] [  0%] Built target actionlib_msgs_generate_messages_cpp
[0.709s] [  0%] Built target std_msgs_generate_messages_cpp
[0.710s] [  0%] Built target control_msgs_generate_messages_lisp
[0.713s] [ 28%] Built target senseglove_shared_resources_generate_messages_eus
[0.725s] [ 28%] Built target control_msgs_generate_messages_cpp
[0.726s] [ 57%] Built target senseglove_shared_resources_generate_messages_py
[0.730s] [ 57%] Built target trajectory_msgs_generate_messages_cpp
[0.737s] [ 71%] Built target senseglove_shared_resources_generate_messages_nodejs
[0.743s] [ 85%] Built target senseglove_shared_resources_generate_messages_lisp
[0.760s] [100%] Built target senseglove_shared_resources_generate_messages_cpp
[0.788s] [100%] Built target senseglove_shared_resources_generate_messages
[0.817s] [36mInstall the project...[0m
[0.831s] -- Install configuration: ""
[0.832s] -- Up-to-date: /home/rogier/SenseGlove_ROS/ros_workspace/install/senseglove_shared_resources/share/senseglove_shared_resources/msg/senseglove.msg
[0.832s] -- Up-to-date: /home/rogier/SenseGlove_ROS/ros_workspace/install/senseglove_shared_resources/share/senseglove_shared_resources/cmake/senseglove_shared_resources-msg-paths.cmake
[0.832s] -- Up-to-date: /home/rogier/SenseGlove_ROS/ros_workspace/install/senseglove_shared_resources/include/senseglove_shared_resources
[0.832s] -- Up-to-date: /home/rogier/SenseGlove_ROS/ros_workspace/install/senseglove_shared_resources/include/senseglove_shared_resources/senseglove.h
[0.832s] -- Up-to-date: /home/rogier/SenseGlove_ROS/ros_workspace/install/senseglove_shared_resources/share/roseus/ros/senseglove_shared_resources
[0.832s] -- Up-to-date: /home/rogier/SenseGlove_ROS/ros_workspace/install/senseglove_shared_resources/share/roseus/ros/senseglove_shared_resources/msg
[0.832s] -- Up-to-date: /home/rogier/SenseGlove_ROS/ros_workspace/install/senseglove_shared_resources/share/roseus/ros/senseglove_shared_resources/msg/senseglove.l
[0.833s] -- Up-to-date: /home/rogier/SenseGlove_ROS/ros_workspace/install/senseglove_shared_resources/share/roseus/ros/senseglove_shared_resources/manifest.l
[0.833s] -- Up-to-date: /home/rogier/SenseGlove_ROS/ros_workspace/install/senseglove_shared_resources/share/common-lisp/ros/senseglove_shared_resources
[0.833s] -- Up-to-date: /home/rogier/SenseGlove_ROS/ros_workspace/install/senseglove_shared_resources/share/common-lisp/ros/senseglove_shared_resources/msg
[0.833s] -- Up-to-date: /home/rogier/SenseGlove_ROS/ros_workspace/install/senseglove_shared_resources/share/common-lisp/ros/senseglove_shared_resources/msg/_package.lisp
[0.833s] -- Up-to-date: /home/rogier/SenseGlove_ROS/ros_workspace/install/senseglove_shared_resources/share/common-lisp/ros/senseglove_shared_resources/msg/senseglove_shared_resources-msg.asd
[0.833s] -- Up-to-date: /home/rogier/SenseGlove_ROS/ros_workspace/install/senseglove_shared_resources/share/common-lisp/ros/senseglove_shared_resources/msg/_package_senseglove.lisp
[0.834s] -- Up-to-date: /home/rogier/SenseGlove_ROS/ros_workspace/install/senseglove_shared_resources/share/common-lisp/ros/senseglove_shared_resources/msg/senseglove.lisp
[0.834s] -- Up-to-date: /home/rogier/SenseGlove_ROS/ros_workspace/install/senseglove_shared_resources/share/gennodejs/ros/senseglove_shared_resources
[0.834s] -- Up-to-date: /home/rogier/SenseGlove_ROS/ros_workspace/install/senseglove_shared_resources/share/gennodejs/ros/senseglove_shared_resources/msg
[0.834s] -- Up-to-date: /home/rogier/SenseGlove_ROS/ros_workspace/install/senseglove_shared_resources/share/gennodejs/ros/senseglove_shared_resources/msg/_index.js
[0.834s] -- Up-to-date: /home/rogier/SenseGlove_ROS/ros_workspace/install/senseglove_shared_resources/share/gennodejs/ros/senseglove_shared_resources/msg/senseglove.js
[0.834s] -- Up-to-date: /home/rogier/SenseGlove_ROS/ros_workspace/install/senseglove_shared_resources/share/gennodejs/ros/senseglove_shared_resources/_index.js
[0.852s] Listing /home/rogier/SenseGlove_ROS/ros_workspace/build/senseglove_shared_resources/devel/lib/python2.7/dist-packages/senseglove_shared_resources ...
[0.852s] Listing /home/rogier/SenseGlove_ROS/ros_workspace/build/senseglove_shared_resources/devel/lib/python2.7/dist-packages/senseglove_shared_resources/msg ...
[0.853s] -- Up-to-date: /home/rogier/SenseGlove_ROS/ros_workspace/install/senseglove_shared_resources/lib/python2.7/dist-packages/senseglove_shared_resources
[0.854s] -- Up-to-date: /home/rogier/SenseGlove_ROS/ros_workspace/install/senseglove_shared_resources/lib/python2.7/dist-packages/senseglove_shared_resources/__init__.pyc
[0.854s] -- Up-to-date: /home/rogier/SenseGlove_ROS/ros_workspace/install/senseglove_shared_resources/lib/python2.7/dist-packages/senseglove_shared_resources/msg
[0.854s] -- Up-to-date: /home/rogier/SenseGlove_ROS/ros_workspace/install/senseglove_shared_resources/lib/python2.7/dist-packages/senseglove_shared_resources/msg/__init__.pyc
[0.854s] -- Up-to-date: /home/rogier/SenseGlove_ROS/ros_workspace/install/senseglove_shared_resources/lib/python2.7/dist-packages/senseglove_shared_resources/msg/__init__.py
[0.854s] -- Up-to-date: /home/rogier/SenseGlove_ROS/ros_workspace/install/senseglove_shared_resources/lib/python2.7/dist-packages/senseglove_shared_resources/msg/_senseglove.pyc
[0.855s] -- Up-to-date: /home/rogier/SenseGlove_ROS/ros_workspace/install/senseglove_shared_resources/lib/python2.7/dist-packages/senseglove_shared_resources/msg/_senseglove.py
[0.855s] -- Up-to-date: /home/rogier/SenseGlove_ROS/ros_workspace/install/senseglove_shared_resources/lib/python2.7/dist-packages/senseglove_shared_resources/__init__.py
[0.855s] -- Up-to-date: /home/rogier/SenseGlove_ROS/ros_workspace/install/senseglove_shared_resources/lib/pkgconfig/senseglove_shared_resources.pc
[0.855s] -- Up-to-date: /home/rogier/SenseGlove_ROS/ros_workspace/install/senseglove_shared_resources/share/senseglove_shared_resources/cmake/senseglove_shared_resources-msg-extras.cmake
[0.855s] -- Up-to-date: /home/rogier/SenseGlove_ROS/ros_workspace/install/senseglove_shared_resources/share/senseglove_shared_resources/cmake/senseglove_shared_resourcesConfig.cmake
[0.855s] -- Up-to-date: /home/rogier/SenseGlove_ROS/ros_workspace/install/senseglove_shared_resources/share/senseglove_shared_resources/cmake/senseglove_shared_resourcesConfig-version.cmake
[0.855s] -- Up-to-date: /home/rogier/SenseGlove_ROS/ros_workspace/install/senseglove_shared_resources/share/senseglove_shared_resources/package.xml
[0.858s] Invoked command in '/home/rogier/SenseGlove_ROS/ros_workspace/build/senseglove_shared_resources' returned '0': /usr/bin/cmake --build /home/rogier/SenseGlove_ROS/ros_workspace/build/senseglove_shared_resources --target install -- -j8 -l8
