[  0%] Built target trajectory_msgs_generate_messages_eus
[  0%] Built target actionlib_msgs_generate_messages_eus
[  0%] Built target std_msgs_generate_messages_py
Traceback (most recent call last):
  File "/opt/ros/melodic/share/genmsg/cmake/../../../lib/genmsg/genmsg_check_deps.py", line 41, in <module>
    from genmsg import EXT_MSG, EXT_SRV, MsgContext
ImportError: No module named genmsg
[  0%] Built target control_msgs_generate_messages_eus
CMakeFiles/_senseglove_shared_resources_generate_messages_check_deps_senseglove.dir/build.make:57: recipe for target 'CMakeFiles/_senseglove_shared_resources_generate_messages_check_deps_senseglove' failed
make[2]: *** [CMakeFiles/_senseglove_shared_resources_generate_messages_check_deps_senseglove] Error 1
make[1]: *** [CMakeFiles/_senseglove_shared_resources_generate_messages_check_deps_senseglove.dir/all] Error 2
make[1]: *** Waiting for unfinished jobs....
[  0%] Built target control_msgs_generate_messages_py
CMakeFiles/Makefile2:1308: recipe for target 'CMakeFiles/_senseglove_shared_resources_generate_messages_check_deps_senseglove.dir/all' failed
[  0%] Built target std_msgs_generate_messages_eus
[  0%] Built target actionlib_msgs_generate_messages_py
[  0%] Built target std_msgs_generate_messages_nodejs
[  0%] Built target actionlib_msgs_generate_messages_nodejs
[  0%] Built target trajectory_msgs_generate_messages_py
make: *** [all] Error 2
Makefile:140: recipe for target 'all' failed
