[0.018s] Invoking command in '/home/rogier/SenseGlove_ROS/ros_workspace/build/senseglove_shared_resources': /usr/bin/cmake --build /home/rogier/SenseGlove_ROS/ros_workspace/build/senseglove_shared_resources -- -j8 -l8
[0.087s] [  0%] Built target trajectory_msgs_generate_messages_eus
[0.088s] [  0%] Built target actionlib_msgs_generate_messages_eus
[0.089s] [  0%] Built target std_msgs_generate_messages_py
[0.093s] Traceback (most recent call last):
[0.093s]   File "/opt/ros/melodic/share/genmsg/cmake/../../../lib/genmsg/genmsg_check_deps.py", line 41, in <module>
[0.094s]     from genmsg import EXT_MSG, EXT_SRV, MsgContext
[0.094s] ImportError: No module named genmsg
[0.095s] [  0%] Built target control_msgs_generate_messages_eus
[0.095s] CMakeFiles/_senseglove_shared_resources_generate_messages_check_deps_senseglove.dir/build.make:57: recipe for target 'CMakeFiles/_senseglove_shared_resources_generate_messages_check_deps_senseglove' failed
[0.096s] make[2]: *** [CMakeFiles/_senseglove_shared_resources_generate_messages_check_deps_senseglove] Error 1
[0.096s] make[1]: *** [CMakeFiles/_senseglove_shared_resources_generate_messages_check_deps_senseglove.dir/all] Error 2
[0.096s] make[1]: *** Waiting for unfinished jobs....
[0.096s] [  0%] Built target control_msgs_generate_messages_py
[0.096s] CMakeFiles/Makefile2:1308: recipe for target 'CMakeFiles/_senseglove_shared_resources_generate_messages_check_deps_senseglove.dir/all' failed
[0.102s] [  0%] Built target std_msgs_generate_messages_eus
[0.107s] [  0%] Built target actionlib_msgs_generate_messages_py
[0.116s] [  0%] Built target std_msgs_generate_messages_nodejs
[0.117s] [  0%] Built target actionlib_msgs_generate_messages_nodejs
[0.124s] [  0%] Built target trajectory_msgs_generate_messages_py
[0.125s] make: *** [all] Error 2
[0.125s] Makefile:140: recipe for target 'all' failed
[0.132s] Invoked command in '/home/rogier/SenseGlove_ROS/ros_workspace/build/senseglove_shared_resources' returned '2': /usr/bin/cmake --build /home/rogier/SenseGlove_ROS/ros_workspace/build/senseglove_shared_resources -- -j8 -l8
