[0.035s] Invoking command in '/home/rogier/SenseGlove_ROS/ros_workspace/build/senseglove_description': /usr/bin/cmake --build /home/rogier/SenseGlove_ROS/ros_workspace/build/senseglove_description -- -j8 -l8
[0.564s] [ 25%] Built target senseglove_description_dk1_xacro
[0.571s] [100%] Built target senseglove_description_dk1_xacro_to_devel_space_
[0.630s] [100%] Built target senseglove_description_xacro_generated_to_devel_space_
[0.653s] Invoked command in '/home/rogier/SenseGlove_ROS/ros_workspace/build/senseglove_description' returned '0': /usr/bin/cmake --build /home/rogier/SenseGlove_ROS/ros_workspace/build/senseglove_description -- -j8 -l8
[0.710s] Invoking command in '/home/rogier/SenseGlove_ROS/ros_workspace/build/senseglove_description': /usr/bin/cmake --build /home/rogier/SenseGlove_ROS/ros_workspace/build/senseglove_description --target tests -- -j8 -l8
[0.797s] Built target tests
[0.810s] Invoked command in '/home/rogier/SenseGlove_ROS/ros_workspace/build/senseglove_description' returned '0': /usr/bin/cmake --build /home/rogier/SenseGlove_ROS/ros_workspace/build/senseglove_description --target tests -- -j8 -l8
[0.856s] Invoking command in '/home/rogier/SenseGlove_ROS/ros_workspace/build/senseglove_description': /usr/bin/cmake --build /home/rogier/SenseGlove_ROS/ros_workspace/build/senseglove_description --target install -- -j8 -l8
[0.914s] [ 50%] Built target senseglove_description_dk1_xacro
[0.914s] [100%] Built target senseglove_description_dk1_xacro_to_devel_space_
[0.936s] [100%] Built target senseglove_description_xacro_generated_to_devel_space_
[0.960s] [36mInstall the project...[0m
[0.971s] -- Install configuration: ""
[0.972s] -- Up-to-date: /home/rogier/SenseGlove_ROS/ros_workspace/install/senseglove_description/lib/pkgconfig/senseglove_description.pc
[0.972s] -- Up-to-date: /home/rogier/SenseGlove_ROS/ros_workspace/install/senseglove_description/share/senseglove_description/cmake/senseglove_description-extras.cmake
[0.973s] -- Up-to-date: /home/rogier/SenseGlove_ROS/ros_workspace/install/senseglove_description/share/senseglove_description/cmake/senseglove_descriptionConfig.cmake
[0.973s] -- Up-to-date: /home/rogier/SenseGlove_ROS/ros_workspace/install/senseglove_description/share/senseglove_description/cmake/senseglove_descriptionConfig-version.cmake
[0.973s] -- Up-to-date: /home/rogier/SenseGlove_ROS/ros_workspace/install/senseglove_description/share/senseglove_description/package.xml
[0.973s] -- Up-to-date: /home/rogier/SenseGlove_ROS/ros_workspace/install/senseglove_description/share/senseglove_description/urdf/dk1.urdf
[0.973s] -- Up-to-date: /home/rogier/SenseGlove_ROS/ros_workspace/install/senseglove_description/share/senseglove_description/urdf
[0.973s] -- Up-to-date: /home/rogier/SenseGlove_ROS/ros_workspace/install/senseglove_description/share/senseglove_description/urdf/dk1.xacro
[0.976s] Invoked command in '/home/rogier/SenseGlove_ROS/ros_workspace/build/senseglove_description' returned '0': /usr/bin/cmake --build /home/rogier/SenseGlove_ROS/ros_workspace/build/senseglove_description --target install -- -j8 -l8
