-- The C compiler identification is GNU 7.5.0
-- The CXX compiler identification is GNU 7.5.0
-- Check for working C compiler: /usr/bin/cc
-- Check for working C compiler: /usr/bin/cc -- works
-- Detecting C compiler ABI info
-- Detecting C compiler ABI info - done
-- Detecting C compile features
-- Detecting C compile features - done
-- Check for working CXX compiler: /usr/bin/c++
-- Check for working CXX compiler: /usr/bin/c++ -- works
-- Detecting CXX compiler ABI info
-- Detecting CXX compiler ABI info - done
-- Detecting CXX compile features
-- Detecting CXX compile features - done
-- Configuring done
-- Generating done
-- Build files have been written to: /home/rogier/SenseGlove_ROS/ros_workspace/build/SenseGlove_API
[36mInstall the project...[0m
-- Install configuration: ""
CMake Error at cmake_install.cmake:41 (file):
  file INSTALL cannot find
  "/home/rogier/SenseGlove_ROS/ros_workspace/src/SenseGlove_API/Core/SGCoreCpp/lib/linux".


Makefile:73: recipe for target 'install' failed
make: *** [install] Error 1
