[0.027s] Invoking command in '/home/rogier/SenseGlove_ROS/ros_workspace/build/SenseGlove_API': /usr/bin/cmake /home/rogier/SenseGlove_ROS/ros_workspace/src/SenseGlove_API -DCMAKE_INSTALL_PREFIX=/home/rogier/SenseGlove_ROS/ros_workspace/install/SenseGlove_API
[0.101s] -- The C compiler identification is GNU 7.5.0
[0.178s] -- The CXX compiler identification is GNU 7.5.0
[0.184s] -- Check for working C compiler: /usr/bin/cc
[0.270s] -- Check for working C compiler: /usr/bin/cc -- works
[0.271s] -- Detecting C compiler ABI info
[0.351s] -- Detecting C compiler ABI info - done
[0.366s] -- Detecting C compile features
[0.650s] -- Detecting C compile features - done
[0.653s] -- Check for working CXX compiler: /usr/bin/c++
[0.767s] -- Check for working CXX compiler: /usr/bin/c++ -- works
[0.768s] -- Detecting CXX compiler ABI info
[0.877s] -- Detecting CXX compiler ABI info - done
[0.888s] -- Detecting CXX compile features
[1.313s] -- Detecting CXX compile features - done
[1.314s] -- Configuring done
[1.316s] -- Generating done
[1.316s] -- Build files have been written to: /home/rogier/SenseGlove_ROS/ros_workspace/build/SenseGlove_API
[1.319s] Invoked command in '/home/rogier/SenseGlove_ROS/ros_workspace/build/SenseGlove_API' returned '0': /usr/bin/cmake /home/rogier/SenseGlove_ROS/ros_workspace/src/SenseGlove_API -DCMAKE_INSTALL_PREFIX=/home/rogier/SenseGlove_ROS/ros_workspace/install/SenseGlove_API
[1.324s] Invoking command in '/home/rogier/SenseGlove_ROS/ros_workspace/build/SenseGlove_API': /usr/bin/cmake --build /home/rogier/SenseGlove_ROS/ros_workspace/build/SenseGlove_API -- -j8 -l8
[1.370s] Invoked command in '/home/rogier/SenseGlove_ROS/ros_workspace/build/SenseGlove_API' returned '0': /usr/bin/cmake --build /home/rogier/SenseGlove_ROS/ros_workspace/build/SenseGlove_API -- -j8 -l8
[1.410s] Invoking command in '/home/rogier/SenseGlove_ROS/ros_workspace/build/SenseGlove_API': /usr/bin/cmake --build /home/rogier/SenseGlove_ROS/ros_workspace/build/SenseGlove_API --target install -- -j8 -l8
[1.477s] [36mInstall the project...[0m
[1.493s] -- Install configuration: ""
[1.494s] CMake Error at cmake_install.cmake:41 (file):
[1.494s]   file INSTALL cannot find
[1.494s]   "/home/rogier/SenseGlove_ROS/ros_workspace/src/SenseGlove_API/Core/SGCoreCpp/lib/linux".
[1.494s] 
[1.494s] 
[1.495s] Makefile:73: recipe for target 'install' failed
[1.495s] make: *** [install] Error 1
[1.499s] Invoked command in '/home/rogier/SenseGlove_ROS/ros_workspace/build/SenseGlove_API' returned '2': /usr/bin/cmake --build /home/rogier/SenseGlove_ROS/ros_workspace/build/SenseGlove_API --target install -- -j8 -l8
