[0.035s] Invoking command in '/home/rogier/SenseGlove_ROS/ros_workspace/build/senseglove_description': /usr/bin/cmake --build /home/rogier/SenseGlove_ROS/ros_workspace/build/senseglove_description -- -j8 -l8
[0.103s] [ 75%] Built target senseglove_description_dk1_xacro_to_devel_space_
[0.104s] [100%] Built target senseglove_description_dk1_xacro
[0.157s] [100%] Built target senseglove_description_xacro_generated_to_devel_space_
[0.184s] Invoked command in '/home/rogier/SenseGlove_ROS/ros_workspace/build/senseglove_description' returned '0': /usr/bin/cmake --build /home/rogier/SenseGlove_ROS/ros_workspace/build/senseglove_description -- -j8 -l8
[0.253s] Invoking command in '/home/rogier/SenseGlove_ROS/ros_workspace/build/senseglove_description': /usr/bin/cmake --build /home/rogier/SenseGlove_ROS/ros_workspace/build/senseglove_description --target tests -- -j8 -l8
[0.323s] Built target tests
[0.335s] Invoked command in '/home/rogier/SenseGlove_ROS/ros_workspace/build/senseglove_description' returned '0': /usr/bin/cmake --build /home/rogier/SenseGlove_ROS/ros_workspace/build/senseglove_description --target tests -- -j8 -l8
[0.382s] Invoking command in '/home/rogier/SenseGlove_ROS/ros_workspace/build/senseglove_description': /usr/bin/cmake --build /home/rogier/SenseGlove_ROS/ros_workspace/build/senseglove_description --target install -- -j8 -l8
[0.442s] [ 50%] Built target senseglove_description_dk1_xacro
[0.443s] [100%] Built target senseglove_description_dk1_xacro_to_devel_space_
[0.465s] [100%] Built target senseglove_description_xacro_generated_to_devel_space_
[0.486s] [36mInstall the project...[0m
[0.495s] -- Install configuration: ""
[0.495s] -- Up-to-date: /home/rogier/SenseGlove_ROS/ros_workspace/install/senseglove_description/lib/pkgconfig/senseglove_description.pc
[0.496s] -- Up-to-date: /home/rogier/SenseGlove_ROS/ros_workspace/install/senseglove_description/share/senseglove_description/cmake/senseglove_description-extras.cmake
[0.496s] -- Up-to-date: /home/rogier/SenseGlove_ROS/ros_workspace/install/senseglove_description/share/senseglove_description/cmake/senseglove_descriptionConfig.cmake
[0.496s] -- Up-to-date: /home/rogier/SenseGlove_ROS/ros_workspace/install/senseglove_description/share/senseglove_description/cmake/senseglove_descriptionConfig-version.cmake
[0.496s] -- Up-to-date: /home/rogier/SenseGlove_ROS/ros_workspace/install/senseglove_description/share/senseglove_description/package.xml
[0.496s] -- Up-to-date: /home/rogier/SenseGlove_ROS/ros_workspace/install/senseglove_description/share/senseglove_description/urdf/dk1.urdf
[0.497s] -- Up-to-date: /home/rogier/SenseGlove_ROS/ros_workspace/install/senseglove_description/share/senseglove_description/urdf
[0.497s] -- Up-to-date: /home/rogier/SenseGlove_ROS/ros_workspace/install/senseglove_description/share/senseglove_description/urdf/dk1.xacro
[0.502s] Invoked command in '/home/rogier/SenseGlove_ROS/ros_workspace/build/senseglove_description' returned '0': /usr/bin/cmake --build /home/rogier/SenseGlove_ROS/ros_workspace/build/senseglove_description --target install -- -j8 -l8
